<?xml version="1.0" encoding="UTF-8"?>
<robot generator="Robot 6.0.1 (Python 3.11.0 on win32)" generated="20221215 19:55:07.539" rpa="false" schemaversion="3">
<suite id="s1" name="Registermb" source="d:\DATA ADIK\QUALITY ASSURANCE\test_google\registermb.robot">
<test id="s1-t1" name="Open Create Account" line="41">
<kw name="Open Chrome Browser">
<kw name="Open Application" library="AppiumLibrary">
<arg>${REMOTE_URL}</arg>
<arg>platformName=${PLATFORM_NAME}</arg>
<arg>platformVersion=${PLATFORM_VERSION}</arg>
<arg>deviceName=${DEVICE_NAME}</arg>
<arg>automationName=UiAutomator2</arg>
<arg>newCommandTimeout=2500</arg>
<arg>appActivity=${Activity_NAME}</arg>
<arg>appPackage=${PACKAGE_NAME}</arg>
<arg>appWaitForLaunch=true</arg>
<doc>Opens a new application to given Appium server.
Capabilities of appium server, Android and iOS,
Please check https://github.com/appium/appium/blob/master/docs/en/writing-running-appium/server-args.md
| *Option*            | *Man.* | *Description*     |
| remote_url          | Yes    | Appium server url |
| alias               | no     | alias             |
| strict_ssl          | No     | allows you to send commands to an invalid certificate host like a self-signed one. |</doc>
<status status="PASS" starttime="20221215 19:55:07.911" endtime="20221215 19:55:24.407"/>
</kw>
<status status="PASS" starttime="20221215 19:55:07.910" endtime="20221215 19:55:24.408"/>
</kw>
<kw name="Click Accept&amp;continue">
<kw name="Click Element" library="AppiumLibrary">
<arg>xpath=///hierarchy/android.widget.FrameLayout/android.widget.LinearLayout/android.widget.FrameLayout/android.widget.LinearLayout/android.widget.FrameLayout/android.support.v4.view.ViewPager/android.widget.FrameLayout/android.widget.Button</arg>
<doc>Click element identified by `locator`.</doc>
<msg timestamp="20221215 19:55:24.414" level="INFO">Clicking element 'xpath=///hierarchy/android.widget.FrameLayout/android.widget.LinearLayout/android.widget.FrameLayout/android.widget.LinearLayout/android.widget.FrameLayout/android.support.v4.view.ViewPager/android.widget.FrameLayout/android.widget.Button'.</msg>
<kw name="Capture Page Screenshot" library="AppiumLibrary">
<doc>Takes a screenshot of the current page and embeds it into the log.</doc>
<msg timestamp="20221215 19:55:26.238" level="INFO" html="true">&lt;/td&gt;&lt;/tr&gt;&lt;tr&gt;&lt;td colspan="3"&gt;&lt;img src="data:image/png;base64, iVBORw0KGgoAAAANSUhEUgAABDgAAAjoCAYAAAA5jhrUAAAABHNCSVQICAgIfAhkiAAAIABJREFU
eJzsvXuwZUV1P77OPGCAYXAAheEhKvISUVBKgozoKGDCG8QHAr7LQhNwVLSopFRIKqbKKiWCIDGC
QSlFw0NBIgRIiKiUPHTklTAgjMMoERzeOMAwc39/WPv+9u3ba/VnPXrvc/Pdn6qpOWfv7rVWd69e
67P6nrPPiIgmiMFoNCIioomJfJPSfa5P2r59LXdfC0mGRj5il8VeSVYbktyS3uZ++j8qr7ROaBur
7USy33l9JJVl9UFufqN9GpWDrrdHByKDaPr6Rds2k+a1pMcyNmssk95H67W07xPIPBHpcl4qJ5WB
5MQGkfNozV05W7g42rSzzptkZynOaGShsjVyIvaJl19I+xrhNBbe44lL0j2U00TGxXGAN+c0QPYr
uje6yrtIW8kvasXOLqEZey094wBvfPT4dxdzUzsW1aibasjW6C21mT0ajU7TKpCu5e6X+iP9ItAO
BpEyuWvpvdz1LsZdsktqi8pt/nnBFRR9zJOmfS6hRslv64ic5z7AJQ/pPdcP6eOVK/WNQHQsiBqz
NY5r7Kjd1gONDVq5pT8YzFREFr1d5EhU7jjHW2Qfcjk1Wi96LQKWfBCp29q+9h73xqZomTk5iE9K
HDrlm1qumpPH3bfK5eR3jRp80SuzVr1Yc6674h0aGyLlpnspes9z76ORxpjZRHRa+6ZUrGpJSiSi
k6dXHrIxNUWvFTWIuGadS308Bb+mGPCQ1YiCJXIj55JJ7q8sUjCykBUp8eRigqcItqyXxU/Qflzc
85DZ0r2c3aU1sNhU0snps7ZBZKBrYpWPXq+RyMe5IO5KH1p454qVWn8Jitjfmj5af5Nsi+QmVvke
H4/M17XhyWs1YYn/Fh6QttMchnO8QbuvI+fYyhtQuaWcmnIM1Ma0WCu1R2xFr1tRM8d65HfFmRD+
5oE1pyC2tGuZmjm4Zr/U9ikHHCXB0utoJ6s9ETVQQ7c3YGiJBFpgpOsf8fE4NAhr9EUF3IjiUqPf
0qZEQNsBDAG3JtFz4C0y0LlCfCzio8AluyJjJbpvkPlCiH1tklqjuOiiOEQ+0u/V7y2YrW2sMiT/
sx5IRtkWBS9xbr8uHVzXLh5KMr26uvDHyALD2j7NNdExDc37teJ1F34QoackG/lUk3Zuc/k4gsNH
/rE0gtdJ/BJtX9JZy888taXH3j5rUwQ18osltkXqZA84rBswGuOQVD0bIhI15wJJxpbA7Q0ypaK8
Fhkr2aSxw0O00v7WJJTbo+l9T4JDSZcGXoLqRZdxIWps7X3c5fdprcUnQhoikp4HFlKjKVK1utE4
HP2MCEkOeg853ODIvJcMR/pQV/r69v0UmsK9JEcrQxMLSrwB0e1ZY22xp7WzBrfM8YOIeFXSg/T1
Ft9emZ4+kpwu1rYWcvHZGxu8+X6mzB1RzEFT16idQxF+oInLU57BYQ1m0Zs+Gh5H0pLAKFKD3qsd
EHKFao3kqnFaTxKNgqegq4Hc3JQOMLoKpJa9h65hqcDU6o2GdexdgPMVqa21mG637XJ8XRe+EfLb
c615MCQnC5kHyRdK/aP8WetHVh0RqB3HuWuaPavVG0W2rcWoZQ0Rv0T2hnWcyNcPouCVz81HLV4Q
Za9FHtc34qAE8SvufuMn48pP0/+lMeY+AYN8Mg+RyclHMFM4l0a3J0bl/kfsq1UzeGQ0foHy+8lP
cHjIBXfNitLG8i527n1Jp1eXpp/nI85WnRpbIvUhOqSkkFvTiO9V5mSX2kfC4z+eYiQnAwl0Gp1e
H7cWjJa+XejuujiTZHPxtc+9gMiPmEOtDzf/R5Bm9D7a3kpMLPHTYnPknrTY49HfFxnW5ECrDvS+
Zb9ZeVtbjkRwc7wC5RdpMdVVrJbGER1zI/wc3btpsSrJ9dpVI37k/EabO7xxqGaMRJDbF0ifiDY1
gMa62jFRCy7meeJpBCRO1Kcdbah/RQUVHDnICFmSk4wDNJsqgiREyi5t+AiZkZu5xppbEpw1KVph
KV76hNUv+4g9OVtL8x1VbCN90P4aUmfR1UVSji5CpP6RH7fO5SjtHoiK7aguTUwZl1yLoFTkSuvu
GWfJb3I51cMHon9dBdWbvo4q5rQ+GQHkIEArDx1DlK9ZxiAdYkTY5JXb9wFBn3pTaDkDVy/l+jV+
Ys2HJdma/qnPWjm2RV9XvMOiA4lH3gMKZO9a2ngwecDBKc45DGqUxtlqBMgoQtfewGhfhKRaCxxE
Tm49c3/RkAJZlMNL84YGm5qERTPX3HVpPbSb2BIoPb4+Lkm4gZfUoH+Ny+lLX1sORbVkAr3v7VdL
f0mmdg208lNdEbKRfGAl91JctBQ2tfevJQ9ExLc+oRlzl+PR+LfW9ug8H83tcrL7QFrUaH5hAeU8
XrsQe6S+tTkXYlO7TTQn0Pb36I6SgdxD8iziJ5rnJEX86lkf3CRKR41+Hs5iiUlaHZGIqEe4PsVf
UUGFd/mdMnRCIidKM0YkQCD2del4XRMGa9LxJoycH9VOPpy/Rj9Mr0R+o8h6jgz1AcSGiNikIX6I
Pu/ceQsJr85cUhz3ohWNtenhRa5drZ+xjZJRs7BE9Ft1Sz7V9SGC9ZNXiGwvoufCekBRyjeIzghZ
iB6NL1mKv6iiuXZcRQtgKcZ5rlnssfAki95cjsuttzUu9ZkvPGjPhdTG+mlGrg7g1qD2noiKRci8
cfoj6+laMaWL2OSt7bMHHFFEuQYJQuRFLWhbHvowKTRgS4kSCawlHZyzWJMOF3i4+9y1kp5SG7QP
OlbUJo28iACpTZyI70fbgBZSlv0SSV76LPSQdpEJthaJshQ5nj2D+pYkp2tiyMVEa77wjsW7f7Xx
OZcvJXm110e7j9K8y/X3Pj+oRsyz2pK7ZokF0v6tHbv6QBfkPtdGExOsMSPyGXDjtvY14mjt/rXl
NTJL+9padEuxIfdpcotcJK5GzFsX+0DzB7Ia90v9pBgUzdu9Bz1THjJamxxGOppHv7aP5a850Zut
RLxKuqVxpOte67Q0JT2e7/tHbSxNkV774XsaOV0Fc2me2+tYsyj3Bs2IX0GKmNdocmWNPRZEJ3ZL
/Ev7lUhN6WciI+zyyOJioHbfIEV7l/DslVLfXDxCi0NORkkHisaW6IKoZh6RdFoOKZr2XG635gnN
mpVyliQDtSXqQeYeGZpPklnmvXZebr+u9QlwzV7qqy7RAM1r1v0a5ZuWPtbCvob/RMQktI0GkWMt
xcUa9bqF3+T6luQ094pfUemK8GnvaZyrxkJp7KilWwuuSLCc2EcVgujaRiXEnBxJXo1iEcE4+AuH
mkWjdz/VSCh99I2QySUBtBCLjMma4iG6wNPozRE9y5ynMUVai5KOdL1y8r3QrE/u//b9iIeOcvPP
5QFPju8ilnN+3RWx9ALZlzXifCTG0TdSPQj3Se95nwUU0UabS8ZtLVAO2MU4S0DWPHovSvE+Crl5
ttqGrJM0d96Hrdesm9FcHa1Xc7+LnNrUbtI6ws/g8GwkK1ls2nv+cl4KBhqCycm3yMzJRexArnF9
pSf0RyKSfPe5iXL6InRaiUWuyEHlpXJRX9KO2RMUOd1emZ4Enl6z+KOlkEP6ats2cxnxpHNNHyQe
WMeOxm8NUnv7IBPRBAnxja7yg2QD2ibN654HC6P3kDXKtfH8ZTKqbdRaRhQFOV9D9aD3xw2lXOaJ
813OhcW/UXk1xqXlSJE5sDQ31sJVqkcQeOZVu0Zd8eVaMrz8rM+9abXDUldY9ESgnUtyul3P4LAa
g7TrC5wTc59ykIiwpZiL+sk9jbNzm5hr500W1iSvIcDRsKyNJ6jmig3EB1HbIoAmZEk/WiR47dCQ
B0Qn16ZGwsvtSVS3Zb5L1y2IKrZKhYJFh8WPNbK1bUt5JVLn/ytAfFy7NzSf9uH2LScHtQOFNlbV
Irecj0dDy3/S9YkotqP3oTem1ThA0Mjqkjda1yvi4cIIhxjHGK3xj/YYPeON3lfaXD6O66CFt97o
W3ZNuZM/E2vpHAlr4ks3GLqRvJsAsTNy89bciGhhFPEsEstBAdcvIoGgibmrX06wEj/NOEpBy1qU
cdeQIkG6lpPhJWtRRa3WDu8BQ9RBAafPS85qF2nWvRGx3l4irV07K2HUxuka+yBavkWmR680v+gc
R8x1jXHOtMKLCOcoVlnNdfSTQN544s0DmjYef6yxh7T9a3Dirvl0tH4kl3jiQsoVEXncnrDk7Sj+
XrK/NHfo3oniZQj/4vR493JkzTQuUP1MLFcgaRbDMjk1HSZysaSCPKowtoyjRhLzJn9tYdDH982t
snOvkfaafki7UnAuHRgh8nPfgY98YJUGiP3cNe2+qrWnvDJKcqLXpESKPDpz/hslW9IRIVej23rf
I7+mbC+a/VibV3QBKwHvgq+g8lFbZtIa1OJ9VtkIX5TWofS1Q6RNBLS5p0Y9EF1satqi/Cea00YD
nUMrx42Apcbqq+6oVXN0ITNy/S31uEc//JBRdLEjnayPhFmz+JV0tv+X2uSuW5KjRxcCrw3tNjU+
uYH0T9eli6KgJtnQ6KlRFCMFa66P5EvWQw0PuFgYHSstBR5KsKx6tXtYSxLS9c7FNnTevEVijVxQ
cy9ZdaTzXcNvItp7+0lyasj0to8uDiP2qjb/12rfJbS50nKQEM01EB3N6xpfG7fG3ohxj6MPcUDX
W8u9LVwbkau53icickskD2q3qzWPlv5RObAP25G+0w44vJNUq32tgFkK9l0UCVFym/sRD2X1EBOp
yMq9jyokukjWyHg8ujR923OvXa9Sm6jneuTmTmuvRBijP9kzLnKix9YFvEVY7jDD82tJno+bI4VK
DQLUJbj18v6ldyYXKVFELSLOejhEBCez5pU2h6j1AErumiTHc3iQzkVUIYTyJkQ2cs/LD7voN466
Ig4gNHxO6qPly9FrHlHbIPkR3W/c+xo+oeW6iKya9iKIyCW16l2uP6rPfcCh2Twe5496boNFf3rP
W7RqDhBK9iBtu9o4Vt1SMkbkWPRGHzxog5vUrquAU/pfC8scNG1rBflaxVYfychCsLn+44S+4pOF
cEbqL7Wx7iepT6395YkZNQhQDdTK2VYb+o5Ltdat8QnrQ721PtlVcYyOKdfOM5YInpG+ttQJlnvI
fa98DawxoLT27boAaSfZZInJfce2vvXPBMyUPIkCPajyQP2QUQldTGAEIZopiF7w3NyV5hMJllHk
O70f+Ysy0ji9CVTTzzPumgGurberBKYl6Jz/eu0Yt/7cvEi/olPDhzWxNqpdBNm19B/HnFIzLkXJ
s+7HyEOj3HOAJB01fKiPwzCPPMnertaw7/4lmbULRa5/jV9QQvmbJ+Z7uXlNn++qNrHoRbiutK4R
nzq3zFVfXMiquxQDkVhYa26i58IT13PtJf/g9r0nfrb/94wl5CsqKKxFJho4rSQjor03uP9fRPSh
SK6/NYlp21oPHbSBy5IcveP2kiq0n2b/RyQw9LrXlzx9NP0jCreSv9Qs/ry6OD+tQWSROdLkmy5z
g2WNPXOY01ezuNDEXMn3vGPW3PMS2La9Gt9sXnu+6lWyD7GBk6m51we4uUPyaPt6RMHB9Y3gAH3C
UzTWiC1aPeM2n13BEtMicmV7n9XgaeOwnl1yilp8fxyg+hWVHCIHqQl02sOMWoQrgmxZbLIkNG9C
RROpdZyaAq3W8wnGcdNaEruW9Gj1l9rlElutZ2lYE630nJioZ/Gk/SXSX0raEfsYRcShRO0Dn6aN
9SHEEplFZWoLIAssucH6bIdoW7yyNXEk1y/SB2sUWG07a/zsfLSMyBiEzmdXPmf1NamtJbf1uc7e
NZGuR3GSqOKvq0K3T06p5W4ajh/9yZEodHngZ+FJkn01c0yErAjdCBeOyjPwAUe0E/RxMGKVZXXi
9L1UwEQuKmJTRHBvJy1p3iwFMoqoRB4hp0ZCRAMlMtddBP2otY7whXR+NMVEpF1a+WihUzNepHsa
KfSi9zniI55CXnM40TeicqjH9z16o+DxvZp5VWuXdw9Ex8/oPKbNQ7ViWPt1zfVvczuLL9bkSF45
yJgiYnWOS0o8GtGLQuKxki1aHV70wT+i59hyj2tbc18jQGzuKzdp/BWJydq51nDZ3PWmvyc2qj7B
0VViitBhWQyLjui/PNdMwoie2kWT5joiT1PgSISnlFi5Ntbf4dbOcynRa/qW7pUIm7SOll9fQefC
ErA161ODZJbG5iVNqA0WItC2vcb3wlP7ImTVBuJz0cUn2qfvuZEQaX/NvB5J5qWvK1j3k6VAsOiJ
7ovk0yh7onlGTkbUHo7kW1G21fQjjRwLv46OgVIO7PJXznJra4mXpX3DFZTtvYoWw6hNbd1oew26
qGWia1RLfEPl16wlvHZHxx72gEMzCcgkov0s1xEgG7vUL4qA5UiOB9GETwp0GtQk3Ln566oIiC5K
IwvmKJu6Ro5AdEWktH2t8S5tNxP2mVbfOBXiXdvS3ptSDpMK34icWKtgtuRCq/72PUus83AS7dj6
8rNIHeOUL6IPQyz6LG2s8hAuGH2gYu1fS6/Vp7nCP4q3c/Itf8jhrlnXtvSJ8PS1peZAcz0yPzW4
N3ffM+amX418V9KpuZ62KXGIXHtEPsJL0HmOyMGatXB9RaVG8W/pYy0uNHIQ50MXDynMSw7o3cAR
kAiwR07uuma9IuwojU0z/9L61gicXp+wkCDrWJp+XX5svqtEm/OZrn6PnmtriVdauVw/z75Ek7FF
NiIXuY98BLv0HJpo38wRvghI8VDTz9I2Ms/kiHn0nrPC018bjzUE2cP1otdUkhO1jlHQ8AtEhnTf
k1ORgga1x6oHkc+NsQtOjPoWx/cj+I4npteOwxpeUOobvY9rcQiLfAtPisxB0h6Kyl9c3NPKl3gN
h9lEdFousXkdB0mYEUG9RBpRIAst6YkkqBb0SRwt8PqaVket9txhVa3A25d/1YYnIXYJT3HV5XM/
NH5YSkQWW7oo7iJylOcvTeMStxB56ANs0/feAsaLaP3jEE88pN/TLsfPNLIi+BQnh7uG8EhEJ4JI
3/DwMeu8W8dv9S2E80rxBolJpWebeONUnzFce0AwDrGrK6S+rC2Su8pbOR/VfpIB4SRaG2vVHxYZ
NfwWlQl/RYW7X3si0yAaQbw4Hc1rD5mIKtA8G9dS3Fh1IahRQNVE3wWOV3dXh11S39I+6nruNPs6
Sl9UP21R6oUnyUYQMm1xpJXdRZ9IuVHz7ClIrO1qy9DoiCKPEbak76P8OqcjggdIvmORb4ldNclz
xOGANsfk1r9GzNTYIdnmkWdp5y1S+yyscu1rHcJEj1Mbp2rkVEv9WZNzcnMSEbejH1XAxer/CzWX
FrNHo9FpiFKN43g2QXRRXUt+BKIOIrR9PIWRh+BEP/06IgGOQ8GE7K0cUefWwvvTdohdVnjiSF9E
q92uJslG9I8z2n7p2e9RRDCaeNWIFTmfqu1j40D8c/1q+nckkeTka9vVKniQ9uNwoFC6V3MvprL6
+pqvhFxciMyBiC/WKMAiZWg4UO2DAkvR2+ahEflr3BCR963r5t0raPzTHLJodHrs1+7b6Lie+rVn
jrS6268nP8GBBjvpPqrc0lbjxFIBiNiCBhoNSZDmF9k0ufvaIt3TrgbB7jKARwVBrp92fSNQe/60
PhZtT7Rfe8AV7EgiidxPXa05olcTRzXxrPZzSvo8QOBISO3ivqYMaxHUZfGEcBoPuUR01iqkvaQ7
oghJ76P5QloX709Ao/cs5DvnK16O0WUM8PpirfzVxR7U2mRpi/pQF0Wol49Kfh29XogtKSe11Ise
u/uuW6z1t9V30Zie82fvXGl8N8fJTV9RiUwuVnSRDDjCbdkQ2kCGnEB7SICG+FsCCQJN8RwBLwHJ
tbUGG027CJ2oDZ7gGfVLRJF+JumuTaZK99A16DKhcvpzhXjfib4vdJnD+iCXkq96CD5nc9d+FEFo
ubmPKID63u+1+5XkILym9AesNF5FE+1aiOATHk6FcHstn7XosfYr7ataz8nT+Jl37LU5aN+5tlRv
WH9xKMJvc3qieF8t1Dh4sOhP86QlV2rtdv2KCnevdrHQ3K8VqJDkmrsu9Snd82wElARrZOZkRXxH
tev+fQG1W9r0pX5o+2gy4SH3XRCACFjszO1lDSHzjNuiW2pXe695415tkmeVURpXzb1YC2nsR2OO
5WBA47OWnJsWv1H5t+/c5Cn8LP0sfADd1yV+lSuyaxatNWDhB5p77TYaP/YUQtaiJe0/zsV3G1pb
0Bg+TmOUUFovdFycL6D7W+ujHjmoj0fHY00u9SDa96x1o0a+dG3KAUfUhk3v1Zw0LTFC5ebuIdf7
JKLReiP9oXTfkvC5tR+XRFnbF5DggRYnHhLUBZA1zbWvaY/2oXvjmIQ062n1F/S6teAtjSE6DmhI
HXrfStKiyF3f/WYKqSea7psRMVGzppGch7OheY/yoT7iIIda89Knj1pjIyfDct+rR+MjXnu68DHP
3ijJ9tjlbaf1ky73hSWmWHO89T7KyzX60DZRurpCNJdNAX2Cw7vhLN8zzgXxrham9qR7ZfQR+JH1
0BahnJ4uH3xZw6eQRK5N9lY7Ih5GqtEnvdfK0CSt6CQmyc/NXam9xgak+Nck4C7iWR/FTMQeiigm
rYXuOBV6nrzQReFU8meLDV67UJ9HfceiN3JuSzFO6lcq9vrgcZw+bs6jDjJKfhElv8vC2Sq7ZkHq
rSfQNrn3lj8KaIHsmag17ftQRasrqthH29XeO108FNdal9QCuo88Nk074OgzEbX1dv1XYm7x0YId
KSI1QZa7xhVXEWTWQ0asm3ScoJ3HtG8tWei9tB16sIgkdKQ/4rslaAoRTnZfxM+T6KPnRmtTrn2J
2NUsihEZtR/QieiIILveNbSMP7cGUeSv75ivKUiiik6rjGYdavEdLi/V2NsRHCSqfVTfGnK1sb7L
/FRzL9eIYxF2IAcb3pxlGbu3JkllWH0qIlfXQm5MNdbJI7ur8fch17KXIu0o6REfMmpJeN52SLLv
Mug2bTTkFNkMpUJiXFCLXFvkjNO85GDxha6Tfh/zHJ0guyhGPIkzck3bunMHm9bCqOuCIZ1Pr919
EnFN/y6Lk0iZ4zIHJTkRubbmAUMkvAReO87IGDHuuVuClsRzPibJ1NpQE15u2mdcac916cDCqz8a
EQU6J9Pb18pZPG28iMy96LNpJP+T7Is8nEH1luLSONYBWhmuZ3CkypFrXvkRZKRmcmnbp3F2pE2E
3ZxNGvvGgfyWEq8lIEfqR/tH6K7Vp09EkKQoP2u+5tNlEYTu0fS+N4agcTyCtKOIkBsRW0vzK5Ee
iy6trOj87UXtmGMp2KMOBGsWcTMBWh4RFS+ieKY2Hkh6axeRNXKPtWBFP6U7jhyly31p4YPcpwU5
P7MUfFZYfT26YPbmTs2ceWu2rsbrlaXhfO3XNero0hq5DjiiEVkIc/e0pFMKJCW9NZwZTfrjSEAj
+lu/1pKue2RxYQFCQrwkT+vnXnRN1GsEzGgbNMmxj0Inck9LRKvL5+SUEBGXS6QyHXOfRWwXuqPy
EOJPVju4v6pxOi2HFFxREfkp06iYUwvaWBYV+zz7OmrOogsire4++nd10JBy+Nq/tuD9AQG0Te1c
oakZrAcTXlus8c8y59F+nvNPrl0XPCiS26Pzq/nxAsk+dG2tMaC0hvAzOCyT6iEwEe1LJKiGc/ZF
PmsVuCVdiC0e/bVkRB6IaJJnLqnXmk9LkkH3Byq/doIt6e3ThhJqJypURqmIQ+ONpyDxIroYQOLA
OPiTpQDz5twuyLLFxtrPsahduJTk1ly3xo9yfSLmdZxiQ7Q/1xqbN7/2OeclePyqD9sj65Qa9pf0
cQ+bl/rU5N9RQMaGHmQgurS2ITpq1MmcjMgciR5YoPMc7Suj0Yhmj0aj07STX4vwWOVaNq73QZ0a
Xda+NYE4W9RmiJzbCJ+IGJvmICDKBu8+1cq2EG2OKHP9I4J77YKtdnFrjV+W4hZta/HNtPiz7vsu
C5DmftTPjkcVp10htxfHzdboIjF676LxLN0Tmj3C7UntIcYAGRHxyionSlZEDMr5qlWvFpb9oZHL
XfPmqy7qF6m9pwC3tItYG028knwRicHI+kTkwLQ2iOb67Ta5fFJqPxNhXd/sV1Q0xZs38ElOjDzY
pUZCL22EnKPk3vfx4DJLUK2dvDQBWRtgugpaKKKLs5x8pGCT+moTpDbRaH85iENja19fDZiJySDa
13Py+pyXyP2tJfy1IBFIjT3eGK356WOrjkh5EYgqFrT6+uIHUajBB/qQ58lLUTqRvRwxZ9YYHu2r
kh2SLi+fT4vBmQq0oNXI4u419/uKVdoxor5aaofkBQvfiPQ7zVi7atNuG81REJ0pTM/g6Co4ICdS
RCQWQLVIlcchkDFpNpJ2zOjhUSQsmxtJRl0nqlrERpu0PMEjqhCMIAsemz1+EUUYo+fAK88TN2rD
W0xaiHYUAYyY15lErr2FRim2teVH7sUac+shtYhMa1+NH2r9OCL+cNeiOFpUHqslT2rr5aXaAsJ6
SKHp54lvzXiQr+xKukuyufa16gTJpog+3jji+eNRl/vFos/bryTTcrjg5UBcX20sr80NrfGmZIs2
xkwecNQkmTkZ2gCN3u+jj5VYoUTRekqHJIqagbw22YyUoylWawd264NXa7RD5KAP7bX6YG5Ouip2
++iTI3pR8MSJiIIoYm4kedq9Ow4FKyInoshGiIJ2L1r2LgoPP4goPnOFkaSvq1hRQ4ZGVjpWb+Gi
bdP3nuX8EvG9cSic+7BP4lsWOel8l/Yoch+ZF2v+RO+32yFz5PHh9PkIHj4l2aods2SvRa4WUTkt
lyu1z+prv+6CD0bGRE3bWrUw/AkOj1Hc9YjveWt1Rwb36MRe6h/t4N65iCDdiN6I4gr1BSshr1Xg
lYKbplCpVdxx0AZmL+Gx9i3172KekAONGvsfLeC4a54YoElqkq3S3ih/ACU9AAAgAElEQVSta1cP
3dK2iygIrOMfh9hR0j+uMr26+iCc4ya/JqHP6eHea2V18TH+CB6JHth54SmeUxkl+VYZEe3b/aKe
7eZtk+vTRbyTuIGF2/eBtk2Sj2lsb/uGZo60NS9iR422pX5avVE+MeWAoxHcXlRvwKtxoOB1usjC
lpOHtNMUB4h90cEiejNpivEIWPxLIvzp/ojWr4F3bFp/t+6riLYWeNYqitxF70Xp9D/yoEGToDjd
40ZaGmjHVmoj9bP2qZ2LxvEAo4RxsC9aZ5dktaYMrbwaRXRJnudeF77Xhy94+1h5tgelAjASEbUL
klu4e13sj745ao31Q8dp2dfRRX+NP7CU/KfWuvSZH7m24ic42oOUHAQNdLn2mkCh/S6gFhqHaCe+
UjHjOdgYB3Qxn1GytfJRORb/q0VaUFu6TmiSHi9JRIJ2u43l1LvW3EQfdrTl5l4j7WvZUWqXrlOU
bLRfREGEto+KQ6W2NfOJ1ne5te2SSGsJXo181EWc9fCpVA5KjqP05XSjfbqEpwhBeHEtrhKV82rP
u8bvSjJy/aV4VOL1kq2WX2HsKgbWjEURnF4rw6uzNl8e9/quqzqgyxyf3uPOKWYT0WnoxrQWfIiR
pXYaR9M4GBIMvAWKtgCw9M/11RC8lOSg85K+tm7urotLzs7SuLXzwrWR4C3OLGj7QHRC9JDEtpwI
O/4vwuKjyL20nYVE5dp5njHj7SPJidqnzb2IXyDT6IvSo0U7blgeTGrN7aX+XFvPJ9lKtqB2lO4h
+SmKkLevR/xFUZv/Ita0b6C5GYnVEePxzFNtnq4BqmPcfKB5b+Fs1rEg8Q6VIdUCVlu4+zXWTvIR
TWzR6EC5Tpfw2JCuUVd7LK1FOZuQ67NHo9FppYa5SUKDeNvQyKemS/AU2RYbS8Sfm7saG8JTHNcm
PiU9mvaRSaDUntvckcUaoj+6YOoKkcWXNdlqn90QpbsGcj6JJiBt8dG06fPjihFkqDQ/XM7y6s3Z
UGNuuibTHoxrgVKClhOMY3ypdYhRumfNARo/9sxfFJ+wcOUcR9bozF2PjFc10EXej5BdOrSI0hPR
vt0vWlcXMdtSzFr4TLsdckhh0aep+yKh1aH1fc179F6pDeKb7B9WiIiNqE3HqMI7SpZWZnSBbpEt
FVnSL0Q0i9t+n/sLVOQacXokO7R6GmyyySa04YYbTpHdxh//+Ed69tlnswdPmoJfmnvtWGr6E6Kb
aPp4uOvNveg91yU4n7fYJfm41zZUtsUGazuNfcg8o9ctssbRT/uwSTvvWvmW9labuLZeeeOc0yP0
ofunuUdUP/ZrEeFf1raaWNxGl/urhjwijBc1vIdrb43LFp6L5nMLXyvZEz3OSD3jHgv7GJPWxxGd
teY5el08/Iq7f8kll9A222wj6l23bh0tXrx4ikyi8hpI9kf0Q+KBeMCRE65JvJI8dOOkfYj4ifVO
YMRG0Iyrq+uIrcgBhqawRK7PmzeP/vqv/5oWL15M8+bNm9b+iSeeoK997Wv0wx/+kNauXSuOwVso
oT7G9UX7WPxDI6tGQRZN1BCdGvkWgtTA6jORxX/arm0XJycnLyoucOiTmHljr0WnpX9aMBHFE4Fa
hSPXJ0JGtI1o36h4EgHOlgbR/h3NhzQFZpTuGmvBxdjc9ZrFYwS6ss+6n6V1tHKhGn7dAOURbVjG
J9ln6SvJqtEvwu+k/bbhhhvS5ptvTltssQVtvvnmNGvWrMk2Dz/8MC1fvjxbE3hzVY1cJMUblK8h
nDGnoyTjN7/5Db34xS9m+xD96YBjzpw5nfpGFOaUGqSGcu+1pCEXYJprSPDJ6cvZgkx2Ti/XrlSA
SDK0fdLDhxK05Kd9rbTOiHykbfv6zjvvTIceeijttdderJx7772Xbr31Vlq5cuW0MTTyJN8qIR2/
ZQNr5l3jH9IBFCdLQ0La7aX9JO27nG9GJupUv3S/PSbJLzSJJm3P7ZeSrTk7uDmX9ruF9FvjorTX
NIUZIlvTluuLkIXS2nsPibwEACE3Uu5MSbxlbSJyvLY4sRbNubVL7YjIDxH2akir1p6cDtQX222l
NZTWNperNHZzOjx7saQDuW7xyYi2pb7c/rYe6BHZuGtOTynntttpYjl3z+pb7evo/OZssIxBkhlx
GCSNSZKBxnovp2tkbL311rT77rvTHnvsQbvuuivtuuuutMsuu9DWW28t9l23bh2tWLGC7rrrLrrz
zjvpzjvvpB//+MdsnZCCi3PavFWCxLmknK3JWZyvRHCBVI+mno6E9nyhec8ecGg3mTR4lHCUDi3a
73O2pX24dqit6XvJWZHiwUqWUj0cNEEQdVYJlkDc6CYi2nbbbWmjjTYSdWy55Zb0ghe8gB544AE4
oWvsLM1XiVQjsM5xLjihc17yNdSnSrIaO1O7c68R+ZYEg9ghIZLwWpGLkak+zmfTuUMIl4YQau/l
4Em2lnXl/LxE+EpxQhNrcq8tMVezDjXjeQSxscQu1GdydnrnWxMbSm28OVjLVzgghxhalOTkxory
qZIuDl0dPqCyLPK5/B+Zs9D9h9rI3c/lNE2+98TQknx0fiP4YE5Oe26040a5rZSXkLZRWLRoER1/
/PH0oQ99iHbeeWeTjNmzZ9OOO+5IO+64Ix122GFE9Cebr7/+ejrvvPPokksumfLV9gZILtH4aRtW
zjUxMUELFiygvfbai+bMmUPLly+nBx54IGt3+lqyI/1/0003pYULF9LcuXMn286ZU/yMA41GI9px
xx0n369du5aeeOIJeuyxx9QHb9Z26P10nqaMzlo8l4zQBgRtELEkR0vytATE1B4NqZZsQIKUVQfa
BiGhEpnadtttad68eaINW2yxBb3gBS8oEqQI5GyNIEhIYkYPKVAC09YnJc9cfy7559q2fbBkE6cj
1xY9WGzr0/iHVr40Dm4MpX5tm63rLK1x9H5B5UltrPOksSeXx6xzUfJNqX3utTaHWsaP6EF0t69p
DlFLKNmJ7AXP+kkyuFgdERekHGCdS2muuNiUxuxSbsoB3QMlH0UPryxIc6CGH+VgzccR+yQCaK4q
8cpSTOfut2Oz9RCFs087V1xcqxHvJP3c+9w9NG4gXInTm/pILp4gOlKZW221FR177LF05JFH0uLF
i6d85SQKo9GIlixZQkuWLKEzzzyTzj//fDr77LNpxYoV0+xu99GsRamvtu1oNKJNN92UXv/6108e
POy88860atUqmIMjtsyaNYs+85nP0AknnEBbbbWVWOvn+t57772TulevXk2XXnopnXTSSfTcc8+x
dqD70ptnc77Y/D/Fy5pggZJrRDlHNnNAyFm7bymBS/1LhznN/2lQ5mzOXZOChQQuqHBtuCCVXssF
KNQOa1tJBvoJjoULF6rtaZBLpFZZErig074nrVMkKUr7p3s69WdkT+SQIxooWdUEPTRhW0iD9BqB
NN40Vmn3XyqD08/Z0Y5dOZ1obLbE2Zx9Wv9KkxdqHzcX6XvOHnTOc7lIeh2N0hgjdWs4QaRebg8h
pLpkT863SrkaHRvKo7TcIGeLND6OSyAHC9IcSvlOaof6LCq/fS83H575bctFc6QUUyL2hZb8p32l
eUXWOHcd7ScdNuWKnHQdpfnL3UfmO+0n+R+a58cFVp+X1r35l5unnI9vt9129JWvfIVWrFhBX/rS
l2j//fevcriRYvPNN6dTTjmF7rnnHrrgggtop512yrYr1XfcdeRArv0/1zY93CAi2njjjcPrk1mz
ZtEJJ5xAW2+9tctHR6MRbbnllnTUUUdN/jhEG818WuosS81T4u5zOMFowSUZxQUlZBCN3PPOO49e
85rXFNsjuPrqq+nUU0+dZkM6hjQpNuP4i7/4C/r7v/97k+7bb7+d3vOe92THfvDBB7vltlFaO2vx
LMnM4ZhjjqEFCxbQlVdeSQ8//DCtX79+8t72229Pr3nNa2jBggWijB122IH2228/+tWvfkUrV66c
lLHhhhvSbrvtRq961avonnvuoRtvvDFrH+fXuWSrnZPSHGiK+FSeJznl7EJkW3V7fAn1RaQdl3Q1
hwmRiQU5ONH6SAOJLHL9uThX0seRzxLhS/da+p4bU1uvVIh5i8PSmmjmFnltsUk7Z6W+Wh9H/QyV
07YLQW4uEVtS30HmCVnr6BwhxWrU/1CbuL2Ve89dk+xur0/OLsROaz4t2W3NMxG5ULInIg5pbEn1
e4DG9dQeNOdpYyHnp9z9XG7xzHMUf0C5TiRXSWU3yM1Zej03jxtvvDF96lOfolNPPbX4Ke2amDNn
Dr3nPe+hY489ls4++2z627/9W3rssceya474R9qnaZeTVcq7CxYsmHa4Yc3VCE8sPddEgy233JJm
z549LY7lDie1Y5L8T4s5OSHoCWvJgFKhhWCnnXaiPffcE24vYfny5dnrCFGfmJig3Xff3WxL+lGe
NqLlps4WHQhLazhr1izafffd6Z//+Z9p7ty59A//8A90/fXX02WXXUY333wzHXvssfSe97yHdthh
B9pggw1EXQsXLqSTTjqJDj/8cDrvvPPohhtuoH333ZcOP/xw2mOPPWjDDTeka6+9lpYuXUq/+c1v
1Pajc5PbpN7iJWeL5eQzJye9x42hrTe9Zw22XD/kILVtr4V4aEitROithaC3DQpLwYUkQSv5TNu0
T/FRO7wFEAfU7xBd3Fxp119b8HCxQTsOaY9Lfbn9nLMBLT5SoPsD5RSaeUK4CtdGki/NcWl/aNcq
Jx9ZW+59zpZUbs42rY1IH65dSqgtNkg6vfy1ATfXHjtLc4LaY7UlNyZJd3SO1IwR0ePNz9G5nagc
27TxiAO6f5HYftRRR9HXvvY12nLLLVU21MTcuXNp6dKl9IEPfIA+/vGP0/nnnz/lvoYjcIegaTyX
+HzpcCOVK8VfyVbONi/aenP1Rc4Gyc72vSifJmJ+RcUTONpGSUkwNdozCBTNX//Rwidts2jRIpd+
Tq9Xbiq/FKgQ0qUNcm3MmTOHvvSlL9Fmm21Go9GINtlkEzryyCPprW99K61du5Y22mgj2njjjaFN
NxqNaN68ebTTTjvRZz/7WXruuedogw02oHnz5k0+IGffffelD3zgA/S5z30OsjGiEEH6cjqlZGJN
TFKQRZKSt0BI++X2UDoHyLUctHPMyci1iyJ7kmzOnqjiReuz7TFbi6mcTMuY2va0X1vt8Y5DOgRr
Q4qlzX1uX3D9U3j8B9kzCKwxQSu7i36cDOkAG93T0gEy2hfN59KYNIfUFl6Us03iFha/l7ikRIot
sbfUx5qbpNyGHG7moL2OwBMvreOwtkH8rFZdwe0rzfxx84XYHBXP2/008YFr+9KXvpS++93vTinc
xwkLFiygr3/963T77bfTLbfcUozROaCxjZOXO9zg5OauW3JwtP+XZGvipJXLIq/FL0Ohpz65dkii
QBLB+vXrTf9ysv/93/99Una7wEHHvNVWW7H3EHCL6JXbli/ZnxJuTkYjR3Pq17SdM2cOHXXUUbT/
/vtP6b/BBhvQZpttRltuuSVtsskm6hPFWbNm0fz582nzzTen+fPnT3n67wtf+EI64IAD6PWvfz1r
lwYIgZP6lnwK2fwlPRKaNUxtLsnjEmu7L2pTaYxckScFOg1ZsejP6ewKGlJUas8lRGT9rcVUTr5F
hpW0c2PT2oCMoRRn07ZoEdfWp42/luI3p1+yT5MrLe08iNRRyo0WGegebLfl/KxZi/Y9Lj5zPCzX
HomZGvvR6xp5aXzifFJbZGqBzAM6t56Yq7EHgSa2STIaRMaM1Oc5W1N/ybWTijJNnszJyu3PHDh+
1o4zmtyhzRk53Sg4u3bZZZexPdxoMBqN6NWvfnXIIZjUVzrcSD+5jtZtMx2Nr3kPXHJ7MLcW0z7B
YVls7oRFMii9xul705veBNmQnuBcfPHFdPTRR0/e//Wvf03f+MY3srZLJ6nt9y960Yum9L311lvp
q1/9anG8o9GIHnroocnXqf6c3HPOOSdrQyqjkduWxwFZp9w95LStmb/NNtuMPvvZzxa/ehKJWbNm
0R577EEnnHAC3XrrrfTcc89BCcKy0dqHPyiRK/kWt1lLtnO6EJs0bRDbcvagp7TIfTTRa5OWtDbe
IBwdxLnrXPzK9dHK1ICzKb2nAWKv1CZnF2ePZszW/RQpP7dmTV9tTEH2CXItpyN67VH7IvUhtuT2
WHpNyuVIDCrxAe185fZQyU8iCGpOZ9seFFG+lgNik1Ts1rQtBeInKSQuJ7XR5HpuDpB8L8UzdIy5
MeWQ2izlQ4SneG1DYxFqFycD3XfI/I9GI/rP//xP+sMf/jBWX09J8fTTT9O//du/QTyvFBc1c97+
5IZGDsJtomJyBLRc3jK/aCyYdsChIUWcYtTQiMCVc9Jdd92VDj744CntLrzwQlZ3KRg3eOELXzjl
/f/8z//QeeedB9mplXv++eebi0JvMSnZK/WbN28effjDHzb/trUH8+fPp/32248OPfRQuuSSS6A+
bR+oQaZzyacUmDSFuQaWceb6I/bk9iRH/HP9rbDKk/Z9KcGhhQE67+31Rwqepm1KWNJxlEgQOgc5
e3NESdJXOiRF7EWQ21e56yix9YDzE8thGtdHWiPpfmqTB5EkK3re29dy8rm9jcZoyWelfYf6Q6NX
EzsRf/bEYulQB22f6rUU50h+0xYoiBxpT5d0S7K9+xHpi8y3JV8g/qjVrfGxCCB+YuHf2lgi2ebx
ldx6aQ82czY/++yzdNRRR9H1119Ps2fPVtnUBSYmJujd7343Pfjgg9DaRflY+3Cj5B+cLW1w3GYc
YImpuXtIjC/ly+wzOEodS9D0QTarRNBy10455ZQpT+599NFH6ayzzpomU5NER6PRtFPJBx98ELKx
LSt3n5NbSp7apISuqTaJjEYjmjVrFi1atIhOOumkKV8fQXDbbbfR1VdfTffffz+tXbuWtthiCzrw
wAPpz/7sz2iTTTaBZIxGI9ppp53o2GOPpWuuuYaeeOIJqJ+lkNIcQqR+3bxeunQpHXjggZMPl122
bBldc8019OUvfzmrT1uc5PSi4ywRQZQgS8lCQ0KjoSEguTlsQ5sMOd+RiF8pJtZKyog8ieh75CE2
cetSKuqkGJp7ryGSWsIakV+1+zXKjhwsscojr9QeKSY4oD6CyEDbWHM+ql/aF801jZ62XWmOk+zn
7EDXmxtXKQ9KyI0dPfCU1lDjw7n51ELbz+tTlvG130fMscae3Dqj9mv5N5KbrbHXGhM43Z643b7/
k5/8hD72sY/RV77yFbNdtfC5z32OLr/8cva+lC9Ke5LzxfSnYCXfLa0HckjbBYdGoT3YbQOJ8dwc
Nfd0lagS1sCe9tUEn6233pre9ra3Tbl+6aWX0urVq7N9TjzxRProRz9KCxcupGXLltEpp5xCd999
9zS9ExMTtMUWW0zp+7vf/W6a/ak9yBgkuTk7rChtTLRQzcldv349PfPMM/Tkk0/CD0195pln6KKL
LqJ/+Zd/oeXLl9OaNWto/fr1tMEGG9APfvADOuCAA+hDH/oQvfrVr4bkrVu3jp5++mnxF2ty0B52
SWvNzWHz/8tf/nL6x3/8RzrkkEOm9N9mm23o4IMPpgMOOICWLl1K99577zQZHNCEGkWYcoE/Ahr7
tG2J7PZax5f6DHoin74vJTAvUfMA/SsWcmDTzBERXhjm9l3J5y3rj46zPUZOVzT5qEVm2n8ZiiJb
1oJPO/+5+zOJ9HE5BCnotIcE3BoihWbJZqk919YTm0r5t2nTvoYeYGvtQ/gC0j/tg/AxK5D4ixTt
0uFZ2ie3Drl8gcZyje1a1IzdETnZcqiGQFPfjEYjOuecc+hVr3oVffjDHw6zwYvLL7+c/u7v/k7V
R8MdcvfSww2pPbL3pNgvxbEuYcm5HJdL5aFxs5lL9oCjlERRo5H+JZJaQnthP/GJT9Bmm202ee+5
556jM888c5oNExMTtHjxYvryl788+byI7bbbjubPn09LliyZpmOXXXaZ9nvOK1asUAfftN3OO+88
TS76c6eSXA0RKs05mjBWr15NH/nIR+jzn/887bPPPkWbL7zwQjr33HPpjjvuoGeffXbKvdWrV9ND
Dz1Ejz/+OJ188sm09957i7IeffRRuuyyy+iMM84Qfzo3B2QzoWSk1C53uNFGc+/QQw8V5TT2pTol
O0r7r91OGruXQGn8TEuyJbmc/1sPU7W2aOzQzhNnn1aGJc4jhwvt8XH7C01sOX3e2FWCJsaX9CJ2
eNeBu5+zDdlj1oMiTq52fJrYoLGxNPfWgqG0fz3rm/4fEZ+lXILaY9Wp1ZuzIX0tITKflWzirlt0
evpa9KSQ4rdHbu4+ymlQWIo/j19LNpdyGRLHuZjF6fXuUaluSNFc/+hHP0qveMUraPHixWq90Vi2
bBm9613vIiKcb5XyXwn77bcfbbrpptmfgo3gtc3aSOsRfdCFAJk3iXuXOLkm70/7FZV20kk7jEbY
04FLsmr0G41GNH/+fDruuOOmXL/22mvptttuy/ZZsmTJtIdhcoX0y1/+8mnXli9fThMTE7Ro0SI6
6KCD6LDDDqPXvOY1tNFGG8F277TTTtOuNZ8gWbRoEb31rW+dIldan/S9NI/p5rai7YTPPfcc3XDD
DXTSSSfRpZdeKjrhihUr6Dvf+Q7dfvvt0w43GnmPPPIIXXHFFXTllVeyn8AhIlq1ahV99atfpc9/
/vN01113Tf4ccM7ONtoBot1OKgQ8WLp0qXi40eCQQw6hpUuXQnpLNiI2pwFJ0xeVm14r+aYWmrjU
tC8Rp9K8N//QPZleT/2sRHBy/srZnRJRVIY2GXKJNfUpzQFw7r5ljUrQysztk/b/3v2C2Jbq1/TJ
rRWaB7RzlbueW9tSO0lHm5NIQMclFfklX7XqR4HsH60ehCAjsM5NROFqOSTKvY7UqSk0PL6B9NXK
l/YUV7hIbdGcxQHlCWi80dgSuR+4+5Yi13M4ZumXchxU1rp16+iII46gBx54wKQ7Cg8//DAdfPDB
tGbNGiKaXki3r3GwHG5cffXV2Z+CbRf3ko5SHkw5qIUTeIDk7lIsLHHkVKZ0kJPDrJwAroM2CSIE
tX0PCUK5RW/sOumkk6Z9PaL5NZKcDStXrpwmP/1VkgYvfvGLp7x//vnn6fjjj6f//u//pt/+9rd0
1VVX0eWXX0633nor/f73v6drr72WDjvssOKCa+Vec801dNhhh2XnIgVXSKXJtnQY0oa0LhMTE/T8
88/TrbfeSp/97Gfpsssuo3Xr1mXbX3XVVbR8+XJau3atqOPxxx+nn//857R8+fKsnJUrV9L5559P
5557Lt13333Zw41ULldYNuDmIxeANIn7oIMOgtseeOCBrN72dc6/tMV+2l/a69GHEynQuNGefyQu
oXI1bbh2SPxCgnvuujYZcwWbtSCSrmt9qd0vbYccNFgSeOmgXrOe6Rg1pFtzOIDYqNWjlanpgxJ3
5FqJO0gHeVJ/Lh+gQDhN8xolfqUxcIVyyZ6cDusBQ+7AEhlfDho/9spK23D2RxyCoPPBFTUItyjl
eslXSnJL+UG7vqU83v6//VpaIykPaPdJ5OG0FR4bSsWxFe11sMh85JFHphwudI21a9fSIYccMuV5
iW1o+DJ68L548WK6+uqr2ecHpnsi9f/Sgb4kE7E7Crm5i+TV7fa5uZf0NvdncQJKBx0aWE6RpSKT
G9j73//+KW1/8Ytf0JVXXsnaccEFF9AVV1wx+f7xxx+n008/PWvTNttsM+X9nDlz6NRTT6Vdd911
mtxNN92U3vKWt9APfvAD8VdWRqORWe75559vJhG5pJFeS5NJiQS2N+369evpzjvvpF/96lfsgcOy
ZcvoySefLG6SiYkJuv/++7OHUUR/+mrKHXfcQQ888ICq8ENORxGCodkL6LNEiGjy4aOInbn7HLGQ
SAQawLmAk9PHAfW3kh2lYrc0JutBEGJbri2aiLxJKaJITmVxfuI9cCjp0/RJX+fQ+I1GPlp05+ai
RABKstGDEAv5QYo8L7xyPXtWkscRzUigMtsHfJL/e+JH7hDRghw/Kx0yacDtl5I8TZEi8d30NbL/
LPwhJy89MEVQissW+9v9Uf1WNHNlORRso+SPuXaobC80B1a5vlpdSA7RcgR0L6Z+dccdd9Bxxx1X
fY5z+OAHP0g333xziCyp9myw33770VVXXTV5uIHMe+r/1oPnUi0QDUk+ylmke1relN6bmJigWUjh
imzOGveRQ47m/w996EPTvu7xjW98Y1q/VNfhhx9O++yzDx155JG022670be+9a2sfeiDM9sYjUb0
/ve/n775zW9m709MTITKtRAK7uS7tJkRXWvXrmX9qnmgaCo/l3T/+Mc/sifA69evn/YpkZK/lk5O
EX/vAinZIiqTltzeSO+XdHG6JTmeIJo7qJAKRU2QLNnpJU2WcXN+ZiETnHzNuErg5kw6lEJs5HRY
Yk30IUtJbzNejsAgPpLG2Jx/S2TVcnAhoVRgSPKQeJu+LsnWFKwaPcjhY7q+ufXW+GVpPZC5txRI
3lil1cfd18QH5CCV6yf5bFpE5Ag1R6SRNZPuI5DinjYGlq7nDhRKSPcDaleuPwKEf1j2RI2CD7HD
mtO1+bA05lz+0HIMNL42ry+77DL2j8e18MUvfpGt59rQ8CUubhD9/19LaX9yAz2ok/RbeZVnfRFY
+IdkU4mbt2NO+1xCGtscZLMji88Vykh/qQ2aRE888cQp11etWkVf+9rXsvalMm+66aYpdqcYjUb0
ohe9aNr1559/npYtW0arVq2i9evX0w477ECvfvWrp/1M6vHHH0/XXnstfetb35qmO0Juc9AREbjR
zccVw+33ua+fNNhmm21oww03pCeffJKV27xesGABzZ8/n7U3PeDQ+mtksS7pWrZs2bRP7HBYtmyZ
mqRzenPvUxnoPSQZSPrR/jkZSDyxHjhwY5TiWu69JJv7v4SSDVREPYoAACAASURBVCWbJZncukjj
au5ZCDJio7Q/Ebuk1817xGbEz6SDxhLSuc/Njcb/vHErnRduv1riQU6XJtdY9KC+ktOBxC7Jv7Qx
Cik4NXHAG7+i5xvNV4g/S3ubA1poROSpKORiQ0m/Zj4kOaU+6RoheqWcg+5TRH4JaEGrmaPcPuNs
suSwSKBxVwPE7tNPP5323HNPOvLII126EFx99dX06U9/OmtfCoT/lPhI7nBDai+Bq0FTWRrU8KMG
7f2c01XKUe1r3PtGTi5mSAcc0x4yiiI9TUkV1ZzQVP7hhx9Or33ta6fc//a3vz35axrcRLTfSw40
MTFBF110EX33u9+le+65h9avX0+33XYbvfGNb6TXve51dNRRR9Hb3vY22nvvvenNb34z3XPPPdP0
nHzyyVnZEXJz4ylBasvNBULmmxO117/+9XTEEUdMO5RpsHjxYlq4cCFk66677pp9GCsR0fbbb08H
HXQQ7bLLLtCYGnu5tp45zL1vz80111wDy07bamxugkfp5LRkfw6cHaW+EpHhTmE1hMWDUkC22GRt
j8rkyLrFf9sJqvnHrROnn2trgTQWZG0Qom7xLU2+0MjV+AhCHkp9pDiulV8qUNI+uXlD8gq3tpIv
avcx53elMUpzhsZYLelF91/6fzpGbv5Qnykhl2ty13IcAgFHgpG2qZ1t/2/Hw1JfxJfT+5rxobk1
fY2gxBHa7yU7EDtTPVKRn7NJkhUNdK/nwB1KlXxJKqq5Nl2itP6512mfd7/73XTHHXfEG9fCPffc
Q8ccc0z2E+IctDm7eV863NDILB0QIDYieyoabfusNmrieA5sbUREE2nDLjeQRV/a59prr6W3vOUt
k++ffPJJ2m233ei3v/3ttPZafenpFBHRS1/6Unr00Ufp0UcfzfbZfffd6Sc/+Qm94AUvmHJ9n332
mfJpkVTPy172MnrkkUfosccem7zetlUj17OOOTKUnp7ldIxGI5o3bx69/e1vp/e97320//770+zZ
s7M6Vq9eTaeeeipdfPHFk+PN2fziF7+YPv3pT9P73vc+9nT097//PV111VX0zW9+k3784x+zDzat
CXS+f/jDHxZ/SeXKK6+EfiZWo9cDaf9wvmGRHzmWnM2I/IhxWOSlcaYPEmMdu9RPI7Mkh0hH+rre
G5b7mn6ePGaBNVdyfbn7EXqk3OTxjyg7NW3T10T4JyC8uj2I4HJIO3RNtOtuyQ/aolWrT9Jbysla
SHvWkscibCrZFw3LftessXZ+NJyiNgez6M3J3X777WnZsmW0+eabm2yV8MQTT9Cee+5J999/P9sm
0o9KhxuHH364OjeNRqPJZ0Na+WSKuXPnTv7BPwoLFy4UazcrouIiUeYTHDUDSO6URTrt49Du84Y3
vIHe9KY3Tbl/+eWXTx5upO1T4qA5JWpOqO677z569NFHs31HoxHdeeed9O1vf3vaveYQhpuHX//6
1/Too49O6knXoiQ3lZc7HeTep31zcyZhNPrTz/QuXbqUPv3pT9OSJUvYww0ioi222IJOPPFEOvLI
I2mLLbbIOvVLXvISOv744+mggw5iA8hoNKKtt96ajj76aPrUpz5FRx99NKu3tOba6+37bb+S2n/8
4x+f8uDbFFdeeeWUn4hF9SJtLUh1pPqa9wgxzF1ryy8Vt1qk5DPdEzlYbeDWAolvpTlO+7f/z+1r
ad8j9lvnO6dTk0+ktgiB0shr+nrhPdzgbMjFk64PvXLkikPqc6W94DmoyfXl4lLzOt0z6B7R5kGu
b2nuOD05HpCTWSqWkNjj3Q8W/+TmKLVFmh+NPd7iMDfP0lxzukq25/RyciXf55DLG7k4iub3tgyr
TSVYD22ke1LcktZOsktaf+38lOJoW59njhEOVrJRmpt23wceeICOOOII8SvsFqxbt46OPPJI8XAj
tSUHqVZqv0Y/uZFb6/aapX7Yrv9y+xHhohHcRgNLHc+1z/k3l79L+2g2EZ2msqZH5CbujDPOoN13
333y/bp16+jDH/7wlAOOLu1p47jjjpvyfuXKlXT55ZebEhAiV2tf2g45AOA2z6xZs2jrrbemc889
l3bccUdI7zbbbEM77LADLVq0iObMmUNz5syhBQsW0NZbb0377LMPnXDCCfT2t7+dXvayl9GsWfK3
qTbccEPafvvtafbs2XTFFVfQ888/D9mAHmpEBIzRaESrV6+mb3/72/TEE0/QunXraJNNNqEnn3yS
brjhBjrnnHPo5JNPpkceecSl22Kr9XAnSg/XpkQ8U5+ssW4Iog6QouVrbenDjlpjKyX6UrxL23nb
aNC2DSXaUTpryJEO5bqyq5HVkERtQYAe8Fhs8sqw6Itoj+6xKF2lvpHkH8kl3EGB1MdiS8kOT7sa
OjVrgfDO9L7FTyJygUamFrU4p6efxz+l8axcuZJWrlwZ+jyOj3/84/Td735X1QfN7Wk79HDjO9/5
TlZeKfcsX768aFdbXvv/3P1Zs2bRZz7zGVgmgi984Qv0zDPPhMrUgoszzbX8AxIyjdO/mpROXazI
LT43gF133ZUOPvjgKdf/67/+i/0aCKIvN1YO0r1f/vKX064tWLCg+JeWVHbaBpGbs08aV3rKqjlN
bt979tln6d5776Vtt92WbZdir732op122one8IY30MqVK2nt2rW0wQYb0A477EC77rorbbbZZrCs
p556ih544AH2p2nb0K6tlRRzMs844ww644wzIJmlvzhxp5koED/U9udkSvPYXOf+ipLrl5uDdjtL
ESPtf+RaaW1S+3JFF7dHI8eSQvMXTM2aIzJLPoGAm7N0DVI/y41J60OaeZbs5myz2MTpkfZmTlfu
vQRJNvIXKEReG5r4Z9nPub6pzlJ+KMXYNknVrC2q0+M7kh+U1hPd07nYz7Ut6ULzWclvtP4k5ac2
uLFyaM9vu19pj5bmoxQPtLZaY6ZkY7sdmg8tecTKnTyxXpKFFt4ROV3qZ83nyPULLriA9t57b/qr
v/orvYEJLrzwQjrzzDPV8ZOLB5Iva5654cmjuT5SjPHEMQu4fabV6allSmOedsBRCtLcay2ZRg2W
yMYnP/lJmjdv3pTr//RP/6QqTNJ7ueStJdhcn1mzZk1ZQISYpHOcK95zn26QCiSEMJaSRE7+I488
QmeeeSbtvffeqgfuzJ8/n/bdd1/ad9994T4p1q1bR3feeSdddNFF9OyzzxbblwoI72FGG9YDBIQU
5/xIUxB4CkhJH0omtASW22Ol/Y6QOK1Mrp1WhpSgImIpIkPbBl3zyENBTdvcIVJJpsd+bdGilc/Z
p5FbinmSLk2ssBQTEQdZGnu0fpzKys2hdsya+5rYm7vnXTcpnkpxJkdYS+NAZWvk58aCjhWVi8B6
gCUdgubskzhkel2KB9K+j+RI3thWuhdlJwrJDu/BBJprIoprFKmf5v4nmj6upUuX0p577kmLFy82
6/7pT39KH/jAB6bIL+nNoWkvzZPngaKoHVKfrv1YQnoIZ/U3dHzIgWyKaQccXEKRAh9CONDBo0Xm
VlttRcccc8yUa3fddRd973vfy480g7Yeqc0HP/jBKRtw/fr19JGPfITWrl2bHffExATttttu02Q9
/vjjU9pzcrmHwUxMTNArXvGKrFwO1o1eup5r8/zzz9O1115LV155Jb3jHe8o6onEgw8+SD/84Q+n
fMJF2hDoQR5yIBUJrjCTkrbn1BqZF4nUS/Yj15ExIGSNk8u9L8nOtbHON2IH1y7C56SiQ1OYo8kl
58PI3Ka+bplnbq20cqT5LxUbmjnK+WkEEZX2NeLziMyc/NJac3IQ2UjbHKxzWsoR0rXaxQSnN6cf
zf0aboD4kmYfWH0SbV86NOH8VzoYRXmF1lbJZlSGNh5JsjlZaI5FUbKTi5kl37EURhYbNVzCgwje
p4HmQEbrG+vWraMjjjiCbr75ZnrZy16mtu2BBx6gww47bMrzPDz5Qmrr/bUUzge7OECsAS4uIAfI
af9UhqRPs5fZT3Agiamt2LtwEtHN4ZOf/OS0ry9ccMEFbHtL0mns2Gmnneh973vflHv/+q//Sldd
ddU0+5v/3/zmN0+Tl/7Ma0lubp5ycnPf17ImxhIkx1q/fj09/fTT9OUvf5ne+MY30lZbbeXWh+CZ
Z56hW265hb7//e9P+QUVKdmgZL3UpoQc0Uz1S8FPm0y9QRGdK06HdF065IwktdFJv2siJ7XV9iWa
PveamOD1p1IOkGyxFAORe4FDaf4sPlW6px0LR/LQwtdKnkvj4mKq9IeNKPssh3NWePeoJK/EszQE
P/LwI9dHQ1qj9Uv9Uz/UFGaag3UN0ALfI1NaE4SreFDytVLsLnEHblySj2ljgtY+7V7U3E/jaTRP
SXVa/A+Zt0ceeYQOPvhguuWWW2j+/Pmw7DVr1tCf//mfT/s1y6j5bsN6uCFxr5KNSJ5OwflqbWg4
ZSTfKMnJ/orKaDT9wR25zaMZiIYUlmRvtNFGdPzxx0+59vvf/57OOecc0R4EacCYmJigm2++eVq7
9773vVPetx14o402one9613T7v/oRz+acu2WW24pym2Dk3v11VdDY4lASc769evp5ptvpgsuuGCy
7fr162nlypV03XXX0UUXXUQrVqxQ/5TrQw89RNdddx1dfPHFdNNNN9Hq1asn5d9///102WWX0b33
3pvdzM210kZPA0mz/py/IoGj3Y6Tl0vUJXtzRKR9HUHpAIdrg14r6axRfKZ6pIIq91orH9XXhieQ
c+vetiOXEJEip6SfI8BSnxqFACqPS6QocnkQ2TMa+eh1KaHn3qOFsnZ9vPEAWfeoNqU+6DxHE0Qu
Bko5pbTfpLha6pvu8bQvolvyw5KMkq01CLo0ZqRvu4BNr7ehyUOlApXzTWnOrAVViatoUJojrq0E
zbgQOTk+oMmj6IGZ1pbc/fSad02ke9zYtXEiJ6Pd9+6776Z3vOMd8FgmJiboXe96F911112i/Vpb
cli8eHHI11JKsU1adw9fqsmzifgYh9Rbzb+ovJv6aPYho6VTt9zpZPq+BKltjki3237sYx+jRYsW
Tenzve99j5566in25JTDiSeeSB/96Edp4cKFtGzZMjrllFNo+fLlU/pecskltGrVKtpuu+0mrx1z
zDH0s5/9jM4666wpds6dO5e+/vWv08tf/vIpen76059Oe0DoxRdfLMpt27DBBhuwcn/xi19kx+Y5
KbOc1jY6n3/+eTr77LPpta99Lc2bN4/uu+8++sUvfkE33XQTrVy5ko4++mjaf//9ad9996WtttpK
/DnZZ599lm6//Xa66qqr6Ec/+hH97//+L73iFa+g173udfTKV76SttxyS/rJT34yeXgkJT6uWEvb
5cDtAaSt1E96nxKO3Gm6Z42tbZBrpT3M2ZmbDw5SYNQQjFIbxFc4faWCE9GVA1qYInPOxUvJlpox
hOuLrHfpnneM0t7VyObkS9eRtrXJTM5XNOPm7qVxDZHVbpOzQ2ovkcZcnEXkSdfaNiI+pN07kn7N
XrX6E5eXtPMXtYcQfZr5afo17bm+OV4swbNfvfG5LUPiHV6kciV+7rE7wsaSfWl7bt94eLZlXCh3
LcU+TlYaY9E4gYyjuf+jH/2I/uZv/oY+//nPi+2JiD73uc9lfzmykSf5R8mm9v399tuPrrrqKvPh
RmqXdE2b5xBeGrU/JOR8QrPu7fbavFWSPyIiVkop0XcxeTl9d999N+28886T19esWUOvfOUr6f77
74cdl+hPJ3PXXXcdbbDBBpPXrr/+elqyZMm0vp/4xCfoi1/84pRrExMT9LOf/YxuvPFGeuyxx2ir
rbaigw46iHbZZZcp7datW0fHHHMMff/7368i9wc/+IEqmCLFp9Rfut5+vc8++9BGG21Ev/zlL+mJ
J56YvD5r1ix6yUteQn//939PhxxyCG266aaszt/85jf0hS98gS644AJ6+umnJ6/PnTuXtttuO9p+
++3pd7/7Hd17771F+y1jK7Xreg+kthDFBDXpEEWSnWtfa04shdO4o7bdmkOBiAMJzT5qoCW16PUa
bTR9PftQ6o9etxb+2rFINnvnXSNPQ1ytsMqIGqPUxpubNO2j4hayZkS6Pz5EQIpP1rm3zG+XeU27
t2rZqD1gjIY1z0TamvN7j/4+uZm23UUXXUTvfOc72fuXX345HXHEEVVzEpH/gaJERIcffrip3xVX
XEFE/L4j0vnG3Llz2Wc7WrFw4UJ67LHHpuivtXetexL6mVgi+S837WTQvo5A43wTE3964Gf7cIPo
Tyd/9913n9g/d33JkiVTDjeIiPbee++s7i996Uu0zz77THl45mg0ov3224/2228/YYR/+mWX3OFG
lNzRSH7yb3pqm1tDrk8b0rrkXv/85z/Ptl+/fj3dd999dNttt9Eb3/hG8YBj1apV9Otf/3rK4QYR
0dq1a2nFihW0YsUKtm8KqRhH5wGdEy0sCUJaD21wKclM23lkWIMVeq9EirWFH2qfRYa1YM/1acsr
+XXuOkqeOF3NNeQQTPJR7nq7D7IPkLGV5KA2luazbXeufW69SrEKiU3t3FyygSMopRwtEZrUBk4v
Cmt8KNnp0Y/Ik/zdMh9aOaiNWngPbiw2eQ8OUUTFzka/BajNEbmJi0mcHZr4K0EqijRcwnuYKulE
Cs2I+NLun4vdUnsuP+ZsjIbkO9w1jke8973vpZ133pn22muvaXqWLVs2+TX9Ut7hbEMQcbgRATTW
lPiWNf6gyPmX1ddy/ASNxenYZ7UFSgrS901R3Vxv/+MMbr9GdORw4oknTmt/9tlnF/un5JyIaOXK
ldPaPfTQQ6zud77znXTWWWfBJ2ETExN07rnn0l/+5V+K7bxyS/OucTTudLD9Ol1D6+b57W9/S2vW
rBHbrF69etpDhBpIPpeidsD3BpDUP9E9WZLnsU1DtHM+wunVkLa2PBQln0B9JrWFi3+pvRqZnH1o
//bhppYYamwsEYi2PJRsSDbm7LMSx1L+4eaiRGqR+Jcr7iWCkpOZ6tLEgtw6tclwaisSIzWFX3Od
i9UlP5TyUO7/9n0ub5U4iuYeJ6/ULoJwauKPhQM0r3NykfzJkW4v0Hyf083FFYsOCak+rc9J9krt
EdmoXKmgRvpr5roU07j9rS2otL6D9MvFeBTo3pL8AZk/LaScKN1v25T2y+WR3BifffZZOuSQQ+jh
hx+e0v7hhx+mgw8+mNasWSPyDQlcHGrLiz7cqH24kILL+TUg+UPJhzgg5whS3/brWbngLwXL9FDD
ojSnQ0Kj47DDDpv2CYsbb7yR/uM//gNO9m293/zmNyc/CkT0p59bPf3000VbTj75ZDrwwAPpsssu
o6eeeirb5plnnqEbbriBjjzySPrIRz4yaU+OdDX42Mc+ZpIrQSLNpfnhCHbb+axO2GDVqlX0zDPP
iG3+8Ic/0GOPPWYOEt7AjxANbQBBkoSGHEYQcCthSXW0CyiErCCFMVoYWQKqlUCmNqE+kO4lqUAr
2ZibZ20cLB3USMV4uz2XC5BryCFAicxaiRd3rX29NIelIg/1jfY8cv6Wy7vWQhc9uNCAswXJx1y7
NIbn/LO0P0t2pnuotAe0+QgtuDVxLWr9pLnQzKPlgEUzj2jeSK+VimBvQYr4bE4PF//b/peLq6U+
CKIOcHJ2tdugxX/TNseT035tjiHByhk1cxN9EKbVx/FbVG5uT+XyT6qH4xxRxfyDDz5Ihx56KD34
4IPZ9+i8o/7Xbn/WWWf1+smN6Plsxrx+/Xq3rLbMUi1Y4lUWnSWksXFENP0ZHNIpl8axUrLGbRwk
gSKOyZHD9Fr6/nWvex0tWrSIbrrppskNhIx1o402ogMOOIB23HFH2nTTTemJJ56gBx98kK655prJ
Tx3kyIw0H0REG2+8Mb3lLW+ZIvd3v/sdXXfddfTII4+w4yhBmktEllZfCTvuuCOdc845tPfee9Os
WdN+0IfWrl1LZ511Fn31q1+lP/zhDyH2lPyxuU40fZ20hUoESr6r1e2ds77gsaEUG4hkAh5Z+HnH
gF4vyYjwZS7GE8X9JYnT0xUs826Z52j7vLIi/K2GjTVlcnqIYv25LbtPf7bGDkkeEfbXW60eK3Lj
1XLOyBzA5XI0nkhtvfwOBRobtFwkeq9Z5xuVTSQf9HjlW9axT66m2V+ojXPnzqVXvvKVdMcdd9Da
tWuhvWmpi9rtn3rqqbADjuYZHBqb1qxZQ9dee22I/gazZ8+mG2+8kfbcc0+aO3euS9bzzz9Pd911
F+277760Zs0aNTez1JpWvpo94Mg19gxAI0dqGxGUcosREUy6CjzjUGxGYfbs2XTcccfRHnvsMWXT
NUHsySefpCuuuIJuvvlmWr9+fUiRy733yPLKQ+Sn95BkMm4+Z9lPXc51X4VYKf5YfFdLBDyHeNZ5
66P4r1Gg911sS37Sbu9Zp5xetK/ku96Dtmi/ttrRVX9ORilWdJWfvHKJyp9e7KK4tMrg4mLNGIEc
MnHtUbnoPTRnWee4Sz8u2Rhdn6BA81rtfUoUkxPQNhF+i7T55Cc/SaeffnrIIUf6kNHSuNasWUN3
3303rVq1yrSHpetHHXUUHXvssbTttttOWUMNJiYm6OGHH6ZLL72ULrzwQlq3bh00LgSWM4bSecGI
iCbGIWmjcr2FKZH/O2uIc2mSg3Wc6XiQDaElDIg9FsdE2kjzLNmrGU9XJITTb72Ptu1rfP/XgRQZ
SHFRowDR2o3cQ9p5iYUX3uImioRH6Pb2GYd9byE4ROW/QHv2jJc/RBM2z17y6I3Uh8qK4pld52ki
XZGbtk+vRRfG2r1ei5uWig2i8fhkXyT3srSXZHhri1r2aaDhPX3YF4EuDlu4eUTroi4PvXL6awId
x2wiOs0iXFJUOh0ajXTfF+wKnE1aW6PJgrdfRAJtv/bYFGWH5p5HboR8rQ1p8I+Sb5Xp2Rc5f6k1
l43cSPlRMsch3kmJsZQ0S3It9yztuD4coUZs87bR2Nll31rgckCN/cfpryVLilfWvSDFz1r5sAYi
9CHz7ZEn6Ulfo/s+4g87nj6IzJrQyK+5N3P3x3EP1a4XSn4bsZ8sax6xHqgu5D73etzhra+4HCTd
t+jKvUbvdbUepgMOBH0UBONSqEqFAppUx4W8cJtCE2hy95DCt92mVKBriWX0/GqCaW6c6GkwoqPm
2KKRjskbADV+YOmX2qf1pRpFQs6u2jZI8jyxoX1fMxZuTtKY4Y0dqD1aGUg/xM5xybu5/eGZ+77G
iZJCbf6MtNGKLjhGyZctuQ9py/3RLaIA0/hO+zVnVymHaONT5LqmNpfiVAQ3syBaXtPX27+Ldl3Y
qOkTGavRMXP7K1In0idq70VyEqs+pE+X+yttj/SdTUSncUVGTgFiWKkYleAN3MikeQlUbSe2/CW1
z6I2Yq5yibT2R9gsyVq63tzTfLUElcvpyMloCHVksZIGcG7uogsRDTTFSG5+0nGUPsZquRcBNA5y
bZE1ktbbYxcKaf77mPtosir1t/xVWNLf5R5M9ZZieBT59ZItrw3Wojf3utSvS0T4s7ddrfxvscXT
luuv/QR0lO6STImT5dp69JV4Ra6fR2cUZ5XueXiYFtb4UYOvdRUzupZhqRE9fobU4Vpw3Ncih/sa
UkQui4qBoZ/gaCbOWhhYdKUy0yJHKgDTa1z7kh1au7lxcO9LsqwEQNpAHpJduheZwLVJNroIi26P
+Jtlf2n9GGk/DonbIm+cPyIcQRpL8vv6SK81MWuIhGWPWfacpM9axHqBrG3UgUKX8PgL6hdIgRW9
z70HPhFFGtq35lxY5WnjCRob0D2U45KpHk0+Rvgzgto8yNq3r/ghYRz8uKYcSX7bf0uxJHL/e2sq
jX9zdWLatusYYoU3b3hs8+z7qNpHe3/ygKOLDYW0sRSsUd+R5A5DpDaITM1BQnotcuNpZdRMZFFE
UiIKXQAJnqgMrw21+7T7on/J8RR4NRNFSW/udal9NAkoJbIufAtFjUK+i6SobadBOifRz2Xqet9z
/dG1t66FZ7xNP80fMMatEJPGb/H/nDyt7Bq+F3HIgRQ0Un8LomJfBN+UZEvXUP4i7aWS/i4KK43P
euqDmZjj2u1r8yrvuGruKcSmaN5QyjvWPGSJ0VGxziurJCNCdvETHDWVp7IaZ2ySVORH97oYhwaW
IJMW7tHOVjvYcuvifcBSxIb1kOdojBvBJoo7NIoiK1z7vg97akGz72r6T2SM6WtMmjyiJcyoXtRX
EVJe6xCnBnlC7qPPrPDG7Mi9Kx3KRPpxKqtdbKLcINIPUPnoXGu5m5dDIXpK92qjsbmrGN/WIT20
UPq/lj2l+9GffomIMSUd1utov5IN1lykaRtZVDfXcuND4l5u7IgfR8RuzT6J3PPR9U1jW1d/gNTO
WwPVV1QiiEHNAqQ96W3HTe31krC0DfKauxaREKIIS8QG7uLj/1Znt+qztvf4WW27o/pa5UcHXKRt
l3OaykH3HEo2EJ3S+9J1b78oPVHyu4Jn/VAyoy1ePWTEs86RMUnDAbS60fiksQE5hIr22ei1L8nW
3EfbaODlBhb5tSDF2S6+8h2Btq1d2OWNEdH6+wDiH8inxKN+xaUWongRJzty/Nrc481VqEyEU9SY
Y0vu8+7l5jp0wBFBckvBqNbEegOud+xtx5E2Uu1kjejj7kfOXc0glcrPBfKSPZ6CM/KgCf2eXduv
avoLCmlMNf3YEouiilHNPe4+Eg8te7ImMeB0IAW3RUcEus4D0p6NsIGLcVIcjNBraeORge7zrmKf
J9bXOHyx9PfuBetaeGJ1H4Uz0iZdXwu/rbnPUHs8+RR9jfS12mMt7BC5ffKqCJRqkKaN5jp6vxb6
qDGs+nK+rsnNEfVsJGr5hIWvcHxHPOCICHIR8rQyvIvPOV/NjVP6WbNoAlkq8iLWStPHWgh45gUJ
GN7iwANujnKbWWtn1wFSss9TLHjkaPRFFTTIOkX4XEScVpAs3gAAIABJREFU1BZlNdfFWiBq+5QK
FYsOj73e+Mb5UvRaReXrdNzavYPo7apItuZVaT40cpp2feWv1I7mf7TAkniRRXfNNtExTtPG0i9q
D6Qcqiu+bLmnaZO2j4g7Fv2l9Y6O17l2NWJI1H7xrEvf+8bDiUvcBK2vEHh5osRlkBon1yc3/lyf
sAMOLWo5jkW3Vj9HwiICD6o7SpblL/+edl3MkYT25tAGxy4Ka8u+aK9jZCCT/NpCEiLA+WxKtPqw
K7XRq9OzbqWn+0folXRK+xz1oVrFDNKfW8OavsWtY6mNR0etPpwcND6VSFEUOfXmIykn1IoBGtma
mK6Bdh9Yf92HI7JoLq5RnHG6asix+LlXp0ZGxNzW5soWztIHN5X09mlP+pwfKwfk+mjjNCLXM181
ciqSszRxDrUhota1Pjspdy8qb+f65OycdsCRFoA1i7eScVHy2/ciiKvVhi5g1V+TCFghOTryWiNb
09cDa3Dp269y0I6layJWa09ri7SSXAvBReKZ9qevNQm4Vl7wrrf2LyKaNYqMkZ6iprT2XFtN7vPk
kWjMFJlelIoHxAe1PorEF0RGzfnU5HTpQLC055C2kYUUapelf7RMbXGGtOV0WAs7qV+NdUP0eNtx
fbqoy3LtkPxaK4ePA6x+ifyhwvsT76WYHclhvPEl1y5nn9aX0vbZT3AgC+JR2qUcr2400aeLUwqo
fRXYJXgDdB9rpJWhLYSka94NKM3jOAX6EinxyrW0KQXZqK/EIOASvDRffRUFTaxCiGZJltWG9H7X
sQ/xqZpkQOv3qE8hMrsYo2dfR9uC6KpRZLave/KiRramiJfaRcTOPvY3ohMpLmrnCPS+1W+8xVIX
GAcbOGj2bc1DDU5OV3+kbc9DhE91PVcauR4uX4o7UfVSZN3YZUyO4C+afNLcnzzg0CyWBu0NgiRk
bgE9BAVFF8VaFPoYb7swkv5qXNNhNaQl/Se17xOcjbk26TXpvsUGSb5GVsmuPotbrc5xiC1WWdJ+
iTxA8yZZS2GmzRWRha+VmNQgocj19n3PA7xQPdp2HkhzweWrrmNOJDGtJTuSA5b8DPHfUh7JEefc
8yBKMQH9CLa0hyOLu2g5UflCK6O0lrX/gBMRc6Piv0VHtK6acZyLsV3uiygdXec2zRx5eVb7fe6P
8d46AtEdIQ+NHaqfieWURUJaCI8tmgK3RkKX+nGFeClReOyV7KkNS4LWnh5bCRZ3L8Jf0EQmrbeG
qPVdhHlgDfrofor+6k9p30bIla5Fyc7d5woLD3mptZ+iiDMnW5NHNLZxvorI6XO/SvPkicGaNly/
GgWU1WZ0bS32cEQVtY1r07VfafJ8btyaXGmxy8oL2zK6RN/FZZeFYleHBIhs7bil/pzvobxAY4sn
J9eY3755aPSYPVxI25fjbIiNnp+Tb/+P+GMtLtu8nz0ajU6LFNwVpIIW3ahRDqqVlQtguTbSeCSH
1VyPJgVc0amBNzFKc+rxV2lM6NxaklBOb9/BX4KnKNG0rVXkjcvcagvE2nZb9nSXNqZkME22EbZY
4zzy3gNLPqhhhxUWGzWxUPIJSQ5qV41CFtEd+esOWhmSv9Xca9q4iNpQ8gWvfE2bCFk1uUKN2Onl
DZ7+Hr6aypEOw2oWdNa4g+yn0ldiIuYPtSnan73r7a0LEZ7gOXRIr0XFBUt8jqq/uGupH84motP6
JDgl50ATjvZJr8im5fpZ9Zf0cO1q/7UukoxEJV3rJtSuhYXUdo0ceUZJECI3J0/yeW2RZ1lDyz0v
kCSttU07V542kXMTTY6tBCjXr8Y40evcfYtfRP+sM7fXSntZ82mm0nxZ97t1LlC9JdKosQEldpy/
5mz1xN6o+Ooh+tx77b6PauMFSqY19jb+kfMLS7zhCumIHOHhgJr7OW5TC1Ic5u5ZOEEpppbqmuj9
GYmI/ekZX1Re1sbkXH9rXebxKwus61Eb0rij8sbkJziQYK1RPK6T2uju8vvnUQTEgnEnFZ6kWOqj
DaQlf66R9COQjrexVRO0c3uiJhny9Ev7RpD+klyrDjSIo/c4+Z6YFuWjnjn3FEVIOzQmRJEKVEZE
7qhFiCXiHqW75LeIDSX5faHkS13EzZLfe2Rr0ZcNfReG0TGs/V76pKq2aEvv53hF7n+NzZa2XD6s
sa5SPo2Op9Y+EbzBY5eHk1vkpz4pfTqg9HW9KM5ZalOj5svJrlln9x03SzYgfjjlGRzpxNUofBFC
ZLEjJ48L8hb7uHuWwkI7rxYnrkHUEb2edtq2XP/mRL701Z8oG7ogql5dqNwokhVtVy39Mz0BoOhy
D7ZloGTIS4BKz7bo4ueWu/AHZJ927Zc1SVZXMjw5OZpARx1gWGOjVr8n/yH9o+a3ZAfSziI7+uDZ
Ox8lP+Pue+coau0ic7a1IEVko7qt/a1tI8fcB0r+r9lz2oOFcZuzmvw14kBHe91jSw7wz8RaDUid
0fIR+0inij4M0CYJLUrknXutefBY7l7NpI/KqBHQPX6tTVBIAEGCNWof0l5qk86Pt+j0yrDA6scW
2dr7ETqjEkbaxxKLEf+vQTSi0FUusKKm7qj8m1tjbRyT8hjXH8m7EQQN0Z2zUxt3vIWw99C+tGaa
fYHq4niKFVI+rRmbIziet0+t4ssqs20Ptz8iEVEwRRdjNbmxtk0NRNZJiLwSv0D2QNNGGxuQPOfl
U5p2NWObhwOhsqNjAtdX9SsqXW6kqEnuKsjU0m915Ai9XT/1m7Mj97p531Xxam1bC5GEs2kTvd6N
zHQNo/ZTDWKJBtsIQmVtk/7zwLOnvGPSjjcaktzmnuXXm7h7iD2le95iqKt8gvhVhEwrLMUM5xNd
coxaex49aNAUhiU5nq8aaX0Xfd6aF30V7t78HVWsauK9dk3HvZC35rqaBaVV7kzYG6ls72Epug5c
DOwqxpTsQPVyhwzaZ1NxuT4iRmuQ08d+RUUrKBIRzsrJ5a5zi11DtzdpWdYpklxGHypoZFuKqnFN
jMj4IwsoTqdGFjKmcZh/hGwh3+Vs3tdEWjjVJMl9kUjLvuXaRMmS+nXtsyiRQH5mNl3v6OdNWfNP
7rBTI0OrM0qWJ45YYMmLGr1RuT+NW7l+0flLC4v/WwtvTz6OQlfzqynykL7RtuTuofxfo6eL+iTX
rkYej+SAVhssOqP1Wecu/VcLEbK5GKetka36aiA37+wnOEqbWZqIaPRFOks6uTmKDD6RhA3V5SVm
nvsRp3i5E8gIMh1JMrWQ1qZ9L7dHc8Es+hcEovt4ZDRtrT+xqi0QvX6R05GzL6Jg8v5ahaVvLUT7
VWl+rLG4z/ylQTSBL/ld26cjco4nf3RNxqN1SvJq5iLvMz60ObfG/KHcwFPUl3RG8hN0jiwFGcc1
UFsjOB6iwysXXY+ufsq0pAON3d4chuiV+kf4ea591B+HrGuKcDiun3YP5mSj+7Ik0zKPNXiYtX06
l+JXVNACiVOM3LMUGl6yrbFRu9DIX36lza5N+BHwjLkkz7PhSvZY/bJm8mnGi/xcICJL2769R9KH
rdbWX1tOhKzc+qT3SwdiqU97kr+G8EURFik5RiIqDnRBFrXQzhm6zqU1jib1NYsE9FNQ3NwgtrXX
QSKYUfMTGROjD5Wj2lnGGEGIa+flqDbI3vcUgVI/pJCpVSBqfBaxw7ImlnxnaV+D+2hjSVqsoXqa
99bD+tL9Wnx+pgOdU66urWUTGldqfEWkFCstc6bB5M/EWhGR2DwyNXLQyeraTkS2Jvly4yxdR2Rr
++RIJyqrVkGuLfwstpTkl2RrCgRUNydPux/6SlBIENb6khQTIscZUWCVSAy3r2qslzSfKNnq0o/6
jNXN+DkfQ0msF9a9gV7j1l6zb7VxMRKWQsLTryaiY1fUGKPyqMRzUP01eJ5WprT3pAfyS/vAUpxG
zaF2f3g5lkW/lf9q7+fiftt3I3JiW1YNP+X6RNZSXrv7yp1dcS0LkDyavq/Bdz0yufpRep8i9IBD
qzwi2Eb21coZF2dOgThXVNHadZFS2oiIz0mFfu1iECXyXj1SG2kOom2KkpkSPq+8ki7pfe6ehZjU
AOfDaKy1+qUnntQoNGrK4cYqEde0nVVXF7D6ci6uNMS7i72KFjtdzamG30i+UdrTKJn15DptXEHv
a/u073ke9lojpnPyaxQOkf3S3JrGMw+8/hHFwzXcCEFXa9pX8Y72034Krcv5lYp4z5i5eGr54xtq
D+ojHh0lndL+iJwTjX2lOkb1KypRQCZcQw4097XtNP0inKuPZIgSly7JtrT+tR7GyOmLSqBoH00Q
4e6XyH4fhVMOCJnSJNK0H7J+415EomTZQjgkmbk2nr0QVYB473dZ5Eo25F6jfT1jiFwfyecaG5GP
SnddEHrnrob/RI+bI5vImnDjlN5r+EbNvOoF4rdNO61cS78ocPEc/eqch7dHQfI3jks0Y4z0ZW+x
qG1Xo16xYly4ZGSNEsnfvYjOA55PgiN7PRdDNHFFqxdB01/1CQ4tqUILMi1KdtQKPmnbGoujGZc2
4URt/i4DWs211MipVbT1XWjlUMt/pfvWQwwUJfKD9EXvI+1rkGfpI69czNT6pGdsaEHThS9EzL+X
tEpt0MI/t67emFQLltwWITuir9W+COIcURhH8SUtB7T2Q4l1tB3t2BDBTz0+bxmndX04G9rXa/9C
yjgVzpZnqEXZb4ktudeaPBoRHyw+r0FEHLToG5f2aT9N3mrzKjRGcPsgGpzvSu3a1yS7ZhPRaVEF
PhoALAuUXrME23EsJscRknN5CEDtDWJNTNo2NccdQYgt6HtvlJI117aGfm3bvkgdSmRqHxikuro+
HED7oonUoyea3HntLBVNyP6K3oOatS/p1s53KlPaG13FnrbcXA7r8jBO21bTTyqeaxRFmpwSqdcK
7eFEZKyt7et98wvOhlys0z7Pot0vApbi06tP4vR9rl2J25f6Rtleew4QWyPHkltvKT6XrnddtyDc
dzQa4T8Ti0x+OzBwgQNFdFLz6EEdr2bhEwWE9OXua/8qW+Nwoa/5RDe+JlhYfMZybxyIRQNNAO8q
2CPyogsIrxyvL7d9r495jiRniD7pXtQnabpO8JwctHjX2BAdOzX5VPNLLKh8tE3fsJD6PlHKZTXs
R3Vo41wXMSqymNTwrVzfUoE7Lr6Xs8UTo6PqDO5h+qX+lvFw+sYJtflZOm/cfEt5wRufPP7U53p5
YyYXKyUewvVHdHjmCj7giFCWk2F1Kq0jof08Ac/zs0y5NqVNPBOKWgnIWnQ5Fi7Z1CA6Vn/g3tfw
65pFu1d25NhzARrp52lTswiL8gW0wJJIcc39ayGG3HVrTkLySqSv5+55804tRMdOqSho309fW/Wg
17VytPD4p6WPJ8/UBrrHPftxnPcUiho21vQ7b7FZku1d0xqFK2dTKf5E7AGpX0Sb0ri68M9a+YeT
nRufZS3GJb5wOXYmxcbJAw5rQiiRjlz7rv56VwvoOL3BzjJXUh9vEvESvy6TXa2NViPRcf25n4mL
ILySXsu9WrAEWY0sy3UPkCRoJSiIzqi20TZK+rvyb7RdV+tSk/SnMpF4Iq157XVL9df6bvlM4ifI
QU9XemuudRe5PJpjRBywlebYy9kt1/pG2x+i8pqGM1sg+dlMLHwR5LhMjU8TevzW0reLQxoPt7Vy
2Rrx2xO/JLkaGZPP4BiHpN4FWe5Dfo0DERRWmTlHinzIVCnhRCeWvqGZl2aupQDs2a81k2pkAtLI
1MpGAn7UHHvHGyXDgqj4IbXr8lCttC7eJCwRjD4Kz/S+dM1CjrqIse2YWGrXbp/G0egi1tIHmWMr
SZV0IjZFkPdIf9DG4IhDBYvcceIZKTgel6615pMENdHeuxobZsoaRe/tGpgpc9lAG9tq6ouQUdNm
Lb8p+SvHKUoHhu02Nf2J/QQHOhHj5uxEdYirRWe0/C4JGvKgpQhCVJJbW17kIRXX3lssW+yxjss7
9xo/RQ9Dah2+1ihmo5JfZBLtM0bXJgPe9p6Y2kXM11xH73v1W/ojssaBS5Tids3C31ugW+Nn6s/W
gwVNvyjf8sxrehAWbaPVrq70Nzq4sWseRCjJR/qhPuSds6gCzwPu0KkrRHP1mvlZi/aebtcxyNdJ
tDrQvrXyqLcmj/a7UpwtXbPILoF9BkcEtAPoe+M1/SLaWJBzXq0TR88jir70cog41PDorvmRR0lv
SZc3KHr7eKBNLGlf6bqF1Gs+0dTVulsSN7p3x2l/l+AhLek1Li6jxW8kwSm91xQIXHyIIE6a9hog
9nPtusjbHhkRZHNc4ri1cOT2m7VdTme6hyO5gjUHRxe9MyVWl2JZqY1Hfqk9twao33mK6HYf7Txo
c3nEfFq5ZnTNx61XVDEdfSgg6ZNiQil2adZDa6PGB9J2Vhus/VQHHJpgoS0AvG1QGVEbSivPs7he
RM5fFLRk2drfoqMUHKTCwBIAo8eIkIb0vYXIWf/K5yEsWn1Rctrri7TV2qdNSFHJqmafdj/vfkfb
1/KlPgpHzie0nypIC7qZBK8/WNrWKlrSvm2/8tji2Vtd+EQ0x0uJvlU2t6+j4jcqo1SsIPLRGBUd
Lz2FVMn3ahXCFtTKxZJM774cZ15VQ56Gq0kyPJ/ai+LX0cjFGM3+6qN+RXJiyS7oIaOcgggyUaO/
NjB6klzjNIiD1AhYkcS77+CVCw7cgza1MrWJXUsapfWtGRykvWgdex+IsCnCr2scHFjjZVdfzakF
jixExGdUnxcI4UH9DiE/Gh/WxDBNMYHIrg3t2DR9o+2JyiXePp5+Td8u171GccPds8YQdG8iBy5d
xl0L95L69RmDUf3RnE4DJPdHzK/GFkuetc6ht5C3zou3FrXareEAlj0R5Q+WsUp1WBeIrAVcn+Cw
KrW07yoZdmFDGvQQ2xAnK5HgGkRMkqX9bXCvTd4iQKvPgi5IjuRfUvuodtHo275oUmItkKPhiW2l
vlKhEAFvITeTMU5jRw5xLETb8vOJUt9Sv1pAit+ZEre8/T39kDze1+FMpO6uD0hq+kJkoYK0G5ci
rM2/NLGo630VDS3n75vXIfq8uVbiQLXqWwvGMbZEYPZoNDotdyOiOGpkSKdYNQtMi/3jsCg5cJtB
es0FHESHxa6afbTyNEHVGoCtBzalIsBiixZWfVJQRn2rTQA8NmrbRfWteUiH9kVjm/awC7VFszZd
k08U1v0bqT9KviePRc+BNse0OUKEDul+V4ca1us17Lb4Qm5Nmuvo4RM6lgieaf0Jyq4LdM84+oxV
qA6puO/ywKM2LDFLamedL8lnonJJBJA6sdQv5Y1avonYiHKVtLbldGlzfK6Gq4HSfFtiMjIPGvkl
fQgmfyZWEmpxFgQo+UbJTJ/kxdO+JmnWkokuCDz6RGMrKakdoDVz7El6Ftu6hqVIsyRuawGHxgbE
b7rcO5LsZm5qJAkPqaodO7x9uDWW4kyNAqiPGMv1saylNi5b4rgVXcXCiHjt8R/NPo7MLTnbrbEZ
0adtkys6rDbUzN25OYs6BNYUapJNbVlI29z9iP2ojc811t6bB9q29snXSvD6YcT+K8lv/vd+oj0n
M22jGYcm72rupe2sciL3IuonGp+PijPt19O+oqJd0K7hsc+asHJO5d0MiP5IZx3noGqBdzztOa49
Nx6CX/Kvmn6olechetbCu51QPeQ4F7D7LthL8iwENuJgYpyLyL7zV4T+mkWBpn/NmKK1RXrfvh51
8BaVFzxziMY1q52180RfeTWqr9f/pbWz7P3UHsQ+S1Fd44CAk1/bPg2HlnJqpG9HxtbIdefaW2Jh
VLGaa2M9uCutr/dHMbx8pcbBRTuHaH8UAPEFzzprUNp/3HvzAYelILCShhqJU9pMyDhyv6+sXfjo
jZyTMa4ko3bxYu3TnjPu/7RtLRKq9fsahZHk41K7rhFZ3NQA6idNW+Saxxar7Ki4VLqu8TvpvsUO
ySaNjHHxvQaW+OEdg2d9omRG5kHNPk77aR9eWbqn0e25n7aJKDBr+AWqW7onrW1Nm9E14PZozecd
eVHLh5E80gWi9Wn3l3Z/d5nvtYXpTAKSCzz1R5RMRGdJtjb+o+NAZZU+GcNx/+xXVKTBeAracf0e
tqdtRJAtFZVon/Q6mpBTR+vq8AGRyc15zaCO2NV+nXuInDdQWPeLlYDn5NRqYwn6nna1DwxSeeOS
tBEyHCnfUjRodXjaeRKudt6QpGxByZdr7tvSPS/RqxUXrMjlxdwfNlJ7onON9JDScY410fJq8JJa
xfdMA7J3JT6GytLo9QIdk9cWDc9G7KsVn3Nt+vbdiCLYOq+R9VwET5FivYVb1ajjNahVc6XXpU/l
FH9FxZpUIhyiqwnKXRuHIl9z8BBpryfwWlBjnblDCK6NVU+fiNpnnvZWOX3MX3vdkZ/1i9CF3Ism
2drYGlE0t9tGxvbodha0C1tJN7rmXDzy2GbtW1ovlIBq7Ogy70T4Yq0i2FtQleREx34rL4pAaQ8i
/blrXKxr+7YlZkfaGtEf5Qs1eGxXMqS19NiU8wsLkPmv/csrJR2aufauixbcOmpqJasuTm+0bKld
zVyo5Xm5Pl3UjhpZqp+J9SiSCB4irzSR6OIhpA6Rp2mnLSAiHA29hjqkNijWLBy7JFmewjGinaaf
pri0JkbEjiiZnP9GFoTa/dCVn0cjF39zc2+N6Zb7tXV4yJe1qNEgouitsQ+l9zPF3xEgsUdTcEjy
u+iHyqppl6VNVMzxFHveOdcS+y5iJwLJP8aZZ6GyavYpyfAWe952EftKa4Mn50o6m3xs/VSzpX1N
/+/Cx5GaG72P6PHIkOR6+rMHHNZF9ji6JMv6F9cugnTXpC913KgNGUmWrT/bxrVBA6K3+I1oE2lT
WwZCxiKSHdcfWVMreeXkI0Rw3BJRNGHvorC2yPB8hSq1xVN0RR7KNG3GKVFLctAYqbVLu48th0Se
QhftF+0bGpRicc0iV9Id7ds1imQLj0Q/FVWjmI2WE1UEW3zQk5O6KA45RPJfD4/hinFLUa8BV9CO
W33gxbj7Vh/8fBzhqYFK8RyVlz3gsBYzqWJrIRqVMNGiyRrsEf0123sRmaQ9CbmLeUJ8NfJhSjUQ
Tcw0hwfWOW8n2dqHEZId7f81/bQf5YwoINoESWNDbpyR842Sae8e96xX6Xr6WvLJLgpRBBEE1Zo3
a/qUNx6gHCJKB0pOa+2/kt7asnPj7OIvqhZIa1XihOOQq7rqp5Xntc9aqFhhKTZrttfEkLTAQ+eu
zR3GAVF1VZd5WDPXXSCCA3Aym9fWmCfVCdb9FxF/RyPgGRxSZ+/P6tTuKxVXVhIS6WhtuyLIgicA
W+ag/d761/f2a45M19jcJVu0bZGNjfRrrtVOvqhMpMguyYhub/Fba9LXJlV0jS1oy0MIvGfdLLZ1
oasGQa4R09PXXaA0jr4IrxQja3xSRrueyDrVKOYtsUUbHxE9XaKU97h7kiyN7og17IqPWDkF0sdT
0JTk9ymnhv4a97i22pjQvh45hyWOEQ2trsjxWmJqhM7SmK2+kNODzq+nDtT0ycViJH5pYtzExATN
Ho1Gp1mElhC92brW6YU1CWqcNr1W6+cbI5CS/pK9Vlu8GzSSyFr2kWZe0M3uAWdPiahqbCuNCbFR
0huhD0k20lxFJI5URxQBqRWjSq+b91p/4fSV9lskkYnYZ5aCBdEdQYyioYmrXcc4RL43RqF6upI7
LoWtJLMW7/TucasvWH0Z4UtamU076RcIEB1onB8XRMftNO9IeQiZ01p/JNDE1OZ17U9nRe7vEh9F
3/fpt9aasQYkG2rNn1YO0n7yExwWx/QWoV3qLMmSNoZmsUvXLTIiSJ53rXIypOI27Zd+3E77k4up
fK4dcipY0oG20RAy65ileUTt9KBmwRed4Li19xDLKPva9yOKWK7tOCRHCd7xjuNYa5K6Lop5Lqbm
5jpy/tHiSOsbEYWypZ+Um6KAFFOlj7Yj9zT2dJlvPDzQ4hfI/Gr6o0C5llZO+3o0l6iVs7TrVsqx
NeO1pNPKTVGbahWeGkTVaaW4FaFD0q2RX2Oea8bBSDu6lGPhjiMi6uYzzAMGDBgwYMCAAQMGDBgw
YMCAAZUwq28DBgwYMGDAgAEDBgwYMGDAgAEDvBgOOAYMGDBgwIABAwYMGDBgwIABMx7DAceAAQMG
DBgwYMCAAQMGDBgwYMZjOOAYMGDAgAEDBgwYMGDAgAEDBsx4DAccAwYMGDBgwIABAwYMGDBgwIAZ
j+GAY8CAAQMGDBgwYMCAAQMGDBgw4zEccAwYMGDAgAEDBgwYMGDAgAEDZjyGA44BAwYMGDBgwIAB
AwYMGDBgwIzHcMAxYMCAAQMGDBgwYMCAAQMGDJjxGA44BgwYMGDAgAEDBgwYMGDAgAEzHsMBx4AB
AwYMGDBgwIABAwYMGDBgxmM44BgwYMCAAQMGDBgwYMCAAQMGzHgMBxwDBgwYMGDAgAEDBgwYMGDA
gBmP4YBjwIABAwYMGDBgwIABAwYMGDDjMRxwDBgwYMCAAQMGDBgwYMCAAQNmPIYDjgEDBgwYMGDA
gAEDBgwYMGDAjMdwwDFgwIABAwYMGDBgwIABAwYMmPEYDjgGDBgwYMCAAQMGDBgwYMCAATMewwHH
gAED/j/27jxKqvJO/PC3bVqhIyGACiLIgCi4gWJiRFwADUgcggsmcRlDlCQak0E07tkmY9QYXBgS
o1mII9HoaNxiRBQXFiWiweAWpCMgmAiE5de2CtpA//7gwKGpW93Vm/TbPM85njN5q+rWBV/vVH3q
3vcCAAAkT+AAAAAAkidwAAAAAMkTOAAAAIDkCRwAAABA8gQOAAAAIHkCBwAAAJA8gQMAAABInsAB
AAAAJE/gAAAAAJIncAAAAADJEzgAAACA5AkcAAAAQPIEDgAAACB5AgcAAACQPIEDAAAASJ7AAQAA
ACSvVVVV1fbeBwAAAIAGcQYHAAAAkDyBAwAAAEgmMe3eAAAgAElEQVSewAEAAAAkT+AAAAAAkidw
AAAAAMkTOAAAAIDkCRwAAABA8gQOAAAAIHkCBwAAAJA8gQMAAABInsABAAAAJE/gAAAAAJIncAAA
AADJEzgAAACA5AkcAAAAQPIEDgAAACB5AgcAAACQPIEDAAAASJ7AAQAAACRP4AAAAACSJ3AAAAAA
yRM4AAAAgOQJHAAAAEDyBA4AAAAgeQIHAAAAkDyBAwAAAEiewAEAAAAkT+AAAAAAkidwAAAAAMkT
OAAAAIDkCRwAAABA8gQOAAAAIHkCBwAAAJA8gQMAAABInsABAAAAJE/gAAAAAJIncAAAAADJEzgA
AACA5AkcAAAAQPIEDgAAACB5AgcAAACQPIEDAAAASJ7AAQAAACRP4AAAAACSJ3AAAAAAyRM4AAAA
gOQJHAAAAEDyBA4AAAAgeQIHAAAAkDyBAwAAAEiewAEAAAAkT+AAAAAAkidwAAAAAMkTOAAAAIDk
CRwAAABA8gQOAAAAIHkCBwAAAJA8gQMAAABInsABAAAAJE/gAAAAAJIncAAAAADJEzgAAACA5Akc
AAAAQPIEDgAAACB5AgcAAACQPIEDAAAASJ7AAQAAACRP4AAAAACSJ3AAAAAAyRM4AAAAgOQJHAAA
AEDyBA4AAAAgeQIHAAAAkDyBAwAAAEiewAEAAAAkT+AAAAAAkidwAAAAAMkTOAAAAIDkCRwAAABA
8gQOAAAAIHkCBwAAAJA8gQMAAABInsABAAAAJE/gAAAAAJIncAAAAADJEzgAAACA5AkcAAAAQPIE
DgAAACB5AgcAAACQPIEDAAAASJ7AAQAAACRP4AAAAACSJ3AAAAAAyRM4AAAAgOQJHAAAAEDyBA4A
AAAgeQIHAAAAkDyBAwAAAEiewAEAAAAkT+AAAAAAkidwAAAAAMkTOAAAAIDkCRwAAABA8gQOAAAA
IHkCBwAAAJA8gQMAAABInsABAAAAJE/gAAAAAJIncAAAAADJEzgAAACA5AkcAAAAQPIEDgAAACB5
AgcAAACQPIEDAAAASJ7AAQAAACRP4AAAAACSJ3AAAAAAyRM4AAAAgOQJHAAAAEDyBA4AAAAgeQIH
AAAAkDyBAwAAAEiewAEAAAAkT+AAAAAAkidwAAAAAMkTOAAAAIDkCRwAAABA8gQOAAAAIHkCBwAA
AJA8gQMAAABInsABAAAAJE/gAAAAAJIncAAAAADJEzgAAACA5AkcAAAAQPIEDgAAACB5AgcAAACQ
PIEDAAAASJ7AAQAAACRP4AAAAACSJ3AAAAAAyRM4AAAAgOQJHAAAAEDyBA4AAAAgeQIHAAAAkDyB
AwAAAEiewAEAAAAkT+AAAAAAkidwAAAAAMkTOAAAAIDkCRwAAABA8gQOAAAAIHkCBwAAAJA8gQMA
AABInsABAAAAJE/gAAAAAJIncAAAAADJEzgAAACA5AkcAAAAQPIEDgAAACB5AgcAAACQPIEDAAAA
SJ7AAQAAACRP4AAAAACSJ3AAAAAAyRM4AAAAgOQJHAAAAEDyBA4AAAAgeQIHAAAAkDyBAwAAAEie
wAEAAAAkT+AAAAAAkidwAAAAAMkTOAAAAIDkCRwAAABA8gQOAAAAIHkCBwAAAJA8gQMAAABInsAB
AAAAJE/gAAAAAJIncAAAAADJEzgAAACA5AkcAAAAQPIEDgAAACB5AgcAAACQPIEDAAAASJ7AAQAA
ACRP4AAAAACSJ3AAAAAAyRM4AAAAgOQJHAAAAEDyBA4AAAAgeQIHAAAAkDyBAwAAAEiewAEAAAAk
T+AAAAAAkidwAAAAAMkTOAAAAIDkCRwAAABA8gQOAAAAIHkCBwAAAJA8gQMAAABInsABAAAAJE/g
AAAAAJIncAAAAADJEzgAAACA5AkcAAAAQPIEDgAAACB5AgcAAACQPIEDAAAASJ7AAQAAACRP4AAA
AACSJ3AAAAAAyRM4AAAAgOQJHAAAAEDyBA4AAAAgeQIHAAAAkDyBAwAAAEiewAEAAAAkT+AAAAAA
kidwAAAAAMkTOAAAAIDkCRwAAABA8gQOAAAAIHkCBwAAAJA8gQMAAABInsABAAAAJE/gAAAAAJIn
cAAAAADJEzgAAACA5AkcAAAAQPIEDgAAACB5AgcAAACQPIEDAAAASJ7AAQAAACRP4AAAAACSJ3AA
AAAAyRM4AAAAgOQJHAAAAEDyBA4AAAAgeQIHAAAAkDyBAwAAAEiewAEAAAAkT+AAAAAAkidwAAAA
AMkTOAAAAIDkCRwAAABA8gQOAAAAIHkCBwAAAJA8gQMAAABInsABAAAAJE/gAAAAAJIncAAAAADJ
EzgAAACA5AkcAAAAQPIEDgAAACB5AgcAAACQPIEDAAAASJ7AAQAAACRP4AAAAACSJ3AAAAAAyRM4
AAAAgOQJHAAAAEDyBA4AAAAgeQIHAAAAkDyBAwAAAEiewAEAAAAkT+AAAAAAkidwAAAAAMkTOAAA
AIDkCRwAAABA8gQOAAAAIHkCBwAAAJA8gQMAAABInsABAAAAJE/gAAAAAJIncAAAAADJEzgAAACA
5AkcAAAAQPIEDgAAACB5AgcAAACQPIEDAAAASJ7AAQAAACRP4AAAAACSJ3AAAAAAyRM4AAAAgOQJ
HAAAAEDyBA4AAAAgeQIHAAAAkDyBAwAAAEiewAEAAAAkT+AAAAAAkidwAAAAAMkTOAAAAIDkCRwA
AABA8gQOAAAAIHkCBwAAAJA8gQMAAABInsABAAAAJE/gAAAAAJIncAAAAADJEzgAAACA5AkcAAAA
QPIEDgAAACB5AgcAAACQPIEDAAAASJ7AAQAAACRP4AAAAACSJ3AAAAAAyRM4AAAAgOQJHAAAAEDy
BA4AAAAgeQIHAAAAkDyBAwAAAEiewAEAAAAkT+AAAAAAkidwAAAAAMkTOAAAAIDkCRwAAABA8gQO
AAAAIHkCBwAAAJA8gQMAAABInsABAAAAJE/gAAAAAJIncAAAAADJEzgAAACA5AkcAAAAQPIEDgAA
ACB5AgcAAACQPIEDAAAASJ7AAQAAACRP4AAAAACSJ3AAAAAAyRM4AAAAgOQJHAAAAEDyBA4AAAAg
eQIHAAAAkDyBAwAAAEiewAEAAAAkT+AAAAAAkidwAAAAAMkTOAAAAIDkCRwAAABA8gQOAAAAIHkC
BwAAAJA8gQMAAABInsABAAAAJE/gAAAAAJIncAAAAADJEzgAAACA5AkcAAAAQPIEDgAAACB5AgcA
AACQPIEDAAAASJ7AAQAAACRP4AAAAACSJ3AAAAAAyRM4AAAAgOQJHAAAAEDyBA4AAAAgeQIHAAAA
kDyBAwAAAEiewAEAAAAkT+AAAAAAkidwAAAAAMkTOAAAAIDkCRwAAABA8gQOAAAAIHkCBwAAAJA8
gQMAAABInsABAAAAJE/gAAAAAJIncAAAAADJEzgAAACA5AkcAAAAQPIEDgAAACB5AgcAAACQPIED
AAAASJ7AAQAAACRP4AAAAACSJ3AAAAAAyRM4AAAAgOQJHAAAAEDyBA4AAAAgeQIHAAAAkDyBAwAA
AEiewAEAAAAkT+AAAAAAkidwAAAAAMkTOAAAAIDkCRwAAABA8gQOAAAAIHkCBwAAAJA8gQMAAABI
nsABAAAAJE/gAAAAAJIncAAAAADJEzgAAACA5AkcAAAAQPIEDgAAACB5AgcAAACQPIEDAAAASJ7A
AQAAACRP4AAAAACSJ3AAAAAAyRM4AAAAgOQJHAAAAEDyBA4AAAAgeQIHAAAAkDyBAwAAAEiewAEA
AAAkT+AAAAAAkidwAAAAAMkTOAAAAIDkCRwAAABA8gQOAAAAIHkCBwAAAJA8gQMAAABInsABAAAA
JE/gAAAAAJIncAAAAADJEzgAAACA5AkcAAAAQPIEDgAAACB5AgcAAACQPIEDAAAASJ7AAQAAACRP
4AAAAACSJ3AAAAAAyRM4AAAAgOQJHAAAAEDyBA4AAAAgeQIHAAAAkDyBAwAAAEiewAEAAAAkT+AA
AAAAkidwAAAAAMlrtb13AGBHsXTp0vjzn/+cM969e/c4/PDDt8MeAeT3zDPPxL/+9a+c8REjRkTr
1q23wx4BQM0EDoCPySuvvBKXXXZZzvjJJ58scADNzi9/+cvMKDt48GCBA4BmSeAAAEhAeXl5vPzy
y7Fo0aJ49913Y+3atdGqVato06ZNdO7cOfbdd9848MADt/duAsB2I3DADm7lypXx5S9/OTZs2FBt
vEOHDvGHP/yhwdufOnVqXHfdddXGSktL48EHH4ySkpIGbfuGG26IRx55JGf8lFNOiW9/+9sN2jZA
c/Daa6/FH/7wh5gzZ06UlZVFZWVljc9v3759HHjggXHsscfG6aefHqWlpR/TngLA9idwwA5ut912
i8rKyli6dGm18bfeeivmz58fffr0adD2n3zyyXjrrbdyxp955pn43Oc+16Bt//nPf87cdteuXRu0
XYDtbe7cufHzn/88ZsyYkROga7JmzZqYNWtWzJo1K2655ZY4/fTT41vf+pZLSgDYIbiLChAHHHBA
5vizzz7b4G2/9NJLmeMzZsxo8LYXLFiQM1ZSUhKDBg1q8LYBtpfrrrsuzjzzzHj66afrFDe2tWbN
mrjlllvipJNOynssBoCWxBkcQPTr1y+mTp2aM/7yyy83aLtlZWWxcOHCzMca+mF79uzZUVFRkTO+
zz77RPv27Ru0baDx3H///ZlnWo0ePdp/q9tYs2ZNjB07NmbNmtWo212wYEGMGTMmbrjhBgEYgBZN
4ADi2GOPjeuvvz5nfP78+Q3a7uOPPx5VVVWZjy1YsCCWLVsWnTt3rte258yZkzlugT1oXh566KGY
OXNmzvhJJ50kcGyloqIixowZU2v87dKlS/To0SM6deoUrVu3jnXr1kVFRUW88847UVZWFh9++GHm
69asWROXXHJJTJ48ucGXHgJAcyVwALH//vtH586dY9myZdXGFy1aFKtXr44OHTrUa7vPP/983sfW
r18fU6dOja985Sv12varr76aOd6/f/96bQ9ge/rP//zPvHGjpKQkhg4dGmeeeWYcccQRebdRUVER
9957b0yePDnzrJlVq1bFuHHj4u6774527do12r4DQHNhDQ4gIjZFjm2tX78+pk+fXq/tVVZW1nqJ
y5///Od6bTsie/2N4uJip18DyRk/fnzeY2337t3j9ttvj4kTJ9YYNyIi2rZtG+ecc048/vjjceKJ
J2Y+54033ojx48c3eJ8BoDkSOICI2LQOR5a5c+fWa3vTpk2Ld999t8bnzJs3r17bXrp0abz99ts5
4927d48999yzXtsE2B5efvnlmDRpUuZjvXv3jrvuuisGDBhQp22WlJTExIkT44QTTsh8/P7774+y
srI67ysANHcCBxAREUcddVTm+Ouvv16v7RVyl5Rly5bVK6DMmDEjc20P628Aqbn++utj3bp1OeO7
7757/PznP29QtL366qszb5u9du3a+J//+Z96bxcAmiuBA4iITWtXdOzYMWd8wYIFUVlZWeftZYWL
Xr165YxNmzatztvOd+bHIYccUudtAWwvzz33XMyePTvzsQsuuCB69uzZoO136NAhRo8enfnYjBkz
4oMPPmjQ9gGguRE4gC2y1uF4//33834Az2fhwoXx5ptv5oz/+7//e87YX/7ylzptOyL77i5FRUXW
3wCSMnny5Myz0fr27Rtnn312o7zHOeecE126dMkZr6ioiAceeKBR3gMAmgt3UQG26Nu3b8yaNStn
fM6cOXHMMccUvJ2pU6fGxo0bq43tscceMXTo0Lj55purjb/22mvxwQcfRGlpaUHbrqyszIwnXbt2
jR49ehS8j9sqLy+PP/zhDzF37tx48803o7y8PD788MMoKSmJtm3bRufOnaNPnz4xZMiQOl8P/3F4
+umnY9asWfHGG2/E8uXL47333ouPPvooWrduHW3bto2OHTvGwQcfHEcddVTey5EaatmyZfHII4/E
Sy+9FEuXLo1Vq1bFunXroqioKNq0aRO77bZb7L333nHooYfGF77whXrfnWezKVOmxMqVK6uN7bHH
HjFs2LCc/XrwwQfjr3/9ayxZsiTWrFkTH3300ZZ/t127do3+/fvHyJEjY++99671fdetWxePPPJI
PPvss7Fw4cJYtWpVrF27NkpKSmLXXXeNjh07xoEHHhgDBw6M4447rkF/xnya43zN+vcREbF69erM
5z/++OOZ/90fccQRse+++9b5/T/u+ddQ5eXlmcfbiIgxY8Y06nsNHDgw7r333pzx6dOnx5lnntko
7zF16tR4+umno6ysLJYvX17tv4lOnTpFv379YtiwYXnXe6rNE088kXOnrzZt2sSoUaO2/O8PPvgg
fv/738esWbNi8eLF8e6770ZJSUnsvvvuMWbMmBg5cmTB7+d4tmMfz4B0FVVl/XQA7JCee+65OOus
s3LGjz322Pjtb39b8HZGjx6dswbHwIEDY/LkyXHEEUfEihUrqj120003FfzB86mnnsr88D9s2LD4
xS9+UfA+brZkyZL42c9+FlOmTIn333+/oNf07t07zj333GofrAvx6KOPxre+9a2c8ZNPPjluuOGG
Om0rYlPs+dWvfhX/93//F0uWLCn4dfvtt1/8x3/8R6N9sXnppZfiF7/4RcycOTM+/PDDgl5TWloa
gwcPjm9+85uZZw4V4gtf+ELO7YIPOuigePjhhyNi05lEEyZMiCeeeCJzjYNt7bLLLjF06NC4/PLL
8657MGHChPj973+fM4fzOeCAA+Lcc8+Nk08+uaDn1+bjnK91lfXvoz5+/OMfx+mnn17w87fX/Guo
u+++O6688sqc8U6dOtX5rLnaTJ06Nc4///yc8V69esXjjz+e93VnnHFG5t2u5syZE7vttltERPzu
d7+LSZMmxeLFi2vdj+Li4jjqqKPi4osvjoMOOqjwP0CeffnUpz615XLI++67L2688cacCLLZ1772
tbjiiitqfR/Hs/x2pOMZkC6XqABbHHnkkfGpT30qZ/yNN94oeBuVlZWZa2Rsvr1h3759cx579tln
C97+iy++mDlen18FJ02aFCNGjIj77ruv4A9XEZv+Pi699NL4+te/HmvWrKnz+zaGF198MUaMGBHj
x4+vU9yI2LSuyve+97344he/GEuXLq33PlRWVsaPfvSj+PKXvxzTpk0r+MtAxKZfWv/0pz/FqFGj
GvWWlZv34c4774xTTz01/vjHPxb0ZWDza//4xz/GySefnPMFs6ysLE477bSYMGFCwV8GIjYt0nvJ
JZfEd7/73cL/EHmkPF+bQnOcf3WR7zbZRx99dKO/15FHHhklJSU542+//Xa91liK2HQmwVe+8pX4
/ve/X1DciIjYsGFDTJ8+Pc4666y477776vW+W/voo48iIuLmm2+OK664Im/ciIjYaaeaP/I2x/nk
eJarpR7PgMYjcADV9O7dO2ds2bJlmeteZHnqqaeivLy82thOO+205TTbzaFjay+99FLB+/faa69l
jtf1S8G4cePi6quvjoqKijq9bmvTpk2L0aNHf+wfsqZOnRrnnntuLFiwoEHbefHFF+NLX/pSvPDC
C3V+7Zo1a2L06NFx++231/sLUsSmuznccsstMWbMmII/uNfkww8/jAkTJsQPf/jDnHlYqBUrVsS3
vvWtLXN+9uzZ8aUvfale68VERGzcuDHuuuuuBn0pSHm+NoXmOv/qIl84Pvzwwxv9vdq2bRunnXZa
DB06tNo/xxxzTI1RIJ9ly5bFWWedFTNnzqzX/rz77rvxve99L55++ul6vX6zysrKuPPOO+NnP/tZ
bNiwocbnFhUV5X2suc4nx7P8WtLxDGhcAgdQzcEHH5w5nu9a8W1l3R52n3322XIHleHDh0dxcXG1
xxctWhSLFi0qaPtZX+o7d+5cp1vEnn/++fHQQw/lfby4uHjL9dXt27fP2d+tvfLKK3HppZcW/N4N
9cILL8Sll15a4wfD4uLi2GOPPaJ79+7RqVOnzF9uN1u2bFlceOGFBf/9R2z6tfK8886r9TT60tLS
6NKlS3Tu3Dlat25d43OfeuqpzFPo62r58uUxceLEzC87xcXF8YlPfKLGv4/N1qxZE9///vdj/vz5
MW7cuPh//+//ZT5v5513jtLS0lp/HY7YdElCfRZ1THm+NoXmPP/qIuvsqaKiovjMZz7TJO939dVX
x6233przT7du3eq8rQsvvDAWLlyY+dguu+wSpaWlNQaFiE1f3q+66qoG3cll/fr1MX78+Jw1n+qi
Oc8nx7OWfzwDGp9FRoFqPvvZz8avf/3rnPGXX365oNdn/Sq09Qf2PffcM3r37h2vv/76lrGNGzfG
1KlT47zzzqtx2wsWLIjly5fnjPfp06egfYuIuOaaa2Lq1KmZj3Xp0iXOOOOMGDFiRLUP/StXroyH
Hnoo7r333szA8uSTT8b9998fp5xySsH7UR+VlZVx1VVX5Y0bhx12WJx66qlx/PHHb7k+PmLTh9vH
H3887rrrrnjllVdyXvfOO+/E2LFjt1zrXZurrroq71kfHTt2jOHDh8epp56ac9nQ7Nmz48EHH4zH
Hnss888wffr0uOaaazLXJSjUtqeVd+/ePYYPHx6DBw+OQw45ZMuXgfnz58eMGTPikUceybtuxIsv
vhhf/epXc07h7tevX4wYMSKOO+646N69e0RsWqhv9uzZMX369JgyZUr861//ytnexo0b47e//W2d
rl9Pab7+7Gc/y/zV+r/+678yvzzeddddmQszdurUqcb3ac7zr1BlZWWZX+x32223LXOqOds2bhx8
8MFx4oknxuDBg7csEFtRUREzZ86MKVOmxBNPPLHlcpKtLVu2LO64445aj/35VFVVZZ4x2K1bt+jS
pUuUlpbG+vXro7y8PO8ioM15PjmeNZ///wukwyKjQDWVlZXRv3//nGtia1uMLiLirbfeiuOPPz7n
16Zf/epX1VZf/8EPfhCTJ0+u9pxBgwbFpEmTatz+pEmT4uqrr84ZHzt2bIwdO7bG10Zs+iB03nnn
Zf4aNmLEiLj22mtrvJtLZWVlXHHFFXH//ffnPNa9e/eYMmVKjb/sNXSR0euvvz5uvfXWnPGSkpIY
N25cQV8SbrzxxvjFL36R+Xdw5ZVX1nr3hnvvvTcuv/zyzFtbHnnkkXHNNdfUunL/3/72t7jyyisz
12opKSmJX/7yl3HsscfW8iepeVHL4uLiGDNmTFx22WW1bufWW2+NG2+8MdavX1/j83beeee46KKL
4utf/3qNz1u5cmVceuml8cwzz+Q8VlRUFP/7v/9b0J1stvd8bSxf+cpXMi9lePLJJ+t856PmNP8a
4sknn4yvfe1rOeO9e/eOKVOmNOl710W+RUY3a9OmTVxyySUxevToGrfzzDPPxMUXX5x5OcEBBxwQ
jzzySIP3ZZdddomRI0fG6NGjC47ezWk+OZ6lcTwDmj+XqADVlJSUZK7DsWjRosxbQG5typQpOR9e
2rdvn3NruawPe4WcIZLvOQMHDqz1tZWVlXH99ddnfrgaNWpUTJgwodZb1ZaUlMT48eMzTyF/6623
4vbbb691P+pr4cKFOVEoYtMHzMsvv7zgX0AvuuiizMgSEbUGpoqKirjpppsyvwwMGDAgfve73xV0
W8L9998/7rjjjjjggANyHqusrIz//u//rnUbtbn44osL+jIQEXHeeefFN77xjRqfs/nvubYvAxGb
foW/5ZZbYr/99st5rKqqqqB1C1Kfr00hpflXm3y3zi30dtnNQbt27eLGG2+sNW5EbArYV111VeZj
ZWVl9V5fYrMOHTrEbbfdFtddd13BcSOl+eR41vKOZ0DTETiAHFm379uwYUPm+hpbe/7553PG+vfv
nzM2ZMiQaN++fbWx1atX17r9rIVOO3ToEJ/+9KdrfF1ExOTJk6OsrCxn/KCDDoof//jHtb5+a5dd
dlnmdcGPPfZYnbZTF5MnT85caf7zn/98fPWrX63TtsaOHRsDBgzIGV+2bFk8+uijeV/3m9/8JnNB
ws6dO8dNN91Up31o27Zt3HzzzZl37Vm4cGHcc889ddre1oYMGVLnU94vuOCC6Ny5c97Hjz/++IK+
yG3WunXrOOOMMzIf+9vf/lbr61Ofr00hlflXiLVr12aOpxI4iouL47rrrtuyeHQhTjnllMwvyZWV
lfHcc8/Ve1923nnnuOGGG+KYY46p0+tSmU+OZ9W1lOMZ0HQEDiBHvkXuarvbSdYpukceeWTmc7Nu
6zp9+vS82y4vL89cCHP//fevcZ82u/fee3PGioqKYuzYsQUt0ra1/v37Z/65Xn311bynGDdU1nXL
paWl8Z3vfKde28t3FscTTzyR9zUPPvhg5viYMWNijz32qPM+9OrVK7785S9nPnbXXXfVeXubXXjh
hXV+TevWrfOGsuLi4vj2t79d520OHTo084N4IbfmTX2+NoVU5l8h8t2pI5VT7E866aQ6xY3NDj30
0MzxfAuWFmLUqFH1uqQolfnkeFZdSzmeAU1H4AByDB48OHbZZZec8Xy3aI3YdMu2bVdmLykpieHD
h2c+P+t2sTXdtm7WrFmZXwry3fVlay+88ELmLRkPPvjgnMtnCnXiiSfmjG3cuDGmTZtWr+3V5MEH
H8z8pfHoo4+u94KEAwYMyHzt4sWLM58/bdq0WLJkSc549+7d45xzzqnXPkRsWlE/a/G/V155pU63
D95a1hlIhci6NCti0yK29dlm586dqy32ulltd41Ifb42hZTmXyFSX/6sPl+6I2LL3bS29e6779Z7
X+rz7z+l+eR4liv14xnQtAQOIEdpaemWlfC3VlZWlveXx6yzL/bff/+8p8mecMIJOb8GzZ8/P++1
6XPnzs0czwol28p3VkJdT2ne2rBhw2LnnXfOGc/6INdQL774YuZ4Q/Y/IjIXeMxaLT8iMheYi9h0
+nRDtG3bNo4++ujMx2q7ZKmxZZ1eHpH/SyVQbcoAACAASURBVFkhsi45qO0LQerztSnsCPMvJVkB
vBDt2rXLHH/vvffqvS+f/OQn6/yaHWE+OZ4BOyqBA8iU9QvP+++/n/da6awv4Ycffnje7e+99945
H7Q++uijvHdq2fq2spu1bdu2oA9JWZfORGy6Drm+2rVrl3kGRENOtc4n6xrnoqKighZXrcnll18e
t99+e7V/fvrTn2Y+N+v2shERI0eObNA+RGyKXVn++te/NnjbddGmTZvM8fp8gdos60N41u0yt5b6
fG0KO8L82xHkW2Nk29uhNrUdYT45ngE7KoEDyHTYYYdljs+ZMydnbMmSJfH3v/89Z/xzn/tcnd9j
9uzZmc9dsGBBzlihq+X/4x//yBlr27Zt9O3bt6DX57P77rvnjGVdStJQWWuP7LnnngWt8F+T/fbb
L4455phq/2QtPhqRfZ11+/btG/x3GLHpUpus67CzFqVrCWq7PCH1+doUzL+W7eO+ZMd8ajyOZ0Bz
02p77wDQPA0ePDhKSkpyLknJWofjsccey7n9W5cuXfIuVrrZ0UcfnbP4WtavXHPnzo01a9bkjBey
/sa6deti+fLlOeMbNmyI0047rdbX1+Stt97KGct3d4SGqKioyBnL+nDXVFavXp15G8d/+7d/a5Tt
l5aWRrdu3XJ+fdt2TZcdQUuYr42tJc6/rMUaI2r/NZyGa4nzqblyPAO2B4EDyNShQ4fo2bNnzjWt
Wde4Zt0eNt8ZIFsbMmRItGvXrtqHzaVLl8arr75a7RKZrO1H5L/by9ZWrFiRE18iNl03XNOipvW1
fv36WLFiRb1W4c/y1ltvZe5/27ZtG2X7hVi8eHHmr3T5rqevj6zrxdeuXRvl5eWN+j7NXerztSm0
xPmX71KN2tYzoOFa4nxqrhzPgO3BJSpAXlnrcCxfvjxnTYissy7yLbS2tZKSkszTVJ988slq//vl
l1/OeU5paWlBtwbMOvOjqa1atarRtpVv0c9dd9210d6jNu+//36T70PWF76qqqqCbkHYkqQ+X5tC
S5x/+QKlX6CbXkucT82V4xmwPQgcQF79+/fPHH/22We3/N9PPfVUzoeYNm3axLBhwwp6j6y7oGy7
zkfWWSP77rtvtG7dutbtb49fRLN+saqvfHetyXeKe1NYv3595njWdeb1le+uDOvWrWu090hB6vO1
KbTE+Zdv/Zx8d5Gi8bTE+dRcOZ4B24NLVIC8Bg0aFMXFxTkfGLZeFT3rdnt9+/Yt+BKKz33uc3HD
DTfExo0bt4y9+uqrUVlZGSUlJbFixYrMX72yzi6pi+Li4mjVqmkOgY0ZH/Kdyp4vfDSFj+PDer5f
rguJWDuCVOZrU2iJ8693797RqlWrnC/by5cvd4p9E2uJ8yk1O/LxDGh6AgeQ15577hndu3fPWSxt
/vz5W/7vrOtos87KyKdXr17Rs2fPandhqaioiGnTpsXw4cNj5syZmb/IfPrTny5o+/kCwYABA+KO
O+4oeD+3l06dOmWOZy082lTy3VYw36ne9fHee+9ljrdv377R3iMFqc/XptAS519JSUnstddeOQsl
VlVVxQsvvBAnnnhio7/nY489lnncOO6446JDhw6N/n7NVUucT82V4xmwPQgcQI0OPPDAnMDx9ttv
R8SmW7Jte/vWoqKigi9P2ezQQw/Nuc3ss88+G8OHD68WUzbbeeedY9CgQQVte7fddsscT2VF+86d
O2fezebjDBw9e/aMnXbaqdpZNhERK1eubLT3yDo1v02bNrHXXns12nukIPX52hRa6vzr2bNn5p0g
nn/++SYJHJdccknOl/ji4uLMW3+3ZC11PjVHjmfA9mANDqBGhxxySM7Yhx9+GPPmzYvp06fnnF3R
o0eP6NOnT53eI2tB0s23o826PKVXr14Fr0S/1157Zf6K9M9//rNO+7g9Zf26+s4773xs719aWpr5
QXXx4sWNsv0VK1Zk/vvYEU/TbwnztbG11PmX7yy05557rtHfa/bs2ZlnKOy555475FkFLXE+NUeO
Z8D2IHAANRo0aFAUFRXljL/xxhvx0ksv5YwXeunI1o4//vicFezLysqisrJyy9kiWzvggAPqtP2u
XbvmjK1evTpmz55dtx3dTvbdd9+csVWrVm2JQB+HHj165Ix98MEH8fTTTzd429OnT8/5NTXfe+4I
Up+vTaElzr9hw4ZlrhewaNGimDt3bqO+V76/p+7duzfq+6SiJc6n5srxDPi4CRxAjXr06JH5AWXR
okXx+uuv54wXeunI1lq3bh0HH3xwtbEPPvggZs6cmXmmQl0jSu/evTPHH3vssTptZ3s58MADM8cb
+gFx8uTJcfHFF1f75wc/+EHmcw899NDM8T/96U8N2oeIiClTpmSOH3bYYQ3edopSn69NoSXOv549
e2aeIVdVVRW/+tWvGvW9ZsyYkTl+5JFHNur7pKIlzqfmyvEM+LgJHECtss6YWLx4cbz55pvVxj71
qU/FcccdV6/3+OxnP5szNn369Jxb0BYXF9c5ohx77LGZ448++uh2uY1dXR177LGZZ9Fk3cGmLh5+
+OF44IEHqv3z/PPPZz73hBNOyLsP5eXl9d6HJUuWZL5nq1atYvjw4fXebspSn69NoaXOv5EjR2aO
P/nkk/Hyyy83yntMnTo1Z62kiE13Ezn11FMb5T1S01LnU3PkeAZ83AQOoFb9+vXLGZszZ07OrfAO
OeSQKCkpqdd7DB06NOcD5xNPPJHzvJ49e9b5WuYRI0bE7rvvnjO+atWqGD9+fN12dBvLli2L3/3u
dw3aRm2OOOKIzMg0Z86cePHFF+u1zSVLlsSrr76aM7733ntnPr9v377Rt2/fnPHVq1fHxIkT67UP
ERE33XRT5i0VP/OZz0TPnj3rvd2UpT5ft5X1RbKuWur8O+usszIvXVi/fn385Cc/aZT3uPXWWzPH
jzjiiB1yXYiIljufmqOWdjwDmj+BA6hV1i8w255ZEbHp1m/11adPn5zrwZctW5bzvP3337/O2y4p
KYkRI0ZkPnbnnXfG9OnT67zNiIjy8vL4xje+Ed///vdj3LhxsW7dunptpxBZd1VYv359XHfddfXa
3vjx4+PDDz/MGR86dGje15x55pmZ4/fcc0+91gx46qmn4tFHH8187Oyzz67z9lqKljBft9a6devM
8breCailzr9vfvObmRFo9uzZcf311zdo2z/96U9j3rx5OeOtWrWKb37zmw3adupa6nxqblra8Qxo
/gQOoFb7779/dO7cucbnFBcXx+c///kGvU///v1rfU6+a6drc8EFF2T+WllZWRkXXXRRzJo1q07b
W7RoUZx77rnxyiuvRETEQw89FF/84hdzbnfbWM4+++zo1q1bzvjcuXPjiiuuqNO2br755sxrzbt0
6RKjRo3K+7pRo0Zlrhnw/vvvx7hx4zLveJPPa6+9FpdddlnO7W8jNoWyut5quKVJfb5uLesuChGR
uYZPTVrq/Dv11FNj8ODBmY/98pe/rPeZHLfddlv8+te/znzs85//fHzmM5+p13ZbipY6n5qjlnQ8
A5o/gQMoSG1nTvTp0yf22muvBr3HwIEDa3y8qKgo7xeB2rRv3z6+853vZP5SumbNmrjgggtiwoQJ
BW3rvvvuiy996Us5v/K9+uqrcf/999dr/2pTWloaF110Ueb+33PPPXH++efHypUra9zGihUr4tvf
/nZMnDgxqqqqqj1WVFQUF110Ua378d3vfjfatGmTM7506dL44he/GH/84x9r3cbdd98dZ599dqxa
tSrnsV133TWuvPLKWrfR0qU+X7eW77hwzz331PlX15Y6/6655prMgLlx48a47bbb4rTTTiv4l+45
c+bEN77xjbj++uszv3DvtddecckllzR4n1uCljqfmpuWdDwDmr9W23sHgDT069evxlvoNcavgcOG
DYvvfe97eRce69atW941IgoxatSo+Otf/xp33XVXzmMVFRUxYcKEuP/++2PgwIFxxBFHRNeuXaNT
p05RUVERb775ZsybNy9mzpwZb7zxRub2BwwYEJdeemm99682I0eOjEcffTRzbZKpU6fG7NmzY9Cg
QfHpT386evXqFR06dIjy8vL4+9//Hs8//3w89dRT8d5772Vu+wtf+EKccsopte5D//79Y9y4cXHt
tdfmRJLly5fHhRdeGLfddlsMGjRoS/SqqqqKf/zjH/G3v/0tnn766ViwYEHOayMidtppp7jsssvy
3jVmR5P6fN0s390j5s2bF8cff3wMGTIk9t5776isrIx//OMf0b9//7xzsaXOvz322CNuuumm+PrX
vx6rV6/Oefwvf/lLnHPOOdGrV6/o169f9OzZMzp27Bg77bRTlJeXR0VFRSxcuDDmz58fb775ZuZt
SiMiPvGJT8QNN9zQ4BjdUrTU+dQctZTjGdD8CRxAQY466qi4+eab8z5+/PHHN/g9SktL46CDDoo5
c+ZkPp610GZdXX311VFeXp73doBLly6Nu+++O+6+++46bfewww6LW265pcH7V5trr702Fi9eHGVl
ZTmPvfvuu/Hwww/Hww8/XKdtHnfccXHTTTcV/PwxY8bEihUrMk9/r6qqitdff73Olx8UFRXFBRdc
kPe6+B1V6vM1YtOto7t27Rpvv/12zmP//Oc/cxYJ/OQnP1nj9lrq/Ovfv39MnDgxxo0bFytWrMh5
vKqqKsrKyjL/2y9E69at44c//GEcfvjhDd3VFqWlzqfmqCUcz4DmzyUqQEH69+8fHTt2zHysU6dO
ceSRRzbK+9T04Tvreun6mDhxYpx11lmx006NcwgcPnx4TJ48Odq1a9co26tJhw4dYtKkSY3yq2BR
UVGccsop9fpgeOWVV8bYsWOjVauGd/KSkpK45JJLYty4cQ3eVkuU8nzd7IwzzmjU7bXU+TdgwICY
PHly5p2rGmLzGSI76m1ha9NS51Nz1BKOZ0DzJnAABcu3Dkchi4MWqqa7eBxzzDGN9j4/+tGPYsKE
CTl3bqmL9u3bx1VXXRU///nP894poinstddecc8998QZZ5wRO++8c722sccee8RPfvKTGD9+fL1v
7Tt27Ni47bbbolevXvV6fURE79694ze/+U2cd9559d7GjiDl+RoRcd555xX85Trf5RXbaqnzb999
940HHnggxo4dGx06dGjQtkpKSmLkyJHxwAMP7PALXdampc6n5ij14xnQvLlEBShY3759M1c7b6yz
NyIiDjrooOjWrVvOCvZ77rln9OnTp9HeJ2LTrVeHDh0ad955Z/zpT3+KefPmxfr162t9Xbdu3WLI
kCFx/vnnZ64M/3EoLS2Nq6++Ok4//fSYNGlSTJ8+PfPa/a0VFRVFjx494qSTTopzzjkn790t6mLw
4MExePDguOOOO+Lhhx+OefPmxYYNG2p8TXFxcRxyyCFx0kknOYW7DlKerxGbblnap0+f+M1vfpN5
C+jNCg0cES17/o0dOzbOPvvsuOOOO+KJJ56IN954o9Y/W8SmtR/22WefGDhwYJxxxhkN+sK+o2nJ
86m5Sf14BjRfRVVZKyMB7IBWrFgRM2bMiLKysli+fHmsXbs2Nm7cGKWlpdG2bdvo0aNHHHrooY16
xkpjeu655+Kll16Kt99+O8rLy6OysjLatGkT7dq1i65du8aQIUNi3333bdJ9WLZsWUyfPj3Kysri
X//6V6xduzYiItq0aRO777577LfffjFo0CAfTBtBqvO1srIyHnnkkZg7d26sXLkyqqqqYtddd42O
HTtGv379YuDAgfU+3bwlz7933nknZsyYEQsXLtzy73vDhg1RUlISbdu2jd122y169uwZn/3sZzPv
yELdteT51NykejwDmh+BAwAAAEieNTgAAACA5AkcAAAAQPIEDgAAACB5AgcAAACQPIEDAAAASJ7A
AQAAACRP4AAAAACSJ3AAAAAAyRM4AAAAgOQJHAAAAEDyBA4AAAAgeQIHAAAAkDyBAwAAAEiewAEA
AAAkT+AAAAAAkidwAAAAAMkTOAAAAIDkCRwAAABA8gQOAAAAIHkCBwAAAJA8gQMAAABInsABAAAA
JE/gAAAAAJIncAAAAADJEzgAAACA5AkcAAAAQPIEDgAAACB5AgcAAACQPIEDAAAASJ7AAQAAACRP
4AAAAACSJ3AAAAAAyRM4AAAAgOQJHAAAAEDyBA4AAAAgeQIHAAAAkDyBAwAAAEiewAEAAAAkT+AA
AAAAkidwAAAAAMkTOAAAAIDkCRwAAABA8gQOAAAAIHkCBwAAAJA8gQMAAABInsABAAAAJE/gAAAA
AJIncAAAAADJEzgAAACA5AkcAAAAQPIEDgAAACB5AgcAAACQPIEDAAAASJ7AAQAAACRP4AAAAACS
J3AAAAAAyRM4AAAAgOQJHAAAAEDyBA4AAAAgeQIHAAAAkDyBAwAAAEiewAEAAAAkT+AAAAAAkidw
AAAAAMkTOAAAAIDkCRwAAABA8gQOAAAAIHkCBwAAAJA8gQMAAABInsABAAAAJE/gAAAAAJIncAAA
AADJEzgAAACA5AkcAAAAQPIEDgAAACB5AgcAAACQPIEDAAAASJ7AAQAAACRP4AAAAACSJ3AAAAAA
yRM4AAAAgOQJHAAAAEDyBA4AAAAgeQIHAAAAkDyBAwAAAEiewAEAAAAkT+AAAP4/e3f6Jcd1n3n+
eyOXWlFAoVDYuIoUd0qUZMtqy2pt1mJKttXtntM9c+bMnDP/2LyYPuNuedF0W7Jk2RIli7K4ioRE
EAQBggABEAWg9so9Y7nzIiIyIyIja8mqytqeDw9QmZERN25kZR3wPvW7N0REREQOPAUcIiIiIiIi
InLgKeAQERERERERkQNPAYeIiIiIiIiIHHgKOERERERERETkwFPAISIiIiIiIiIHngIOERERERER
ETnwFHCIiIiIiIiIyIGngENEREREREREDjwFHCIiIiIiIiJy4CngEBEREREREZEDTwGHiIiIiIiI
iBx4CjhERERERERE5MBTwCEiIiIiIiIiB54CDhERERERERE58BRwiIiIiIiIiMiBp4BDRERERERE
RA48BRwiIiIiIiIicuAV97oDIiIisseCAKzFBj42sBAEWOuD5+MvL+NVVvFXV/FXVyDwCBYX8SsV
jA0IfA/v/j1sq7WNDlhMuURp9hymVATj4ExM4Jw6DaZAeeYEHDtO8dgJCtPTUCxgTAEcME4B4xTA
GHD0exsREZGjzFhr7V53QkRERHafDQKs60K7jfVdAtcF38edv49dXaU9f49geRl/ZQl/dZmgVss0
YMMgxIAJwGLBgLFh2xD/L4UJ9zUm2mYSr2VFr5nwsYkPNw4mbsOY1BHOxASFEycpTE3jzExTPnUO
5/gUxdkzOMUiFIuYYhHKJUxpBKPgQ0RE5EhQwCEiInJIBa0WttHANmsELRe/WqF952OCpQW85QW8
+fvYaiUKJwhDiSCs5MACNqrsiIMNz4uqPcD6bfC7x1k/ei1qBrq5RBxxxI9JPrdgHAdTLHQPMA4U
S+FT42DKJcB0nsehhwk3dCo3jFPAHJukOHuW4swMzvQpyg88QGFyCjM6ijMyihkbwRkZ24V3W0RE
RPaaAg4REZHDIAgI6jX8Wg2/WsXWq/gL92gvzOPfuYW3WiGorEYJQ4D1gzCQCIIw4AiCKMDwsa4b
TleJAg3r+53wYtfYzl+5jHGgWADHwRRLYVVGsYgxDqZUCgMPpwCOAacQvh4FH87x4xROzlI8fZrS
zCmKp89hxicoHDtGYXwCMz6OKRR29/pERERk1yngEBEROZAsQa3WWRvDX1rEW5zHWwj/uEuLGN8F
G2A9H3w/DCp8H+t74VQV3wMveu77iZbplmEM73JYL+Dof1x4jCkUoVDAFIuYQgFTLIUBSLQNpxCG
GI4DhSKFmZMUTp2meGqW4swspZOncKancY6foDg+0TMtRkRERPY/BRwiIiIHiL+0gLswj79wH/fu
HO7iIv7SIv7KMnhuWHHhumFo4bnguuFX38e6UZBhN67G2JP/PRjknOsdY5xuwBGty2GK5XA6TLEY
hiAFB0olilPTFGZPhYHH7FmKp89Qnp2lcHJ28OsRERGRoVLAISIiso9Z38dfXqR9+xbevTm8ux/j
La3gLS9iG/Vw/Qu3jW23w6/RwqHW88J1MRKVGVs7sR2knmKb7EBFHFsJRoxTCO/CEgcfpWK4EGmp
jCmXwRgK4xM40ycpnDxJ+dyDFM+co/TAQxRnTmkqi4iIyD6mgENERGS/CXy8xQXa167RvPUh/sIi
3uoytrKCbYcBRtBsYVuNTrUGno8NPAgy/6wP+s/8IQ04suczjsEWiphCNJ2lXMaMjIZ/oioP58Q0
xeMnKJycofzI45Qff4LyqVOgsENERGRfUcAhIiKyT/gryzQ/uELzynv49+7j11bxa3WM54ZBRqNO
0GxivXZYmeH73TugrGegf+rt0Jfh2IuAo4fjRGt1FDDlEczICM7YGKZUhlIBZ2yKwtQxiqdOM/rM
c4w88QzF6ekBzy8iIiI7SQGHiIjIHrLtNq0b12i8c4HW1SvYVpOg1QDXx7ptgkYdW6+FU0+CKNDY
6bUq+h0yaOCwHduoOBngoPVfNuEtaI0T3qnFGZ/AjE1gilHYUR7HjI8w+sTTjL7wOUYe+yROqTxQ
90VERGT7FHCIiIjsgfa9OVoXf0/jd2/irayEt2SN1s2wtRpBrUrQanZu69q5y8jAxQqDBByDHbct
Qw04YNNvqAFjDNYazOgIhYljOOOTUAzv3kKxRHF6mvE/+Dyjz32G8rnzA/ZHREREBqWAQ0REZLdZ
S+B72GqN9kfXqL3xKu5HN8JKDWuxfoCtR6FGo75hW4P2YcuHbOd82zGkCpXowAF27x7jjI3jTB7D
jE9iCg7gYMojjDz+BBOf/2OKjz1OYWICp1jUrWdFRER2mQIOERGR3WItQb2Ov7pC48q7NN56E29u
DmsDTBBg3RZ+VK2x6budbOef7YMSchyggKOjUMCJqjrMyAjGccBxKJ49z/gffIGxZ56lcGIaZ3xC
QYeIiMguUcAhIiKyw6zvE1TWaN+/S+vyuzTeeoOgXsN6PnguQbNBUKth222wm1gktOcEh7yKYz+t
w9H3kD7HGSdcmHR8AmdsHFMsQbGAMz7J+B9+gbHnnqc4exZn6rhuOSsiIrLDFHCIiIjsFN/HW1qg
fesmjQ8u03r3HWy9Ht4Bpd0KFwxtNLCeu80TDe9uIwo4+h2yieOKpXAKy/g4pjSCKZUw45OMf+oF
Rp54kvLDj1E4NYMpFLfeBxEREemhgENERGSbbLtN+/5dvFu3aFy5hPvBFfxGA9pNglYT22gQNBuw
mVu6bvqkQ6zi2OyAficNbZrKLgYcMcfBjI6Ht5stj2JGR3BGxxl58hnGnn6W4kOPUj57FlPWHVhE
RES2QwGHiIjIgALPxZ2bo33lMq1rV2jdugmNKkGrFYYajXgayi78U7udNSe2uuzEoQ44YMfW4diQ
wZRHwoqOsfHw8eQxRh58mJEnn6L81HOUzp/HKZYGaFtEREQUcIiIiGxVENC+c5v2e+/S/PB93I/n
8OsVbLNBUK9jW83dCzaShlrFcRACjs5fWz1oCOdJHGIMplzGGRnDjI/jjI3D+DjlBx5i7JNPUX7+
BUYefBCMs/VziIiIHGEKOERERLYgqNWovPwS7WtX8e7fw9Zr+I0GQa2CbTWwrje8NSuGutjogOt+
DGpoAceAxwxyruzuxsEUizijY5iJyXAKy8QEpTPnKH/yKY597RsUJia33jcREZEjSgGHiIjIJgS1
Go2LF2i+/VvcudsE0boaQXWNoNHE+t7OrrGxGQNXEhyAgAO23s+DFnBEjDFQLGJGxyhMTmHGxjBj
45QeeJDxz36e8c/+Ic7ExNb7KCIicsQo4BAREVlH4Lq0rl6h+vJL+HfnsM0afr1OsLZC0Gxifb87
EB/2WhXbmiqxteMUcOzAuTba3RhMoRAGHcdPYEZGMROTlM8/yLGvfZPyk0/jlLQ+h4iISD8KOERE
RPpo371D5aV/pvX+ZWyrAc0m/uoyfr22TrXGEIOAIQYc4XF2uBnHUQs4YsaAMRTGJ3FOTId3XRkb
Y+Tp5zj2je9QPv/AFjsrIiJyNCjgEBERSQoCvKUFaq+/SuONVwhqVazn4VdWCdZWsRtOQznElQ77
PeCAg7PQ6GY5Ds7UFIWp45hiCWdqiokvfImJL3yJ4swMOFqIVEREJKaAQ0REhPAuIbZapXX9Ayq/
+jnezY+wnkfQqOOvLmNddwuNdf4ajoH+KR8giFHAsc3zDHiItZhSieKJacz4BKZYpPTwJ5j6xrcZ
efSTmKmpcB0PERGRI04Bh4iIHHm23ca9c5PaK7+h8e4FaDUJmk28ldVwaspAA20FHNs28DSQIQQc
sI0AZquniQ4yBjM6SvHENM7IGIyOMf7CZxj/k68y8uBDmPLI1hsXERE5RBRwiIjI0RUE+EuL1N97
l9rLPydYWSZotQhqVYJ6Fev6DHXwO6hhBRzRuYZ2ZUMLOAY8ZtgBR8QUijiTkzgTx3BGRyiePMXE
V7/B+HOfwszM4mjaioiIHFEKOERE5EgKauF0lMbv3qZx6ffQbBJUq/j1KrbVCnfazlSToQYcnb+2
dpACjuyBWzxkbwKOmBkZoTB5DGdyEjM6xuinP8P4Z/6Q0U8+hTMxufUTiYiIHHAKOERE5GgJAtz7
d2m88zaNC2/iLywQ1Gr4tSpBvZYzaB08CBiabSwaOsgx+zrggMErWoZxnh0MOAAw4ExMUpgIg47C
7GkmPvd5xj7zeUpnz4JT2PoJRUREDqjiXndARERkWIJmk9bV96m/9RqtD68SrK2F01GqVazXbxFR
w0CjUmOGG3IMZMBr2/cO13Wt+1GyhJ/fVgun1cS221SqFdzbtxj7oz9m7OnnMaOjQ+2viIjIXlHA
ISIiR0KwskztjVdp/P63ePPzBNU1acTpNwAAIABJREFU/MoaQbMFdqNbv+7zAfM+757sPuu6+Gur
YdDRbtFotPDm5/Hm5hj/d1+iOD29110UERHZdQo4RETkcAsCWjdvUP3Xn9G++SHB8gp+ZZWgXsN6
/uaqLAYNEIZZxTGskOMwXtMw7eY1BQFBo4H1XGyziW238KprtG7d5Pg3/4ziI4/iaMqKiIgcYlqD
Q0REDi3rezTeuUD1pX/CXVzEVir4K8sE7SYEW128cr8vNjrIbV87f23tsO0svrr1sw3puoZ4K+At
H2a3dioT/nHKoxSmZ3AmjlGaPcOxF7/L+At/AAWFHCIicjgp4BARkUMpaLVY/dEPaPzut9hGA6+y
RrC6CsEmqzayDmPAAQP1TwFHfMg+DTg6JzFQcCgen8aZOkFhYpyxP/gCx7/3n3BGxrbaoIiIyL6n
gENERA4V6/u4H99m9R//ntaND6HdxlteDu+QQjjDYuCx+TCDka2fSAFH4pChBBwwpDupDBpwdDnj
kxRPzmDKI5QffYzjf/WfKT/0KEbVHCIicogo4BARkUPDbzRoXnmX1X/6R/z5e9hmHX9pCet5Pfua
QU6wr6s4Bgw4BjhOAUfysIMRcACYUoni9CmciQmKZ85y7MXvMfrs8xTGxrfauIiIyL6kgENERA4+
a/FXV6i+/htqr/4ab2WFoFrBX1kCbBRm9EYaWw459nXAwWAD+/1ewTFwgDBQOcsAhxycgAMAx6Fw
YprC5HGKJ6YZ/9KXmfjjL1M8MR2VN4mIiBxcCjhERORAs65L+94c1X/7V+rv/A5bXcVbWSao1zHx
P3EGTDLOiKapDK2KQwHHNgxv8dQjEXAAGENhfJLC9EmcqROMf/qzTHzl65TOnseUSls9kYiIyL6h
gENERA4s227TvH6VtZd/RfODywSVVYLVFWyrRVi5EUUYhr2t4lDAsQ0KOHY84IDwZ2JklMLxkzjH
phh76jkmvvo1Rh9/ElMe2erJRERE9oXiXndARERkEEGjQeO9d6j85le0PrqOv7pKUFnFum6n0j66
j0TPY0kYZNHV7SzUOgz7vX/7gQXbbOH7C+C5NN/7PX69gv3y1xl9/gUcrcshIiIHkAIOERE5cGyz
SfW1X1N54zXcO7fx18I1N/A9wKTSDAuYvU439vOAe4B+7efLka2wWLeNv7qM9T2s57LWrOOtrDDx
pa9o8VERETlwFHCIiMiB4terVH71EpXXX8FfnA8XFG3WwfeB7uA7zDPSSYc1Nr0Wh7VYY7aWfRgz
xFu/iuw+63n4a2H1E35Atf4v2GaTya//KYWJqb3unoiIyKYp4BARkQPDttss/eDvaFy5iL+8jLey
RNBsdhcTTe5LzvSU3HIOSyb2kP1EWdJwBAFBrYoX+NggoPrrX+ItL3Dyf/0/tSaHiIgcGAo4RETk
QHCXFlj+yY+ov/M2Qa2Ct3ifwPUw2EyYEcUV0dqU2fU4emarDGP6yn4epO/3+Sb7vX+HibUEjQbW
vQdYmhd+yxKG49/9HsWZ2b3unYiIyIZ0FxUREdn33KUFFv77f6V580OClRXcpUUIulNSYunH0X1T
TGZL9o4qnVvJbqGKY8v/dA5wJ5BBDHr3kIHupLKP76ICA04jOkJ3Uck9JHFMoUhx5hTO9EnGPvEY
x/+3/4vSKYUcIiKyvyngEBGR/SsIaN+fY/7v/xvujQ/xKhXc+XtRaNF749e8gANI72+S+ybW0zBs
fqKKAg4FHNs5z0EIOCLF02dwpk4w8ujjnPgv/wflc+eTqaGIiMi+ooBDRET2pcBzaV3/kOV/+RHN
a1fxl5fw1lbB2m44YXqnmySyjEwVRzoQMYkCjm6RxyYjjq3+0zmsf2oVcCQOU8CxZXknMYbCiWmK
0zOMPPksU3/xV5QeeBCnVNp6+yIiIrtMa3CIiMi+Y902jSuXWPrnH9O+eQN/ZRm/stYZgMV/G0xn
GNdz15RkexaMSR7Vb/i3SwuOah2Jwel921vW4q8uh3ccunwRv9Fg6tt/ztgzz2LK5b3unYiISIoC
DhER2VeCdov65fdY/cVPad+8gbeyTFBZgyBIl2cAeYFG7oKjG1j/LiuH3T5PEBQO7b3AhgEjAJbK
z36MwTLyzLM4usOKiIjsIwo4RERk37DtdhhuvPRTmjc+wFtdIahUsEEA5N7hNZTJI/rdVSX3WNKV
HUO5q8p+ovBANsP3w6ARaF+7whqWKWD0medUySEiIvuGAg4REdkXAs+lceUSK7/4Kc3rH+CvLeNX
KtjA71Rh5GcUFmPjm8USTlqxqZVESddybFzXseMTVfZziHBYKyQO63XtIZsKOa6yxo+xwOizz2tN
DhER2RcUcIiIyN6zlvbt2yz+849p3byOv7qMX62A79NTVhEuqJFtYLOniQ6N2stUgKSnqqzTyFbt
58H2fu3Xdh3W69pj3ZDD0L52lYr/DxRPTFN++BHdXUVERPacs9cdEBERac3dYf7H/5PWzet4K0t4
1TWs73deT45Vc8etPRvDeo7cLMKm9ujbyI7eJOSQDbYP2eXIFoUhxyr+yhLtj66z9qO/oz13Z6+7
JSIiooBDRET2Vnthnvm//2saV9/DXVrCX1sLKzdiGyUaNgorbPy4dx/b83f/ptNHWQ3m8wzzTRnS
3V5la6zv41fW8JcXab1/mdXv/1f8hfm97paIiBxxCjhERGTPtJfmuff9/4f69Q/wlhbwq2udBUV7
w4V0qBGWWHSrMGyfaMMmD4kfJ57YTNPJp0dinLzfZxXs9/4dZb6Pv7aGO3+P1ocfsPjX/zfeokIO
ERHZOwo4RERkT9h2i6Wf/JDGRx/iLszjra12wo2e6SE2XU/RiTZsOrjYxFkTbWSO7CQdtudp94Yr
hzDyOISXJEMUBPhrq3gLd2ld/5CVf/yfBO3WXvdKRESOKC0yKiIiQ+fXq8z/4G9Yu/Bb3Pm7+Gur
ffbMv5+JtfEdU0zqN/w2Wh00XtMzXDA0aiPViO0EFybnDrLZPqiM4ChQ0jMwa/FXV8E4NN5+g9XA
MvW//BcKk1N73TMRETliVMEhIiJDFTQbLP/iZ1TfvYC3soi3upIqjEhOI0lNFYmnlCR2zl0ho884
tf/wNTtfJX+f/T/83VotS4eyG9kh/toqwdIitXcvUPnFz7DNxl53SUREjhhVcIiIyNAEjTrLv3mZ
lVdfpj1/H3dxAYKA9CjbYE33dq3WWIw1/esoem4b2y3N6N4FNnOb2Wgr6aMSt4iNp6n0Vo9s2X6f
1rLPu7fv+yddQYC3tAAGar95mcLoGJNf+gpmbHyveyYiIkeEKjhERGQognaL6sXfsfrqr2nfu4u7
vIT1/ZwFPW16cY1U+UZvu7mLiJK3joftbOu9n0rf5hNrcRyEKo4tOggXtJ8rTPZ7eLUXfB9/eQn/
/hy1V1+mcfF3WK3JISIiQ6IKDhER2XXWdaldu8Lir1+ices67vIi1nMTY1cLNlG5kTqYaHu0lkZu
KUdeVcbmVtawNtor2XDeoT2VIkeZBvbSn/VcvOVFMA6Vf30JMz7J2NPPQqGw110TEZFDTgGHiIjs
Lmtp3r3D8q9+Qf3aFbyVZWy7Fa2lkVwQtJNkhIdtZYJIIt/IzSbibfFv3DM5RvKY9PFxz2x3wVLD
Fvp1CIOAYV7TIXz7hnNNe/zGWbCtFv7KEu1rl6n9aoLC1HHKDz6kkFBERHaVpqiIiMiucleWWXr5
JWqX3sFbWsJv1BOD5NTElMyWhM6CozY1YyV5bN60E5s4T/g4O82k+9wm7gubPscBGGUPuL6oyK6x
lqBRx19aonHpHWov/wx/ZXmveyUiIoecAg4REdk1XqPO8qu/Zu3t12kvL+DVa1hrSVZOpNlEmLGD
Y3abfrLpIoR4MQ+bbmJThx/G6o2DIC8BO+AO7EfJWvx6DX9pgdpvX6f6yq/CgFNERGSXKOAQEZFd
YX2f2nsXWXz5JdzFRby1VfCD8LXkfhs8ThZS9FRxZCs5bPd1m9zYd/XQ9Fn7hxiJ+pBDs+Coyj4k
ZncvRfF9grVV/MUFar/6Bc1LF7G+vzvnEhGRI08Bh4iI7IrG7Y+4/+P/gbs4T3t5icD3UxNEEpNH
eofZqfBh3XRi/ZdsOt/oO5UlcZeW7lSV6Ng++YiIbI6N7qziLdxn7Uf/g/atG3vdJREROaQUcIiI
yI4LWg3u/P1/pzl3h/bCPIHnAqkVLjILe+bUTtieLT1TRbL7dZ7mTCvJ3S/1PC/06O3Xun3p1/iu
G9IJD0XlSp7DeVX7ifVcvMV5vLu3Wf3B9wlajb3ukoiIHEIKOEREZEdZz+POD/6G+rWrtO7fjQYy
+QPI7N1LWHfP7JY+g+1Nz7zYeC2OVJiRm6xoYCyyKRZsq4U3P0/r2lVWf/A3WM/b616JiMgho4BD
RER2TBD4rFx4k5W3Xqe9uoxbqyXW6UxM+0hUQ3QXHM2plthEFUc8o8Qm5pLkTUPpuyl1jsR5ewtJ
Oj3OWb6jZ5997QB0MbSPO7mPu7afBbUq/soS9Tdfo3HhTQiCve6SiIgcIgo4RERkxzRuXGfun35I
a3EBd3kJSCz8aW0nhMiui0HmcSZG6GzN7mujRTJsTmvJBUe7bWYfR496Gs6eef2+7pk4PZKQ3or9
Lfr++CvL+MuLVP7ph7RufLi3fRIRkUNFAYeIiOyI9vISd3/2Exp3Pqa1vEhgozumZKohbJxwBOmY
wZCXLWSnkSTLKuLWbCan6C372Gjc21ul0X+f3pkqPRd4SB2U9Tf2cS/3cdeGKrB4S4u07nxM9Wc/
wY/CUBERke1SwCEiItvmNZssvPIyK++/R3NhHr/VSlVh5BUZdIKOqLLDYjGkqzHiwKJ7fPy6zR8s
5k1fycYeuSGEJf2yzd+vsy3dZvrow+nwXtk+t+UKnYPxnbLtNsHCPM33L1N75WWCZnOvuyQiIoeA
Ag4REdmWIPBZe/8Si799jea9O3i1CoFNTgCxiUzAkj+hJC6EsBhrsQSdPbp3M+k/KSS74GjqWc50
k/7n38QF5+22Z1NFBj3n1o8zG+9yxAzn+z2Us+zJR9fi12p49+7QeOt1GpcvQuDvQUdEROQwUcAh
IiLb0rh7h4XX/o3K9Q9x19YIAr8z3g9IhAl5a1vYdBiR2pfefbv7rTMiy10/o//+3dkuuTerXadS
JFmjcshnp7AH+c3QTjjAeQ7zN3qYggC/skbr5kc0X38F9+7dve6RiIgccAo4RERkYO1qlcW332D5
3Xdoryzju20gHPYH4QPiL9kgIB1m2N79cgKNraylkQpO+k03yWsgNR0mvW9uE9kLGpZBA4ABjjs4
65gO0lHVpuwdi3Vd/KVFGpcu0nj7DYJqda87JSIiB5gCDhERGUgQ+Cx9cJmPX3+F2v27uI16dKeU
8HWb+mO7szgSgUZscwNom1pjo18VR07znf17pqfkLOexlRClZ5sdfs4hMnTR2jk71VbQaODN36X2
xqs0P3ifQFNVRERkQAo4RERkINXVJW5c+h2LH92iXqkQBEE30LCZUCMShwpxPUZ6LYx0lUbvuhrZ
Bz0xSc6W3PkquWdI9SF1st7yjX6VIvn92g3DW3tjTwy1ZGRI5zogb/2eCHyCahX31g3qb7+JvzC/
1z0SEZEDSgGHiIhsWctr8+raLX5cv8FCq0qz3cYnDjZIxQaWeC2ORKCQ2C8dXGQrO/LnlWyq4qJz
quze6YVON7Ju+3mhxzCmqwwx39jc5CDZHw7u98m22/irq9TfeIXmpYvYdmuvuyQiIgeQAg4REdmS
wFo+rNzjb2/8hndPwMXZEarW0rKZRUUJnwd0g494e7KKI36UPBbClREMfcKMvHKOxF79hnmdW9Nm
tvVWktj8IoK+VRwiO6834DvcgnqNYG2Fyr/8hPatm0fu+kVEZPsUcIiIyJastWv85OZvuVG5z01T
58YnTjJ3cpyqDXCBIK7OyFRQ9BQ2JNa/6AQMtntEHHhYmw0sNlfFkS4IyZ59awOn9W47m2x/KKGH
Bn35hvW+5FQaHWz76FqsJVhbw5v7mOq//RJbXdvrHomIyAGjgENERDbNDwIuLd/i5blLLDer1NwG
t89NcPORk6wUC9SCgCCqfkhGCvEdVcLgIqqZsOsEEwkms70Tb6w7J6R3Wkqe7Aoc/R71bu8faOxu
yLGNFge5e0pOxcuuO4zrb+xXw5hOtUXWdQmqFRpvvkbrw6sQBHvdJREROUAUcIiIyKbdb67wdx/+
hqVWhTW3jhv41J2Ajx6bYeHUJKsW6tZ2Q474DzY1VaUzrkpUefSLEyCu4uiNHnpijNR4PB2kpCpJ
cn4Ln9u+tZn2+scePVv34eBx63QL1R1x4D8Hw+VXK/irK1T++cd4i4t73R0RETlAFHCIiMim/cut
C1xavsVSq9qZH9/2Xe7PjHLzsVNUR0usBNCMppUENvyTnIrS86cTciRCimhLKiPIDBLjEKETXthu
qz1RRGa6TE87mxTGNKTWFOltbTMRyIAGbWygqog9qN6Q/W8YHwlr8VdXaF15n9orLw/hhCIiclgo
4BARkU35qHKfn318gZVWlabX7mz3bUDTutx4/CTzZ6doGMOKhTbd4X4QJRdxBpGqqOgzT2XdKR+J
8hBr4yoNm3P8OguOJqo4+k1LSW7LLkWad8SuTk8ZarixjfNty6B9HVZnh1eWs/UFNof0Hgxa1LPF
7tlWC7+yRu3ffkn7zscDnlRERI4aBRwiIrKhtu/x99dfYa6+zGq7nvv66pjDB8+coTlaoh5AxQbE
MUi2YqMTdERTT4IgCivi/2yy9CNMK0y0vTvw605B6VehkY0v8vbpF2+kHtucfTrn3aAupG+1x1Yc
ivku+4zez4EMWAw0iKBawVu4T+Wff0zguoM1IiIiR4oCDhER2dDvF67z1sI17tdX8QK/53VrLU2/
zdwDU9z+xAy+41APoGYt7WiA37krCqSmrHQyjE5FRtQm3WAhDD3ARAHHRpFFp4Hkw5ydbCI3SMYm
6UeJspO+Z9xESDJwdQK5fd9tB2b4r2k02zDAeze0ZVks1vfwlhdov/d72lfeG9aJRUTkAFPAISIi
66q2m/zDzdeZqy3R8Fp993MDn1oh4P3nz1E9Vsa14VocNSztTNVFcsHRWL+pKjkP15lI0qnr6GxM
VXH0Hc/lBBb9UpE+R/U+Tkxt6b9ox+46aIP/A9bdTTls1zTk67HNJt79+1R+9lOCWnW4JxcRkQNH
AYeIiKzrN/ff44O1Oe7VVzYc2zS8NksnR7n67HkCoB2Aay11Cy1rCRKVG9kVLbrb4qU8423p6ggD
fQfu+XUUvVt6Hmc2JKtE+rWZXEOkd9/86TFbt43yjW2EG1tf/2EH7PsgYHgh1dbf/mHNG9mDciIL
7uI87dvXaVx4c7jnFhGRA0cBh4iI9LXWrvPL2+/w0doCbuBtuH9gA+pBm6ufOsfSzCQe4FrwgFoA
7cS0j2zQAWCD7obO6zY9WaSzr83ECTa9T28VR+KF3NvOxn2yfQ5kg7FdNo5Jthw/28LgcI+mphwN
+/2NHUb/Ds4tgK3n4t25Q+311/CrquIQEZH+invdARER2Z8Ca/mH669xafUWS+0KvrWbGhI1vTa1
kSJv/fGjfP3Hl2gHAcXowJoNh1VlEybsNnpuTfQ13mZsVK3Re8ZOFUfmce+G7KsWm9ti54Jzxnxh
G92WbLezyTNEWYhJbrc2uetw7UL1Rjo4Ct+HFmFVjgvYwOJGb4RvwA+2EOgM3N/Bjhu4QmWrh21i
mtNOnGjw69nicQOdZme+R87iIhPvv0fr5z/lwb/4jxhHv6MTEZFeCjhERCTXh5V7/G75BndqS52F
RXsChT7qbouF81Pc+OQpHr96n7a1jBqDZ6GKZRLDiAkDh4BuOaEhXIy0kDlRGISEAUQcs4SBSL8Y
hHR/E7lEPGwyFqyxGJvcNxtobNxwbw8yc1ZMos1MELK+va0ysNH7E9jwe+LZcLpRK/oaAKZYhEIB
UyxiCoXwj1PAGCgaJ9xuum98fNccfB8b2OjOOAHWd7GBB76LtQH4bvT9TiVGZAOr9OOc2Cv1DY8f
206w1mHiYC3TQrzRhtFYTyWQSTaRDtC63++wFMcY08kTTOZ8nbaSnyu7weckcX6bCB/z3qXO8/jE
yVc6ncp7Q7ov2cS+6bc1+ZMYt2wwJvFu5QUppuekmX3jeCx6T41H0Jijdetdmvf/gLGzj/YeKyIi
R54CDhER6eH6Hm/cv8qVlTlqbqvnNqkbjc+9wKdS9Lj8wgOcnlvFqbQoGksJE05XiQaMnUqO6Li4
3WTokRz7QXocmFvfkSqbyA46o4GgNbmvZwfS4Xg4Gpymtq7zDtj0673BSWbglnMJ2wo3tnGoH1h8
wvDCtdAKLK61eBgoj+CMjeGMjlEeG8Mpj1A8NYszMUH51GmKE5OUpk9SnJjAYnFGxynPzOAUu/+r
4bZdAs/Dq1awrWZY7dGq4jeW8BqrBLX7+K0qtnoH67fBq2O9OrZdh6DdCbk6nwEbh17p70h67BwF
Yp1vefoNMiY/STCJj5FJhFbJgA3Tc5rMdz752PR8aNNnNVE3EgGZSVRNZT7XxnR/KrrXG3+a84Mg
k0hUTLJPqf50f8LyAhZD9+chfp76psRNmPATngxf4v4Z0/sxNd03O/y+xo+7HcMUa5RmrsLK2zD7
ABRKvR0UEZEjTQGHiIj0uFG9z+8XrnO3vpS79kZycNJvqF/326ycGOHaM2f51G9vUQwCCiaszvAM
1KLfbI/gdH9RHrXXWbjTdIeTub+ZjqoMcmooeiKG9EabyDK6IUecLfT7zXkq5EhNVYla6BMEbbIu
ZIdsLeEILPiAh6UVBGGFBmBHRilMTVE6foLR48cpzZ5h9NwDlE+foXz6LOWTMxSLRZxCYdPnKo+M
hg+mp/v3x/cJggC3toC7ege3Moe3dpugdpeguYxtrmBby1ivjsHixOP5qDQmL/RKfz9tNwLoPEhW
QJjUMcnwyxB/3qLXEmlbKqhLnK8bZ9nOAWE7JqoesqmTmOgHwERRmHHAWBOdN/FZ7/Qj9emNmgo6
ne+EFsZ2+mBs3AeSve4GLIBjbKq4wybfp2Qo0jkm8WZ0E6hwHxteV/gjY7u9NfQU5sQhTBykdDsA
xnGheA+ndhG/9gKFqccQERFJUsAhIiIpTa/NhcXrvLv0ETW3SbDBPP1s9UVnuw1YK/jcfPwU52+t
cHZuFc/YqDIjnK5SJxzIjJhwqkohdXy34eQv301yykfcgdQoKQwfkr/w7o61+vY2s61T6xGdo0/q
kTptd8UJk+xPpunEuK/PGh3bqd7Y3LEW8C24NqBtoQ20ggAmj1E6fZZjZ89TPn2WkQceYPT8g4zM
nqY0PoEzhHUPnEIBp1CgeOIcYyfOARAEAX67gVu5R3vlJt7qLbzKx3jVO/iVO9BewTGEYUcsW1SQ
eJL9VprO1I14kJ+pgzDdECK9vfunW4BgotCMKCxLfI4SHXM6G9OdjitKTCfICNsIA8BMWwZM0G2n
s79NdYjEq2HbqeDDJCom4sQh8b7EwYlJtUL87qarm0z3fU+0FQcwnbcrmQyZ6LSJfqbelmQohMXY
Bqy9j126COMPQHEEERGRmAIOERFJuV1f4sL8de42Vmj7G985JZY3tG75HkuTZa49fZqp5TqFlhtW
cUT7exbqJvwN9Ajp+CFbAbHedtsdK3Vf6Sy6kehZZ3P/AGK9a0ufP64MiadJZKsHctZk6Ntq3Ln1
+7GpTq63i7W0gLa1tKPpJ8HEJOUHHub4w48w+uDDjD70MOMPPERpYnJL1Rm7yXEcnNEJSqOPMT77
GDYIcJtV2qu3aC99iLdyA3flOt7aDYy7RsEBJzHwDgfVkBqsJ+dJGNLVAvGXZAOkXo7aSb5gw2Ah
OkFnKlJi8N4p1og/SE7ycNPtWyKJSZ8v3YnO7Bqn+7zb325Yknot7neycMSYRD/Tn1KDkwo9yLyK
032vTCJVMk5qr+7fnYAlGeAk9sv2Ib6W+C2xLrY5T7D6LsGpT+NMPtqnbyIichQp4BARkQ4v8Plg
ZY53lm9Q99oE2xhxW8I7sVQdj7kHjnP2oROMX53HAxwsNhqAukA9KskfSY8xE8tZdKMCmxgkpgso
kqPVcPHQbuFFImxIhBy963MkzmEyAUQiRel2K7m4YnfB0Z7zdio28mKQxGB6W/o3EAAta2kFlpa1
eIUCztkzjD/5NBOPPcn4I48ycu4ByhMTB+LuFMZxKI9PUR5/Dnv2WbxWjfbqbdrL12nNv4c7fwm/
8TEFvERlh8kMnm262oBu7pDctfNdTSUNcY6QiMqcODDpzGXJGbjHuUo8ZaN73k5Vg4lbjsX9NJ3p
MZ2AIpyjlQg+ElURyY4mL7tzwrw3lm4gEp06ua13ddY+7SVClrhPcRNObqCR3yTEP6vRz3T8fgQN
gtX3sGs3YOJBMPrfWRERCelfBBER6bhbX+G3C1e531ilHbjbbs9icQOfxfEiHz1+ipPzVWZW6hSM
6S4iasEzlroFLIw4mdUqLN01QYkHoTb1eueFeIiaLtpIBBC9azSkZ7j0VnakK0aSIUjixDlVIP0K
Q1L3XYlPbvuM8rbJAs3AUo+mogTlMqVPPMHJT7/A5CefYuzseUrHT1AoHdzFGo0xlEYnKY0+zdip
T+I9+Hnaqx/TWrhMc+4t2kuXKNkWhZ7cJhNARA96qiCSuVlq55z9swFKalPyfKZbuWB72033y3RC
Fye1Emf0qFukQeqnIxPixeeyiSY6waGhkwam3ovElYSzeKJ2k/smPv6dwCd6wTG2U7HRDYUyPxuJ
DcmfbRu/X53KENP9ubYuprVAsHwBc+IpnPFziIiIgAIOERGJeIHPB2t3eO3eFaqbWHtjs6y1NKzH
[...]
+Jq4t5+9C5r6uNPcM8KrJ0rRRqmNq83FxScU362tyO09jnTetKp4+/zamD2leHnKTQ/uSeLO7eTx
FdHZz+qmF17viiu+1Dzo2Q4DVYo+M3VCRdEGo703JR2otq58TIj9T9b7mN2B+MyPW+K7H55YEOz8
wYUN8bOn2mLdlkQ2nBmCsXrdAGRHwAGQsatOry/4d3dP38dg/uDhPfG7ixqi4oDx1XvOqO834GBo
Tp1RHd/+0MDv1r7hsZc743/+ovzvTJ82szq+eF1TnwFNxN69K244u77Pu+zvOrVwI9wfPtZW9Jhy
0DvcGJYRyKtWvNARtzzUVrC568SGivjU5Y3xwX/dPvwGytRYvW4AsiPgAMhQU31FnP+WwmUCqzZ0
xrMbi/dxWLWhK55+rTNOmr5/M9ILjq+JcbW5Po/wbOtjL78RHfiVqI3+vL6zJ1a9NvANCw/l0pkH
X+qI3/vOjhE9SvVQOGt2dXz9/RPj8Mb+j7LN5SI+8TvjYv227vjpE/sDjGlNFfHl65v2/bure2gB
Ryn6TPPu4t9DTeXQGqnu9U6pfYhbrHz2Z7viwrfWFCxrevsJtfHu0+ritkfLMygaCaPhusvptQaA
gxNwAGTouoWFp1lERNz9TP8zMu5e3VEQcExsqIhrz6yPby1vLXrsa9u7o7snovKAsWxd9ciOJEvR
Rn/WbOqK930z27vA67Z0xy0P7Ykv3l3+MzfeOq2qKNzI5yO+fX9r7O7IF2wyWl2Zi89f1RivNnfH
4y/vHdjNnlL4lqF1iHtalKLP7NjTE+1d+ait2v+8Q22j9/e1DjHE2rGnJz5/x674p2ub9gU6uVzE
J5eMj7uf6ThkS4KyNhquuxxeawAYGAEHQIYuO6mu6HO11REfe9u4Ph5dfDc5IuKyBbV9BhwReweh
BwYovU+vGAmlaKOUmlt7+twfoCe/d6PKnW35eHFzVzz0Umfc/Uz5byj6hk9d0Vg0c+NLd++Oz/98
70a1Mw6rjMsX7O+PExsq4itLm+Kqr26LjTt6YsExhZ2vuXXoA9NS9Jnd7YUBx6RxuaiuzA1qj5QZ
h1VGXVVhbS3tQ7/uWx9pi8sX1MXbD9jj5ehJlfGXl46P/3zrziE/b7kbq9cNQOkJOAAycuL0qlhw
THXR53sf1/lmTp9ZE8dPq4rn+ljW8npLdzTW7X+pH1ebi3lHVsUzvxn4PPtJDRVRdcB2DT35iK27
9g/yStFGKT29oSve+7+aM2n7UDn28Ko477jCpVBPvtq5L9yIiPiT7+2MoyZWxukz9/fJWVMq46s3
TIxrvtYc5/Y6ceXFzUM/DrcUfeblbd1x2Lj9gU5tVS7OnF0d978w8D1rTptZXbR85uWtw+uXn/5x
S5w5qzomNuyv7dqz6uLHT6SxXGOoyvW68yOxyQoAZUPAAZCRa8+qL5imP1RVFRHXLayPT/9bS9HX
ntvYXXDySkTEork1gxpIrvwvUwrusG/Z1RMLPr25pG0wPOfNrS7qa796vnCg39aZj9/7zo74we9P
KjjV56zZ1fHPNzQVBSSrNgw94ChFn3n6ta44pVeAeOHxNYMKOM6eU3yM7tOD2IuhL+u2dMdX722N
v7x0/L7PVVfm4lOXNw7recvdSFx3X3vcDGb2T++jgyP29hsARo8ReGsNwFC8vY+jSIfqkn6e6439
Ew7Ue1PTg/ntt9QUDSBe2Va4fKMUbTA8TXXFf+437ige2L22vTv+6KYdsb3X8pNLT6ot2Iuiszsf
tzxUfNLPQJWiz6x8sTjI6Ov434O2c3xxTSsGEZD058v37I7Hev0MTpxeVbCkZjQa7nX37pcRe5cR
DdSUXku0unoi1m72WgMwmgg4ADLwjgV1cfSkwjfmL27uih8+1jagj5d67RExc3JlLDmxePD2vYf2
REtb4V3P35pbEyccNbAJfO86rXiPkIfXFw5QStEGw7O9j40cDzzV4kCPru+Mv/hBS3R09T91/1fP
d/S5T8lAlaLP3PZoW6zfWljjW6ZWxYfPbxhQG3900biiwfPq17pi2ZqROZb5b37SEu0H+RmPVsO5
7jWbivvc2ccOLBi74PiamDK+8G2vIBVg9BFwAGTg3X0M0P51+Z74o+/uGNDHt1cUbyr67tPriz63
dVdP3LW6cCPM6spcfPbdE960xrNmV8c7FhTW2d0TcevDhWvmS9EGw/PEK12R7zWmXHxibVT3c3Tq
z55si7/7+e6i74nYu0Ho527fVfyFQShVn7n1keLP/dkl42PR3IMPihfNrYk/uqh4L5zvPzL0WSu9
/fqlzvjuypF7vlQM57pvf6qtaJPY846ricXz33xmzp+8fXzR5x56aWTCKgDKh4ADoMQmj6+IRb32
M2hpy8cPBjF4+sEjbbGr13r0899SE5Mail/Wv3Dnrti2u/AO/pmzquMHvz8p5h7R9x3zy06uja/e
MLFozfrtT7XFUxuKZ1eUog2G7slXO+OF1wv3t5g9pTK+cv2EPkOOpvqKmNpUEd19bE+wqz0fbZ3D
n3lQij7zxbt3F+0V0liXi2/eODE+9rZxRUfA1lXn4g8vHBffeP/EouObH1nfGV+/r+/Tiobqb+/Y
VTTLZCwY6nVvbumJu1YXhhJVFRH/eO2EuPHcvmfmHHt4Vdz0kUlx5qzC/Vjau/Lx7fvHXsAEMNrZ
ZBSgxJaeVR/jeu0fsHJtR9GU/YNpbu2JB9d2xNvm7b9zOb42F9ctrI9//uXugseu29Idf3v7rvj8
1RMKToQ459ia+MWfTY6nNnTGa9u7o60zoqk+F8cdURWzphQvX9i4oyf+9o6+79yXoo3eTp9VHQ//
1ykDeuwbOrsjzvnslkF9z2jx9WWt8ffvKZwhcdnJdbHgmOq4b01HbGjujrqqXBx7RFWcc2x1wQkk
BzqisSK+9r6JcdU/bxtUn+2tFH2mszsfn/j+zrjlo5NiQv3+RhrrcvHJJePjo7/dEGs2dUdLW09M
qK+IuUdUFpzy8YbtrT2H5DjT3e35+O8/2xVfe19TVIzu7TcKDOe6/+Hfd8Wi42oKfp9N9RXx2Xc3
xu9f0BBPv9YVza09UVOZixmTK+Pko/ve4+N7v94Tj78ysCDVaw1AOgQcACW25KTi6dS3P9XexyMP
7van2gsCjoi9m0H2DjgiIr774J44bFxFfOJ3xhecplFVGXHqjOo4dUbxcbUHamnLx8e/t+Og+y6U
oo0D1Vfnor5p4BsMRkR0jb2b5fvc9OCeWDinJq4+vXB5x9GTKuP6hcXLmw5m/lFV8aWlTfGBf9k+
rJpK0WeefLUzPvqd7fHF65ri8F6bTE5sqIizZh98MuuWXT3xh9/dEatfG/qpMQfzsyfb4o6nauOy
k4uXrY1mQ73u5zZ2xcdu3hFfvr6paKPZYw6rjGMGsOnoT55oi7+6rfjUqf54rQFIhyUqACV0yjHV
cdLRhYO2bbt74oePDn7PiR891hbNvU4VWHBMdZx8dN+Dwi/dszv+yw93xuaWwR2L+Pymrrj2682x
/Pk3X69eijYYuo/fvCO+88CePpee9Ke5tSf+8a7d8Xqv3+nbT6iNv7ly+EeblqLPLFvTEe//1vZ4
eN3glj49ur4zbvzW9kPeL//mJ8XLdcaCoV73Xavb4/3f3D7o0GlXez7+4d93xe99Z8eg2wQgDWZw
AJTQtWfVF03JXvFCR9HGeQPR1pmP5c93xOUHbLhYkYtYurA+nny174Hcdx7YE7c/1R4fv3hcXHh8
bcyeUlmwPOAN7V35eG5jV9z6SFt8+/49g6qvFG0wdP/51p1x5+r2+NB5DXH2sdVF+1lEROTzEeu3
dse/P90e/7K8NV5t7o6H13XEN26cGA01+x//wfMaYt2W7viX5cPbm6IUfebJVzvjnV/eFtedVR/v
ObMuTjmmus+lC+1d+Xj8lc647ZG2+L8l2gT01ebu+OIvdsen3zn8wCglw7nuB1/qiEv/aVssXVgf
V51e1+9xs/n83nZ+8czevuxYWIDRLZfP97VHOsDoM/3PN2VdQtk5cXpVvHVaVRzeWBnVVRE79+Tj
9Z3d8avnB7cnSNZtMDR11bk4/y01ccykymisz0V7594lGQ+tG94xsMNVij4zeXxFLJxdHVMnVMaE
+lzs3JOPTTu748GXOmPrrrE3myJ142pzcf7cmjhyYmU01uWio2vv7LhH13fG868fmuVFqdjwD1Oz
LgGgZAQcwJgh4ABgrBFwAGOJPTgAAACA5Ak4AAAAgOQJOAAAAIDkCTgAAACA5Ak4AAAAgOQJOAAA
AIDkCTgAAACA5Ak4AAAAgOQJOAAAAIDkCTgAAACA5Ak4AAAAgOQJOAAAAIDkCTgAAACA5Ak4AAAA
gOQJOAAAAIDkCTgAAACA5Ak4AAAAgOQJOAAAAIDkCTgAAACA5Ak4AAAAgOQJOAAAAIDkCTgAAACA
5Ak4AAAAgOQJOAAAAIDkCTgAAACA5Ak4AAAAgOQJOIAxY+oEL3kAjB3+7gFjjVc9YMyYf1R11iUA
QMnMn+7vHjC2CDiAMeP8t9RkXQIAlMz5c/3dA8YWAQcwZnz4/Ia4eF5t1mUAwCF38bza+PD5DVmX
AVBSAg5gTPnMOxuFHACMahfPq43PvLMx6zIASi6Xz+fzWRcBUGrfWNYay57viKc3dMamnT1ZlwMA
wzJ1QkXMP6o6zn9LjZkbwJgl4AAAAACSZ4kKAAAAkDwBBwAAAJA8AQcAAACQPAEHAAAAkDwBBwAA
AJA8AQcAAACQPAEHAAAAkDwBBwAAAJA8AQcAAACQPAEHAAAAkDwBBwAAAJA8AQcAAACQPAEHAAAA
kDwBBwAAAJA8AQcAAACQPAEHAAAAkDwBBwAAAJA8AQcAAACQPAEHAAAAkDwBBwAAAJA8AQcAAACQ
PAEHAAAAkDwBBwAAAJA8AQcAAACQPAEHAAAAkDwBBwAAAJA8AQcAAACQPAEHAAAAkDwBBwAAAJA8
AQcAAACQPAEHAAAAkDwBBwAAAJA8AQcAAACQPAEHAAAAkDwBBwAAAJA8AQcAAACQPAEHAAAAkDwB
BwAAAJA8AQcAAACQPAEHAAAAkDwBBwAAAJA8AQcAAACQPAEHAAAAkLyq9evXZ10DAAAAwLCYwQEA
AAAkT8ABAAAAJC+Xz+fzWRcBAAAAMBxmcAAAAADJE3AAAAAAyRNwAAAAAMkTcAAAAADJE3AAAAAA
yRNwAAAAAMkTcAAAAADJE3AAAAAAyRNwAAAAAMkTcAAAAADJE3AAAAAAyRNwAAAAAMkTcAAAAADJ
E3AAAAAAyRNwAAAAAMkTcAAAAADJE3AAAAAAyRNwAAAAAMkTcAAAAADJE3AAAAAAyRNwAAAAAMkT
cAAAAADJE3AAAAAAyRNwAAAAAMkTcAAAAADJE3AAAAAAyRNwAAAAAMkTcAAAAADJE3AAAAAAyRNw
AAAAAMkTcAAAAADJE3AAAAAAyRNwAAAAAMkTcAAAAADJE3AAAAAAyRNwAAAAAMkTcAAAAADJE3AA
AAAAyRNwAAAAAMkTcAAAAADJE3DAGNTT0xPr16+P5557Ljo7O7MuBwAAYNiqsi4AKK01a9bEihUr
orW1NSIiGhoa4oorrojJkydnXBkAAMDQ5fL5fD7rIoBDb8uWLXHvvffGpk2bir42derUuPrqqzOo
CgBgaFpaWmL58uWxdu3arEvZZ86cObFo0aJobGzMuhQYk8zggFGura0tVq5cGatXr47+8szNmzeX
uCpgtOrq6oqXXnop1q5dGzt27Ij29vZ9H7W1tfs+mpqa4thjj41Zs2ZFVZW3I8DgtLS0xC233BLt
7e1Zl1Jg7dq1sWHDhnjve98r5IAMeEcBo1Q+n49Vq1bFypUro6Oj46CP7enpKVFVwGi1cePGeOKJ
J2LdunXR1dXV52PeCDoi9garL7zwQlRVVcWcOXPipJNOimnTppWyZCBhy5cvL7tw4w3t7e2xfPny
WLJkSdalwJgj4IBRaOPGjXHPPfdEc3Nz1qUAo9yWLVti5cqVsX79+iF9f1dXV6xZsybWrFkTM2fO
jPPOOy8mTZo0wlUCo005LUvpS7nXB6OVgANGkV27dsWKFSvihRdeyLoUYJRrbm6OBx98MNauXdvv
8rfBWr9+fbz88ssxd+7cOOuss6KpqWlEnhcgC1u2bIkpU6ZkXQaMKQIOGAW6u7vjsccei4cffji6
u7uzLgcY5To6OuKee+6JjRs3jvhz5/P5WLNmTbS1tcXixYujpqZmxNsAKIVyXUIDo5mAAxK3du3a
WL58ebS0tGRdCjAGtLS0xE9+8pNDvgTu5ZdfjltvvTUuu+yymDBhwiFtCwAYHSqyLgAYmubm5vjR
j34Ud9xxh3ADKImOjo748Y9/XLL9fbZt2xY//elP33SjZACACAEHJKejoyOWL18eN998c2zYsCHr
coAxIp/Px89//vPYvn17Sdttbm6OO++8c8T2+QAARi9LVCAR+Xw+Vq9eHStXroy2trasywHGmBUr
VsQrr7ySSdvr16+PlStXxjnnnJNJ+wBAGgQckIANGzbEsmXLYtu2bVmXAoxBv/nNb+KJJ57ItIbH
HnssZsyYEdOnT8+0DgCgfAk4oIzt2LEj7r//fmepA5l68MEHsy4h8vl8PPTQQwIOAKBfAg4oQx0d
HfHII4/E448/Hj09PVmXA4xhGzZsKJv9ft6oRcgBAPRFwAFlJJ/PxzPPPBMPPPCAfTaAsrBq1aqs
SyiwatUqAQcA0CcBB5SJjRs3xn333RdbtmzJuhSAiIjo7u6Ol19+OesyCrz88svR3d0dlZWVWZcC
AJQZAQdkrKWlJe6///544YUXsi4FoMCGDRuio6Mj6zIKdHR0xIYNG2LGjBlZlwIAlBkBB2Sks7Nz
3z4b3d3dWZcDUKRcNzheu3atgAMAKCLggBLL5/Px3HPPxQMPPBCtra1ZlwPQr3JdMleudQEA2RJw
QAnl8/m466674vnnn8+6FIA3VW7LU95QrnUBANmqyLoAGEvWrVsn3ACS0d7ennUJfSrXugCAbAk4
oIR27tyZdQkAA1auQUK51gUAZEvAASV05JFHZl0CwIDV1tZmXUKfyrUuACBbAg4ooSOOOCIuuOCC
qKjwXw8ofw0NDVmX0KdyrQsAyJZRFpTY/PnzY+nSpTF9+vSsSwE4qHINEiZMmJB1CQBAGRJwQAaa
mpriyiuvjCVLlkRjY2PW5QD0acqUKVmX0KeJEydmXQIAUIYEHJChOXPmxPXXXx8LFy6MysrKrMsB
KDBjxoysS+jT7Nmzsy4BAChDAg7IWGVlZZxxxhlx/fXXx3HHHZd1OQD7TJs2LWpqarIuo0BNTU1M
nTo16zIAgDIk4IAy0djYGIsXL44rr7wyJk2alHU5AFFZWRlHH3101mUUmDFjRuRyuazLAADKkIAD
ysz06dPjuuuui0WLFpXdnVNg7Dn55JOzLqHAiSeemHUJAECZEnBAGcrlcrFgwYK44YYbYt68ee5W
ApmZPn162ezFMWPGDCdQAQD9EnBAGauvr4+LLroorr766rI9zQAY/c4999ysS4hcLhfnnXde1mUA
AGVMwAEJOOKII+Kaa66Jiy66KOrq6rIuBxhjJk+eHKeddlqmNZx66qlx2GGHZVoDAFDeBByQiFwu
F/PmzYv3ve99sWDBgqio8N8XKJ2zzz47Zs6cmUnbM2fOjLPPPjuTtgGAdBghQWJqampi0aJFsXTp
UmvRgZLJ5XJxySWXlPyUp0mTJsUll1xiLyIA4E0JOCBRTU1NceWVV8aSJUuisbEx63KAMaCmpiaW
LFlSshOeampq4tJLL3WiFAAwIAIOSNycOXPi+uuvj4ULF0ZlZWXW5QCj3KRJk+LGG2+MY4455pC2
M2vWrLjxxhtj4sSJh7QdAGD0EHDAKFBZWRlnnHFG3HDDDXHcccdlXQ4wytXU1MTll19+yDYePfXU
U83cAJJXW1ubdQkw5lRlXQAwcsaPHx+LFy+OBQsWxD333BPNzc1ZlwSMUrlcLs4555yYPXt2PPzw
w7F+/fphP+fMmTPjjDPOiGnTpo1AhQDZmjJlStYlwJgj4IBRaNq0aXHdddfFqlWrYuXKldHR0ZF1
ScAoNW3atHjHO94RGzdujGeeeSbWrVsXra2tA/7+hoaGmDVrVsybN0+wAQzYnDlzYu3atVmX0a85
c+ZkXQKMSQIOGKVyuVycdNJJMXfu3Fi5cmWsXr068vl8n4915CwwXNOmTdsXUGzdujVeeeWVaG5u
jp07d+77mDBhwr6PSZMmxdFHH+0OJzAkixYtildffbUsb+K8ceIdUHq5fH8jHmBU2bJlS9x7772x
adOmoq9NnTo1rr766gyqAgAYmpaWlli+fHlZzeSYM2dOLFq0yAl3kBEBB4wxa9asiRUrVuybQl5d
XR1Lliw55CciAAAcKlu2bIn29vbM2q+trTUjDcqAgAPGoM7Oznjqqaeip6cnTjjhhGhoaMi6JAAA
gGERcAAAAADJs7MgAAAAkDwBBwAAAJA8AQcAAACQPAEHAAAAkDwBBwAAAJA8AQcAAACQPAEHAAAA
kDwBBwAAAJA8AQcAAACQPAEHAAAAkDwBBwAAAJA8AQcAAACQPAEHAAAAkDwBBwAAAJA8AQcAAACQ
PAEHAAAAkDwBBwAAAJA8AQcAAACQPAEHAAAAkDwBBwAAAJA8AQcAAACQPAEHAAAAkDwBBwAAAJA8
AQcAAACQPAEHAAAAkDwBBwAAAJA8AQcAAACQPAEHAAAAkDwBBwAAAJA8AQcAAACQPAEHAAAAkDwB
BwAAAJA8AQcAAACQPAEHAAAAkDwBBwAAAJA8AQcAWx2vFwAAADRJREFUAACQPAEHAAAAkDwBBwAA
AJA8AQcAAACQPAEHAAAAkDwBBwAAAJA8AQcAAACQvP8PqUcO5cf600wAAAAASUVORK5CYII=
" width="800px"&gt;</msg>
<status status="PASS" starttime="20221215 19:55:24.699" endtime="20221215 19:55:26.253"/>
</kw>
<msg timestamp="20221215 19:55:26.253" level="INFO">xpath criteria: ///hierarchy/android.widget.FrameLayout/android.widget.LinearLayout/android.widget.FrameLayout/android.widget.LinearLayout/android.widget.FrameLayout/android.support.v4.view.ViewPager/android.widget.FrameLayout/android.widget.Button</msg>
<msg timestamp="20221215 19:55:26.254" level="FAIL">InvalidSelectorException: Message: java.lang.IllegalArgumentException: Unable to compile '///hierarchy/android.widget.FrameLayout/android.widget.LinearLayout/android.widget.FrameLayout/android.widget.LinearLayout/android.widget.FrameLayout/android.support.v4.view.ViewPager/android.widget.FrameLayout/android.widget.Button'. See Cause.
Stacktrace:
io.appium.uiautomator2.common.exceptions.InvalidSelectorException: java.lang.IllegalArgumentException: Unable to compile '///hierarchy/android.widget.FrameLayout/android.widget.LinearLayout/android.widget.FrameLayout/android.widget.LinearLayout/android.widget.FrameLayout/android.support.v4.view.ViewPager/android.widget.FrameLayout/android.widget.Button'. See Cause.
	at io.appium.uiautomator2.core.AccessibilityNodeInfoDumper.findNodes(AccessibilityNodeInfoDumper.java:193)
	at io.appium.uiautomator2.utils.ElementLocationHelpers.getXPathNodeMatch(ElementLocationHelpers.java:113)
	at io.appium.uiautomator2.handler.FindElements.findElements(FindElements.java:111)
	at io.appium.uiautomator2.handler.FindElements.safeHandle(FindElements.java:82)
	at io.appium.uiautomator2.handler.request.SafeRequestHandler.handle(SafeRequestHandler.java:41)
	at io.appium.uiautomator2.server.AppiumServlet.handleRequest(AppiumServlet.java:261)
	at io.appium.uiautomator2.server.AppiumServlet.handleHttpRequest(AppiumServlet.java:255)
	at io.appium.uiautomator2.http.ServerHandler.channelRead(ServerHandler.java:68)
	at io.netty.channel.AbstractChannelHandlerContext.invokeChannelRead(AbstractChannelHandlerContext.java:366)
	at io.netty.channel.AbstractChannelHandlerContext.invokeChannelRead(AbstractChannelHandlerContext.java:352)
	at io.netty.channel.AbstractChannelHandlerContext.fireChannelRead(AbstractChannelHandlerContext.java:345)
	at io.netty.handler.codec.MessageToMessageDecoder.channelRead(MessageToMessageDecoder.java:102)
	at io.netty.channel.AbstractChannelHandlerContext.invokeChannelRead(AbstractChannelHandlerContext.java:366)
	at io.netty.channel.AbstractChannelHandlerContext.invokeChannelRead(AbstractChannelHandlerContext.java:352)
	at io.netty.channel.AbstractChannelHandlerContext.fireChannelRead(AbstractChannelHandlerContext.java:345)
	at io.netty.channel.CombinedChannelDuplexHandler$DelegatingChannelHandlerContext.fireChannelRead(CombinedChannelDuplexHandler.java:435)
	at io.netty.handler.codec.ByteToMessageDecoder.fireChannelRead(ByteToMessageDecoder.java:293)
	at io.netty.handler.codec.ByteToMessageDecoder.channelRead(ByteToMessageDecoder.java:267)
	at io.netty.channel.CombinedChannelDuplexHandler.channelRead(CombinedChannelDuplexHandler.java:250)
	at io.netty.channel.AbstractChannelHandlerContext.invokeChannelRead(AbstractChannelHandlerContext.java:366)
	at io.netty.channel.AbstractChannelHandlerContext.invokeChannelRead(AbstractChannelHandlerContext.java:352)
	at io.netty.channel.AbstractChannelHandlerContext.fireChannelRead(AbstractChannelHandlerContext.java:345)
	at io.netty.handler.timeout.IdleStateHandler.channelRead(IdleStateHandler.java:266)
	at io.netty.channel.AbstractChannelHandlerContext.invokeChannelRead(AbstractChannelHandlerContext.java:366)
	at io.netty.channel.AbstractChannelHandlerContext.invokeChannelRead(AbstractChannelHandlerContext.java:352)
	at io.netty.channel.AbstractChannelHandlerContext.fireChannelRead(AbstractChannelHandlerContext.java:345)
	at io.netty.channel.DefaultChannelPipeline$HeadContext.channelRead(DefaultChannelPipeline.java:1294)
	at io.netty.channel.AbstractChannelHandlerContext.invokeChannelRead(AbstractChannelHandlerContext.java:366)
	at io.netty.channel.AbstractChannelHandlerContext.invokeChannelRead(AbstractChannelHandlerContext.java:352)
	at io.netty.channel.DefaultChannelPipeline.fireChannelRead(DefaultChannelPipeline.java:911)
	at io.netty.channel.nio.AbstractNioByteChannel$NioByteUnsafe.read(AbstractNioByteChannel.java:131)
	at io.netty.channel.nio.NioEventLoop.processSelectedKey(NioEventLoop.java:611)
	at io.netty.channel.nio.NioEventLoop.processSelectedKeysOptimized(NioEventLoop.java:552)
	at io.netty.channel.nio.NioEventLoop.processSelectedKeys(NioEventLoop.java:466)
	at io.netty.channel.nio.NioEventLoop.run(NioEventLoop.java:438)
	at io.netty.util.concurrent.SingleThreadEventExecutor$2.run(SingleThreadEventExecutor.java:140)
	at io.netty.util.concurrent.DefaultThreadFactory$DefaultRunnableDecorator.run(DefaultThreadFactory.java:144)
	at java.lang.Thread.run(Thread.java:764)
Caused by: java.lang.IllegalArgumentException: Unable to compile '///hierarchy/android.widget.FrameLayout/android.widget.LinearLayout/android.widget.FrameLayout/android.widget.LinearLayout/android.widget.FrameLayout/android.support.v4.view.ViewPager/android.widget.FrameLayout/android.widget.Button'. See Cause.
	at org.jdom2.xpath.jaxen.JaxenCompiled.&lt;init&gt;(JaxenCompiled.java:152)
	at org.jdom2.xpath.jaxen.JaxenXPathFactory.compile(JaxenXPathFactory.java:82)
	at org.jdom2.xpath.XPathFactory.compile(XPathFactory.java:282)
	at io.appium.uiautomator2.core.AccessibilityNodeInfoDumper.findNodes(AccessibilityNodeInfoDumper.java:191)
	... 37 more
Caused by: org.jaxen.XPathSyntaxException: Location path cannot end with //
	at org.jaxen.BaseXPath.&lt;init&gt;(BaseXPath.java:121)
	at org.jaxen.BaseXPath.&lt;init&gt;(BaseXPath.java:142)
	at org.jdom2.xpath.jaxen.JaxenCompiled.&lt;init&gt;(JaxenCompiled.java:150)
	... 40 more
Caused by: class org.jaxen.saxpath.XPathSyntaxException: ///hierarchy/android.widget.FrameLayout/android.widget.LinearLayout/android.widget.FrameLayout/android.widget.LinearLayout/android.widget.FrameLayout/android.support.v4.view.ViewPager/android.widget.FrameLayout/android.widget.Button: 2: Location path cannot end with //
	at org.jaxen.saxpath.base.XPathReader.createSyntaxException(XPathReader.java:1085)
	at org.jaxen.saxpath.base.XPathReader.absoluteLocationPath(XPathReader.java:394)
	at org.jaxen.saxpath.base.XPathReader.locationPath(XPathReader.java:326)
	at org.jaxen.saxpath.base.XPathReader.pathExpr(XPathReader.java:185)
	at org.jaxen.saxpath.base.XPathReader.unionExpr(XPathReader.java:1007)
	at org.jaxen.saxpath.base.XPathReader.unaryExpr(XPathReader.java:995)
	at org.jaxen.saxpath.base.XPathReader.multiplicativeExpr(XPathReader.java:943)
	at org.jaxen.saxpath.base.XPathReader.additiveExpr(XPathReader.java:913)
	at org.jaxen.saxpath.base.XPathReader.relationalExpr(XPathReader.java:860)
	at org.jaxen.saxpath.base.XPathReader.equalityExpr(XPathReader.java:829)
	at org.jaxen.saxpath.base.XPathReader.andExpr(XPathReader.java:809)
	at org.jaxen.saxpath.base.XPathReader.orExpr(XPathReader.java:787)
	at org.jaxen.saxpath.base.XPathReader.expr(XPathReader.java:780)
	at org.jaxen.saxpath.base.XPathReader.parse(XPathReader.java:100)
	at org.jaxen.BaseXPath.&lt;init&gt;(BaseXPath.java:116)
	... 42 more
</msg>
<status status="FAIL" starttime="20221215 19:55:24.410" endtime="20221215 19:55:26.912"/>
</kw>
<status status="FAIL" starttime="20221215 19:55:24.409" endtime="20221215 19:55:26.913"/>
</kw>
<kw name="Click continue">
<status status="NOT RUN" starttime="20221215 19:55:26.921" endtime="20221215 19:55:26.921"/>
</kw>
<kw name="Click ok,got it">
<status status="NOT RUN" starttime="20221215 19:55:26.923" endtime="20221215 19:55:26.924"/>
</kw>
<kw name="Click search field">
<status status="NOT RUN" starttime="20221215 19:55:26.924" endtime="20221215 19:55:26.924"/>
</kw>
<kw name="Input Google.com">
<status status="NOT RUN" starttime="20221215 19:55:26.925" endtime="20221215 19:55:26.925"/>
</kw>
<kw name="Go To Google.com">
<status status="NOT RUN" starttime="20221215 19:55:26.926" endtime="20221215 19:55:26.926"/>
</kw>
<status status="FAIL" starttime="20221215 19:55:07.909" endtime="20221215 19:55:26.927">InvalidSelectorException: Message: java.lang.IllegalArgumentException: Unable to compile '///hierarchy/android.widget.FrameLayout/android.widget.LinearLayout/android.widget.FrameLayout/android.widget.LinearLayout/android.widget.FrameLayout/android.support.v4.view.ViewPager/android.widget.FrameLayout/android.widget.Button'. See Cause.
Stacktrace:
io.appium.uiautomator2.common.exceptions.InvalidSelectorException: java.lang.IllegalArgumentException: Unable to compile '///hierarchy/android.widget.FrameLayout/android.widget.LinearLayout/android.widget.FrameLayout/android.widget.LinearLayout/android.widget.FrameLayout/android.support.v4.view.ViewPager/android.widget.FrameLayout/android.widget.Button'. See Cause.
	at io.appium.uiautomator2.core.AccessibilityNodeInfoDumper.findNodes(AccessibilityNodeInfoDumper.java:193)
	at io.appium.uiautomator2.utils.ElementLocationHelpers.getXPathNodeMatch(ElementLocationHelpers.java:113)
	at io.appium.uiautomator2.handler.FindElements.findElements(FindElements.java:111)
	at io.appium.uiautomator2.handler.FindElements.safeHandle(FindElements.java:82)
	at io.appium.uiautomator2.handler.request.SafeRequestHandler.handle(SafeRe...
    [ Message content over the limit has been removed. ]
...dget.FrameLayout/android.widget.Button: 2: Location path cannot end with //
	at org.jaxen.saxpath.base.XPathReader.createSyntaxException(XPathReader.java:1085)
	at org.jaxen.saxpath.base.XPathReader.absoluteLocationPath(XPathReader.java:394)
	at org.jaxen.saxpath.base.XPathReader.locationPath(XPathReader.java:326)
	at org.jaxen.saxpath.base.XPathReader.pathExpr(XPathReader.java:185)
	at org.jaxen.saxpath.base.XPathReader.unionExpr(XPathReader.java:1007)
	at org.jaxen.saxpath.base.XPathReader.unaryExpr(XPathReader.java:995)
	at org.jaxen.saxpath.base.XPathReader.multiplicativeExpr(XPathReader.java:943)
	at org.jaxen.saxpath.base.XPathReader.additiveExpr(XPathReader.java:913)
	at org.jaxen.saxpath.base.XPathReader.relationalExpr(XPathReader.java:860)
	at org.jaxen.saxpath.base.XPathReader.equalityExpr(XPathReader.java:829)
	at org.jaxen.saxpath.base.XPathReader.andExpr(XPathReader.java:809)
	at org.jaxen.saxpath.base.XPathReader.orExpr(XPathReader.java:787)
	at org.jaxen.saxpath.base.XPathReader.expr(XPathReader.java:780)
	at org.jaxen.saxpath.base.XPathReader.parse(XPathReader.java:100)
	at org.jaxen.BaseXPath.&lt;init&gt;(BaseXPath.java:116)
	... 42 more</status>
</test>
<status status="FAIL" starttime="20221215 19:55:07.545" endtime="20221215 19:55:26.960"/>
</suite>
<statistics>
<total>
<stat pass="0" fail="1" skip="0">All Tests</stat>
</total>
<tag>
</tag>
<suite>
<stat pass="0" fail="1" skip="0" id="s1" name="Registermb">Registermb</stat>
</suite>
</statistics>
<errors>
</errors>
</robot>
